{"/Users/tkstart/Desktop/development/remix/invoice-web/adapters/cloudflare/app.ts": {"path":"/Users/tkstart/Desktop/development/remix/invoice-web/adapters/cloudflare/app.ts","statementMap":{"0":{"start":{"line":5,"column":6},"end":{"line":8,"column":null}},"1":{"start":{"line":6,"column":7},"end":{"line":6,"column":null}},"2":{"start":{"line":16,"column":8},"end":{"line":16,"column":null}},"3":{"start":{"line":19,"column":13},"end":{"line":19,"column":null}},"4":{"start":{"line":22,"column":8},"end":{"line":22,"column":null}},"5":{"start":{"line":24,"column":2},"end":{"line":29,"column":null}}},"fnMap":{"0":{"name":"(anonymous_0)","decl":{"start":{"line":6,"column":1},"end":{"line":6,"column":7}},"loc":{"start":{"line":6,"column":7},"end":{"line":6,"column":null}},"line":6},"1":{"name":"(anonymous_1)","decl":{"start":{"line":14,"column":7},"end":{"line":14,"column":13}},"loc":{"start":{"line":14,"column":42},"end":{"line":30,"column":null}},"line":14}},"branchMap":{},"s":{"0":0,"1":0,"2":0,"3":0,"4":0,"5":0},"f":{"0":0,"1":0},"b":{},"meta":{"lastBranch":0,"lastFunction":2,"lastStatement":6,"seen":{"s:5:6:8:Infinity":0,"f:6:1:6:7":0,"s:6:7:6:Infinity":1,"f:14:7:14:13":1,"s:16:8:16:Infinity":2,"s:19:13:19:Infinity":3,"s:22:8:22:Infinity":4,"s:24:2:29:Infinity":5}}}
,"/Users/tkstart/Desktop/development/remix/invoice-web/adapters/cloudflare/env.adapter.ts": {"path":"/Users/tkstart/Desktop/development/remix/invoice-web/adapters/cloudflare/env.adapter.ts","statementMap":{"0":{"start":{"line":13,"column":36},"end":{"line":19,"column":null}},"1":{"start":{"line":17,"column":16},"end":{"line":17,"column":null}},"2":{"start":{"line":18,"column":1},"end":{"line":18,"column":null}}},"fnMap":{"0":{"name":"(anonymous_0)","decl":{"start":{"line":13,"column":36},"end":{"line":13,"column":37}},"loc":{"start":{"line":13,"column":68},"end":{"line":19,"column":null}},"line":13}},"branchMap":{},"s":{"0":0,"1":0,"2":0},"f":{"0":0},"b":{},"meta":{"lastBranch":0,"lastFunction":1,"lastStatement":3,"seen":{"s:13:36:19:Infinity":0,"f:13:36:13:37":0,"s:17:16:17:Infinity":1,"s:18:1:18:Infinity":2}}}
,"/Users/tkstart/Desktop/development/remix/invoice-web/adapters/shared/context.ts": {"path":"/Users/tkstart/Desktop/development/remix/invoice-web/adapters/shared/context.ts","statementMap":{},"fnMap":{},"branchMap":{},"s":{},"f":{},"b":{},"meta":{"lastBranch":0,"lastFunction":0,"lastStatement":0,"seen":{}}}
,"/Users/tkstart/Desktop/development/remix/invoice-web/adapters/shared/env.ts": {"path":"/Users/tkstart/Desktop/development/remix/invoice-web/adapters/shared/env.ts","statementMap":{"0":{"start":{"line":16,"column":25},"end":{"line":27,"column":null}},"1":{"start":{"line":33,"column":24},"end":{"line":33,"column":null}},"2":{"start":{"line":43,"column":36},"end":{"line":58,"column":null}},"3":{"start":{"line":46,"column":1},"end":{"line":48,"column":null}},"4":{"start":{"line":47,"column":2},"end":{"line":47,"column":null}},"5":{"start":{"line":50,"column":40},"end":{"line":50,"column":null}},"6":{"start":{"line":51,"column":1},"end":{"line":56,"column":null}},"7":{"start":{"line":52,"column":16},"end":{"line":52,"column":null}},"8":{"start":{"line":53,"column":2},"end":{"line":55,"column":null}},"9":{"start":{"line":54,"column":3},"end":{"line":54,"column":null}},"10":{"start":{"line":57,"column":1},"end":{"line":57,"column":null}},"11":{"start":{"line":69,"column":24},"end":{"line":72,"column":null}},"12":{"start":{"line":70,"column":20},"end":{"line":70,"column":null}},"13":{"start":{"line":71,"column":1},"end":{"line":71,"column":null}}},"fnMap":{"0":{"name":"(anonymous_0)","decl":{"start":{"line":43,"column":36},"end":{"line":43,"column":null}},"loc":{"start":{"line":45,"column":22},"end":{"line":58,"column":null}},"line":45},"1":{"name":"(anonymous_1)","decl":{"start":{"line":69,"column":24},"end":{"line":69,"column":25}},"loc":{"start":{"line":69,"column":69},"end":{"line":72,"column":null}},"line":69}},"branchMap":{"0":{"loc":{"start":{"line":46,"column":1},"end":{"line":48,"column":null}},"type":"if","locations":[{"start":{"line":46,"column":1},"end":{"line":48,"column":null}},{"start":{},"end":{}}],"line":46},"1":{"loc":{"start":{"line":53,"column":2},"end":{"line":55,"column":null}},"type":"if","locations":[{"start":{"line":53,"column":2},"end":{"line":55,"column":null}},{"start":{},"end":{}}],"line":53}},"s":{"0":0,"1":0,"2":0,"3":0,"4":0,"5":0,"6":0,"7":0,"8":0,"9":0,"10":0,"11":0,"12":0,"13":0},"f":{"0":0,"1":0},"b":{"0":[0,0],"1":[0,0]},"meta":{"lastBranch":2,"lastFunction":2,"lastStatement":14,"seen":{"s:16:25:27:Infinity":0,"s:33:24:33:Infinity":1,"s:43:36:58:Infinity":2,"f:43:36:43:Infinity":0,"b:46:1:48:Infinity:undefined:undefined:undefined:undefined":0,"s:46:1:48:Infinity":3,"s:47:2:47:Infinity":4,"s:50:40:50:Infinity":5,"s:51:1:56:Infinity":6,"s:52:16:52:Infinity":7,"b:53:2:55:Infinity:undefined:undefined:undefined:undefined":1,"s:53:2:55:Infinity":8,"s:54:3:54:Infinity":9,"s:57:1:57:Infinity":10,"s:69:24:72:Infinity":11,"f:69:24:69:25":1,"s:70:20:70:Infinity":12,"s:71:1:71:Infinity":13}}}
,"/Users/tkstart/Desktop/development/remix/invoice-web/app/application/invoice/errors.ts": {"path":"/Users/tkstart/Desktop/development/remix/invoice-web/app/application/invoice/errors.ts","statementMap":{"0":{"start":{"line":12,"column":2},"end":{"line":12,"column":null}},"1":{"start":{"line":13,"column":2},"end":{"line":13,"column":null}},"2":{"start":{"line":25,"column":2},"end":{"line":25,"column":null}},"3":{"start":{"line":23,"column":18},"end":{"line":23,"column":null}},"4":{"start":{"line":26,"column":2},"end":{"line":26,"column":null}},"5":{"start":{"line":38,"column":2},"end":{"line":38,"column":null}},"6":{"start":{"line":36,"column":18},"end":{"line":36,"column":null}},"7":{"start":{"line":39,"column":2},"end":{"line":39,"column":null}},"8":{"start":{"line":48,"column":2},"end":{"line":48,"column":null}},"9":{"start":{"line":49,"column":2},"end":{"line":49,"column":null}}},"fnMap":{"0":{"name":"(anonymous_0)","decl":{"start":{"line":11,"column":1},"end":{"line":11,"column":13}},"loc":{"start":{"line":11,"column":32},"end":{"line":14,"column":null}},"line":11},"1":{"name":"(anonymous_1)","decl":{"start":{"line":21,"column":1},"end":{"line":21,"column":null}},"loc":{"start":{"line":24,"column":3},"end":{"line":27,"column":null}},"line":24},"2":{"name":"(anonymous_2)","decl":{"start":{"line":34,"column":1},"end":{"line":34,"column":null}},"loc":{"start":{"line":37,"column":3},"end":{"line":40,"column":null}},"line":37},"3":{"name":"(anonymous_3)","decl":{"start":{"line":47,"column":1},"end":{"line":47,"column":15}},"loc":{"start":{"line":47,"column":15},"end":{"line":50,"column":null}},"line":47}},"branchMap":{},"s":{"0":2,"1":2,"2":0,"3":0,"4":0,"5":0,"6":0,"7":0,"8":0,"9":0},"f":{"0":2,"1":0,"2":0,"3":0},"b":{},"meta":{"lastBranch":0,"lastFunction":4,"lastStatement":10,"seen":{"f:11:1:11:13":0,"s:12:2:12:Infinity":0,"s:13:2:13:Infinity":1,"f:21:1:21:Infinity":1,"s:25:2:25:Infinity":2,"s:23:18:23:Infinity":3,"s:26:2:26:Infinity":4,"f:34:1:34:Infinity":2,"s:38:2:38:Infinity":5,"s:36:18:36:Infinity":6,"s:39:2:39:Infinity":7,"f:47:1:47:15":3,"s:48:2:48:Infinity":8,"s:49:2:49:Infinity":9}}}
,"/Users/tkstart/Desktop/development/remix/invoice-web/app/application/invoice/invoice.port.ts": {"path":"/Users/tkstart/Desktop/development/remix/invoice-web/app/application/invoice/invoice.port.ts","statementMap":{},"fnMap":{},"branchMap":{},"s":{},"f":{},"b":{},"meta":{"lastBranch":0,"lastFunction":0,"lastStatement":0,"seen":{}}}
,"/Users/tkstart/Desktop/development/remix/invoice-web/app/application/invoice/invoice.service.ts": {"path":"/Users/tkstart/Desktop/development/remix/invoice-web/app/application/invoice/invoice.service.ts","statementMap":{"0":{"start":{"line":42,"column":36},"end":{"line":92,"column":null}},"1":{"start":{"line":45,"column":1},"end":{"line":91,"column":null}},"2":{"start":{"line":52,"column":3},"end":{"line":52,"column":null}},"3":{"start":{"line":66,"column":3},"end":{"line":89,"column":null}},"4":{"start":{"line":68,"column":31},"end":{"line":71,"column":null}},"5":{"start":{"line":73,"column":4},"end":{"line":75,"column":null}},"6":{"start":{"line":74,"column":5},"end":{"line":74,"column":null}},"7":{"start":{"line":77,"column":4},"end":{"line":77,"column":null}},"8":{"start":{"line":80,"column":4},"end":{"line":82,"column":null}},"9":{"start":{"line":81,"column":5},"end":{"line":81,"column":null}},"10":{"start":{"line":84,"column":4},"end":{"line":88,"column":null}}},"fnMap":{"0":{"name":"(anonymous_0)","decl":{"start":{"line":42,"column":36},"end":{"line":42,"column":null}},"loc":{"start":{"line":44,"column":21},"end":{"line":92,"column":null}},"line":44},"1":{"name":"(anonymous_1)","decl":{"start":{"line":51,"column":18},"end":{"line":51,"column":30}},"loc":{"start":{"line":51,"column":30},"end":{"line":53,"column":null}},"line":51},"2":{"name":"(anonymous_2)","decl":{"start":{"line":65,"column":20},"end":{"line":65,"column":27}},"loc":{"start":{"line":65,"column":49},"end":{"line":90,"column":null}},"line":65}},"branchMap":{"0":{"loc":{"start":{"line":73,"column":4},"end":{"line":75,"column":null}},"type":"if","locations":[{"start":{"line":73,"column":4},"end":{"line":75,"column":null}},{"start":{},"end":{}}],"line":73},"1":{"loc":{"start":{"line":80,"column":4},"end":{"line":82,"column":null}},"type":"if","locations":[{"start":{"line":80,"column":4},"end":{"line":82,"column":null}},{"start":{},"end":{}}],"line":80},"2":{"loc":{"start":{"line":86,"column":6},"end":{"line":86,"column":null}},"type":"cond-expr","locations":[{"start":{"line":86,"column":31},"end":{"line":86,"column":47}},{"start":{"line":86,"column":47},"end":{"line":86,"column":null}}],"line":86}},"s":{"0":0,"1":0,"2":0,"3":0,"4":0,"5":0,"6":0,"7":0,"8":0,"9":0,"10":0},"f":{"0":0,"1":0,"2":0},"b":{"0":[0,0],"1":[0,0],"2":[0,0]},"meta":{"lastBranch":3,"lastFunction":3,"lastStatement":11,"seen":{"s:42:36:92:Infinity":0,"f:42:36:42:Infinity":0,"s:45:1:91:Infinity":1,"f:51:18:51:30":1,"s:52:3:52:Infinity":2,"f:65:20:65:27":2,"s:66:3:89:Infinity":3,"s:68:31:71:Infinity":4,"b:73:4:75:Infinity:undefined:undefined:undefined:undefined":0,"s:73:4:75:Infinity":5,"s:74:5:74:Infinity":6,"s:77:4:77:Infinity":7,"b:80:4:82:Infinity:undefined:undefined:undefined:undefined":1,"s:80:4:82:Infinity":8,"s:81:5:81:Infinity":9,"s:84:4:88:Infinity":10,"b:86:31:86:47:86:47:86:Infinity":2}}}
,"/Users/tkstart/Desktop/development/remix/invoice-web/app/application/shared/cache.port.ts": {"path":"/Users/tkstart/Desktop/development/remix/invoice-web/app/application/shared/cache.port.ts","statementMap":{},"fnMap":{},"branchMap":{},"s":{},"f":{},"b":{},"meta":{"lastBranch":0,"lastFunction":0,"lastStatement":0,"seen":{}}}
,"/Users/tkstart/Desktop/development/remix/invoice-web/app/application/shared/circuit-breaker.port.ts": {"path":"/Users/tkstart/Desktop/development/remix/invoice-web/app/application/shared/circuit-breaker.port.ts","statementMap":{},"fnMap":{},"branchMap":{},"s":{},"f":{},"b":{},"meta":{"lastBranch":0,"lastFunction":0,"lastStatement":0,"seen":{}}}
,"/Users/tkstart/Desktop/development/remix/invoice-web/app/application/shared/container.types.ts": {"path":"/Users/tkstart/Desktop/development/remix/invoice-web/app/application/shared/container.types.ts","statementMap":{},"fnMap":{},"branchMap":{},"s":{},"f":{},"b":{},"meta":{"lastBranch":0,"lastFunction":0,"lastStatement":0,"seen":{}}}
,"/Users/tkstart/Desktop/development/remix/invoice-web/app/application/shared/rate-limiter.port.ts": {"path":"/Users/tkstart/Desktop/development/remix/invoice-web/app/application/shared/rate-limiter.port.ts","statementMap":{},"fnMap":{},"branchMap":{},"s":{},"f":{},"b":{},"meta":{"lastBranch":0,"lastFunction":0,"lastStatement":0,"seen":{}}}
,"/Users/tkstart/Desktop/development/remix/invoice-web/app/domain/company/company.schemas.ts": {"path":"/Users/tkstart/Desktop/development/remix/invoice-web/app/domain/company/company.schemas.ts","statementMap":{"0":{"start":{"line":15,"column":33},"end":{"line":22,"column":null}}},"fnMap":{},"branchMap":{},"s":{"0":0},"f":{},"b":{},"meta":{"lastBranch":0,"lastFunction":0,"lastStatement":1,"seen":{"s:15:33:22:Infinity":0}}}
,"/Users/tkstart/Desktop/development/remix/invoice-web/app/domain/company/company.types.ts": {"path":"/Users/tkstart/Desktop/development/remix/invoice-web/app/domain/company/company.types.ts","statementMap":{},"fnMap":{},"branchMap":{},"s":{},"f":{},"b":{},"meta":{"lastBranch":0,"lastFunction":0,"lastStatement":0,"seen":{}}}
,"/Users/tkstart/Desktop/development/remix/invoice-web/app/domain/invoice/invoice.schemas.ts": {"path":"/Users/tkstart/Desktop/development/remix/invoice-web/app/domain/invoice/invoice.schemas.ts","statementMap":{"0":{"start":{"line":15,"column":35},"end":{"line":15,"column":null}},"1":{"start":{"line":22,"column":37},"end":{"line":30,"column":null}},"2":{"start":{"line":42,"column":29},"end":{"line":59,"column":null}},"3":{"start":{"line":66,"column":42},"end":{"line":68,"column":null}}},"fnMap":{},"branchMap":{},"s":{"0":0,"1":0,"2":0,"3":0},"f":{},"b":{},"meta":{"lastBranch":0,"lastFunction":0,"lastStatement":4,"seen":{"s:15:35:15:Infinity":0,"s:22:37:30:Infinity":1,"s:42:29:59:Infinity":2,"s:66:42:68:Infinity":3}}}
,"/Users/tkstart/Desktop/development/remix/invoice-web/app/domain/invoice/invoice.types.ts": {"path":"/Users/tkstart/Desktop/development/remix/invoice-web/app/domain/invoice/invoice.types.ts","statementMap":{"0":{"start":{"line":10,"column":29},"end":{"line":15,"column":null}}},"fnMap":{},"branchMap":{},"s":{"0":0},"f":{},"b":{},"meta":{"lastBranch":0,"lastFunction":0,"lastStatement":1,"seen":{"s:10:29:15:Infinity":0}}}
,"/Users/tkstart/Desktop/development/remix/invoice-web/app/domain/shared/common.schemas.ts": {"path":"/Users/tkstart/Desktop/development/remix/invoice-web/app/domain/shared/common.schemas.ts","statementMap":{"0":{"start":{"line":8,"column":32},"end":{"line":12,"column":null}}},"fnMap":{},"branchMap":{},"s":{"0":0},"f":{},"b":{},"meta":{"lastBranch":0,"lastFunction":0,"lastStatement":1,"seen":{"s:8:32:12:Infinity":0}}}
,"/Users/tkstart/Desktop/development/remix/invoice-web/app/domain/shared/common.types.ts": {"path":"/Users/tkstart/Desktop/development/remix/invoice-web/app/domain/shared/common.types.ts","statementMap":{},"fnMap":{},"branchMap":{},"s":{},"f":{},"b":{},"meta":{"lastBranch":0,"lastFunction":0,"lastStatement":0,"seen":{}}}
,"/Users/tkstart/Desktop/development/remix/invoice-web/app/presentation/components/not-found.tsx": {"path":"/Users/tkstart/Desktop/development/remix/invoice-web/app/presentation/components/not-found.tsx","statementMap":{"0":{"start":{"line":26,"column":1},"end":{"line":47,"column":null}}},"fnMap":{"0":{"name":"NotFound","decl":{"start":{"line":25,"column":16},"end":{"line":25,"column":27}},"loc":{"start":{"line":25,"column":27},"end":{"line":49,"column":null}},"line":25}},"branchMap":{},"s":{"0":0},"f":{"0":0},"b":{},"meta":{"lastBranch":0,"lastFunction":1,"lastStatement":1,"seen":{"f:25:16:25:27":0,"s:26:1:47:Infinity":0}}}
,"/Users/tkstart/Desktop/development/remix/invoice-web/app/presentation/components/error/error-state.tsx": {"path":"/Users/tkstart/Desktop/development/remix/invoice-web/app/presentation/components/error/error-state.tsx","statementMap":{"0":{"start":{"line":27,"column":28},"end":{"line":29,"column":null}},"1":{"start":{"line":28,"column":1},"end":{"line":28,"column":null}},"2":{"start":{"line":36,"column":33},"end":{"line":44,"column":null}},"3":{"start":{"line":40,"column":1},"end":{"line":42,"column":null}},"4":{"start":{"line":41,"column":2},"end":{"line":41,"column":null}},"5":{"start":{"line":43,"column":1},"end":{"line":43,"column":null}},"6":{"start":{"line":55,"column":14},"end":{"line":55,"column":null}},"7":{"start":{"line":56,"column":20},"end":{"line":56,"column":null}},"8":{"start":{"line":58,"column":26},"end":{"line":58,"column":null}},"9":{"start":{"line":59,"column":31},"end":{"line":62,"column":null}},"10":{"start":{"line":64,"column":1},"end":{"line":94,"column":null}}},"fnMap":{"0":{"name":"(anonymous_0)","decl":{"start":{"line":27,"column":28},"end":{"line":27,"column":29}},"loc":{"start":{"line":27,"column":62},"end":{"line":29,"column":null}},"line":27},"1":{"name":"(anonymous_1)","decl":{"start":{"line":36,"column":33},"end":{"line":36,"column":null}},"loc":{"start":{"line":39,"column":13},"end":{"line":44,"column":null}},"line":39},"2":{"name":"ErrorState","decl":{"start":{"line":46,"column":24},"end":{"line":46,"column":35}},"loc":{"start":{"line":54,"column":20},"end":{"line":96,"column":null}},"line":54}},"branchMap":{"0":{"loc":{"start":{"line":28,"column":8},"end":{"line":28,"column":null}},"type":"binary-expr","locations":[{"start":{"line":28,"column":8},"end":{"line":28,"column":23}},{"start":{"line":28,"column":23},"end":{"line":28,"column":null}}],"line":28},"1":{"loc":{"start":{"line":40,"column":1},"end":{"line":42,"column":null}},"type":"if","locations":[{"start":{"line":40,"column":1},"end":{"line":42,"column":null}},{"start":{},"end":{}}],"line":40},"2":{"loc":{"start":{"line":43,"column":8},"end":{"line":43,"column":null}},"type":"binary-expr","locations":[{"start":{"line":43,"column":8},"end":{"line":43,"column":23}},{"start":{"line":43,"column":23},"end":{"line":43,"column":null}}],"line":43},"3":{"loc":{"start":{"line":47,"column":1},"end":{"line":47,"column":null}},"type":"default-arg","locations":[{"start":{"line":47,"column":9},"end":{"line":47,"column":null}}],"line":47},"4":{"loc":{"start":{"line":48,"column":1},"end":{"line":48,"column":null}},"type":"default-arg","locations":[{"start":{"line":48,"column":11},"end":{"line":48,"column":null}}],"line":48},"5":{"loc":{"start":{"line":52,"column":1},"end":{"line":52,"column":null}},"type":"default-arg","locations":[{"start":{"line":52,"column":11},"end":{"line":52,"column":null}}],"line":52},"6":{"loc":{"start":{"line":55,"column":14},"end":{"line":55,"column":null}},"type":"cond-expr","locations":[{"start":{"line":55,"column":36},"end":{"line":55,"column":50}},{"start":{"line":55,"column":50},"end":{"line":55,"column":null}}],"line":55},"7":{"loc":{"start":{"line":56,"column":20},"end":{"line":56,"column":null}},"type":"cond-expr","locations":[{"start":{"line":56,"column":42},"end":{"line":56,"column":57}},{"start":{"line":56,"column":57},"end":{"line":56,"column":null}}],"line":56},"8":{"loc":{"start":{"line":80,"column":5},"end":{"line":86,"column":null}},"type":"binary-expr","locations":[{"start":{"line":80,"column":5},"end":{"line":80,"column":null}},{"start":{"line":81,"column":5},"end":{"line":86,"column":null}}],"line":80},"9":{"loc":{"start":{"line":82,"column":15},"end":{"line":82,"column":null}},"type":"cond-expr","locations":[{"start":{"line":82,"column":37},"end":{"line":82,"column":53}},{"start":{"line":82,"column":53},"end":{"line":82,"column":null}}],"line":82},"10":{"loc":{"start":{"line":88,"column":5},"end":{"line":91,"column":null}},"type":"binary-expr","locations":[{"start":{"line":88,"column":5},"end":{"line":88,"column":null}},{"start":{"line":89,"column":5},"end":{"line":91,"column":null}}],"line":88},"11":{"loc":{"start":{"line":89,"column":22},"end":{"line":89,"column":55}},"type":"cond-expr","locations":[{"start":{"line":89,"column":32},"end":{"line":89,"column":44}},{"start":{"line":89,"column":44},"end":{"line":89,"column":55}}],"line":89}},"s":{"0":1,"1":8,"2":1,"3":8,"4":8,"5":0,"6":8,"7":8,"8":8,"9":8,"10":8},"f":{"0":8,"1":8,"2":8},"b":{"0":[8,8],"1":[8,0],"2":[0,0],"3":[8],"4":[8],"5":[8],"6":[8,0],"7":[8,0],"8":[8,8],"9":[8,0],"10":[8,8],"11":[8,0]},"meta":{"lastBranch":12,"lastFunction":3,"lastStatement":11,"seen":{"s:27:28:29:Infinity":0,"f:27:28:27:29":0,"s:28:1:28:Infinity":1,"b:28:8:28:23:28:23:28:Infinity":0,"s:36:33:44:Infinity":2,"f:36:33:36:Infinity":1,"b:40:1:42:Infinity:undefined:undefined:undefined:undefined":1,"s:40:1:42:Infinity":3,"s:41:2:41:Infinity":4,"s:43:1:43:Infinity":5,"b:43:8:43:23:43:23:43:Infinity":2,"f:46:24:46:35":2,"b:47:9:47:Infinity":3,"b:48:11:48:Infinity":4,"b:52:11:52:Infinity":5,"s:55:14:55:Infinity":6,"b:55:36:55:50:55:50:55:Infinity":6,"s:56:20:56:Infinity":7,"b:56:42:56:57:56:57:56:Infinity":7,"s:58:26:58:Infinity":8,"s:59:31:62:Infinity":9,"s:64:1:94:Infinity":10,"b:80:5:80:Infinity:81:5:86:Infinity":8,"b:82:37:82:53:82:53:82:Infinity":9,"b:88:5:88:Infinity:89:5:91:Infinity":10,"b:89:32:89:44:89:44:89:55":11}}}
,"/Users/tkstart/Desktop/development/remix/invoice-web/app/presentation/components/error/not-found-state.tsx": {"path":"/Users/tkstart/Desktop/development/remix/invoice-web/app/presentation/components/error/not-found-state.tsx","statementMap":{"0":{"start":{"line":28,"column":1},"end":{"line":54,"column":null}}},"fnMap":{"0":{"name":"NotFoundState","decl":{"start":{"line":21,"column":24},"end":{"line":21,"column":38}},"loc":{"start":{"line":27,"column":23},"end":{"line":56,"column":null}},"line":27}},"branchMap":{"0":{"loc":{"start":{"line":22,"column":1},"end":{"line":22,"column":null}},"type":"default-arg","locations":[{"start":{"line":22,"column":9},"end":{"line":22,"column":null}}],"line":22},"1":{"loc":{"start":{"line":23,"column":1},"end":{"line":23,"column":null}},"type":"default-arg","locations":[{"start":{"line":23,"column":11},"end":{"line":23,"column":null}}],"line":23},"2":{"loc":{"start":{"line":24,"column":1},"end":{"line":24,"column":null}},"type":"default-arg","locations":[{"start":{"line":24,"column":15},"end":{"line":24,"column":null}}],"line":24},"3":{"loc":{"start":{"line":25,"column":1},"end":{"line":25,"column":null}},"type":"default-arg","locations":[{"start":{"line":25,"column":14},"end":{"line":25,"column":null}}],"line":25}},"s":{"0":2},"f":{"0":2},"b":{"0":[2],"1":[2],"2":[2],"3":[2]},"meta":{"lastBranch":4,"lastFunction":1,"lastStatement":1,"seen":{"f:21:24:21:38":0,"b:22:9:22:Infinity":0,"b:23:11:23:Infinity":1,"b:24:15:24:Infinity":2,"b:25:14:25:Infinity":3,"s:28:1:54:Infinity":0}}}
,"/Users/tkstart/Desktop/development/remix/invoice-web/app/presentation/components/invoice/empty-invoice-list.tsx": {"path":"/Users/tkstart/Desktop/development/remix/invoice-web/app/presentation/components/invoice/empty-invoice-list.tsx","statementMap":{"0":{"start":{"line":16,"column":1},"end":{"line":38,"column":null}}},"fnMap":{"0":{"name":"EmptyInvoiceList","decl":{"start":{"line":15,"column":24},"end":{"line":15,"column":41}},"loc":{"start":{"line":15,"column":79},"end":{"line":40,"column":null}},"line":15}},"branchMap":{},"s":{"0":0},"f":{"0":0},"b":{},"meta":{"lastBranch":0,"lastFunction":1,"lastStatement":1,"seen":{"f:15:24:15:41":0,"s:16:1:38:Infinity":0}}}
,"/Users/tkstart/Desktop/development/remix/invoice-web/app/presentation/components/invoice/invoice-actions.tsx": {"path":"/Users/tkstart/Desktop/development/remix/invoice-web/app/presentation/components/invoice/invoice-actions.tsx","statementMap":{"0":{"start":{"line":25,"column":21},"end":{"line":27,"column":null}},"1":{"start":{"line":26,"column":2},"end":{"line":26,"column":null}},"2":{"start":{"line":29,"column":27},"end":{"line":35,"column":null}},"3":{"start":{"line":30,"column":2},"end":{"line":34,"column":null}},"4":{"start":{"line":31,"column":3},"end":{"line":31,"column":null}},"5":{"start":{"line":33,"column":3},"end":{"line":33,"column":null}},"6":{"start":{"line":37,"column":1},"end":{"line":55,"column":null}}},"fnMap":{"0":{"name":"InvoiceActions","decl":{"start":{"line":21,"column":24},"end":{"line":21,"column":39}},"loc":{"start":{"line":24,"column":24},"end":{"line":57,"column":null}},"line":24},"1":{"name":"(anonymous_1)","decl":{"start":{"line":25,"column":21},"end":{"line":25,"column":27}},"loc":{"start":{"line":25,"column":27},"end":{"line":27,"column":null}},"line":25},"2":{"name":"(anonymous_2)","decl":{"start":{"line":29,"column":27},"end":{"line":29,"column":33}},"loc":{"start":{"line":29,"column":33},"end":{"line":35,"column":null}},"line":29}},"branchMap":{"0":{"loc":{"start":{"line":30,"column":2},"end":{"line":34,"column":null}},"type":"if","locations":[{"start":{"line":30,"column":2},"end":{"line":34,"column":null}},{"start":{"line":32,"column":9},"end":{"line":34,"column":null}}],"line":30}},"s":{"0":15,"1":0,"2":15,"3":0,"4":0,"5":0,"6":15},"f":{"0":15,"1":0,"2":0},"b":{"0":[0,0]},"meta":{"lastBranch":1,"lastFunction":3,"lastStatement":7,"seen":{"f:21:24:21:39":0,"s:25:21:27:Infinity":0,"f:25:21:25:27":1,"s:26:2:26:Infinity":1,"s:29:27:35:Infinity":2,"f:29:27:29:33":2,"b:30:2:34:Infinity:32:9:34:Infinity":0,"s:30:2:34:Infinity":3,"s:31:3:31:Infinity":4,"s:33:3:33:Infinity":5,"s:37:1:55:Infinity":6}}}
,"/Users/tkstart/Desktop/development/remix/invoice-web/app/presentation/components/invoice/invoice-card.tsx": {"path":"/Users/tkstart/Desktop/development/remix/invoice-web/app/presentation/components/invoice/invoice-card.tsx","statementMap":{"0":{"start":{"line":26,"column":7},"end":{"line":26,"column":null}},"1":{"start":{"line":28,"column":1},"end":{"line":53,"column":null}}},"fnMap":{"0":{"name":"InvoiceCard","decl":{"start":{"line":25,"column":24},"end":{"line":25,"column":36}},"loc":{"start":{"line":25,"column":78},"end":{"line":55,"column":null}},"line":25}},"branchMap":{},"s":{"0":0,"1":0},"f":{"0":0},"b":{},"meta":{"lastBranch":0,"lastFunction":1,"lastStatement":2,"seen":{"f:25:24:25:36":0,"s:26:7:26:Infinity":0,"s:28:1:53:Infinity":1}}}
,"/Users/tkstart/Desktop/development/remix/invoice-web/app/presentation/components/invoice/invoice-detail-skeleton.tsx": {"path":"/Users/tkstart/Desktop/development/remix/invoice-web/app/presentation/components/invoice/invoice-detail-skeleton.tsx","statementMap":{"0":{"start":{"line":18,"column":1},"end":{"line":134,"column":null}},"1":{"start":{"line":94,"column":5},"end":{"line":103,"column":null}}},"fnMap":{"0":{"name":"InvoiceDetailSkeleton","decl":{"start":{"line":15,"column":24},"end":{"line":15,"column":46}},"loc":{"start":{"line":17,"column":31},"end":{"line":136,"column":null}},"line":17},"1":{"name":"(anonymous_1)","decl":{"start":{"line":93,"column":35},"end":{"line":93,"column":36}},"loc":{"start":{"line":94,"column":5},"end":{"line":103,"column":null}},"line":94}},"branchMap":{},"s":{"0":0,"1":0},"f":{"0":0,"1":0},"b":{},"meta":{"lastBranch":0,"lastFunction":2,"lastStatement":2,"seen":{"f:15:24:15:46":0,"s:18:1:134:Infinity":0,"f:93:35:93:36":1,"s:94:5:103:Infinity":1}}}
,"/Users/tkstart/Desktop/development/remix/invoice-web/app/presentation/components/invoice/invoice-header.tsx": {"path":"/Users/tkstart/Desktop/development/remix/invoice-web/app/presentation/components/invoice/invoice-header.tsx","statementMap":{"0":{"start":{"line":23,"column":1},"end":{"line":84,"column":null}}},"fnMap":{"0":{"name":"InvoiceHeader","decl":{"start":{"line":18,"column":24},"end":{"line":18,"column":38}},"loc":{"start":{"line":22,"column":23},"end":{"line":86,"column":null}},"line":22}},"branchMap":{"0":{"loc":{"start":{"line":29,"column":6},"end":{"line":34,"column":null}},"type":"binary-expr","locations":[{"start":{"line":29,"column":6},"end":{"line":29,"column":null}},{"start":{"line":30,"column":6},"end":{"line":34,"column":null}}],"line":29}},"s":{"0":15},"f":{"0":15},"b":{"0":[15,14]},"meta":{"lastBranch":1,"lastFunction":1,"lastStatement":1,"seen":{"f:18:24:18:38":0,"s:23:1:84:Infinity":0,"b:29:6:29:Infinity:30:6:34:Infinity":0}}}
,"/Users/tkstart/Desktop/development/remix/invoice-web/app/presentation/components/invoice/invoice-list-skeleton.tsx": {"path":"/Users/tkstart/Desktop/development/remix/invoice-web/app/presentation/components/invoice/invoice-list-skeleton.tsx","statementMap":{"0":{"start":{"line":25,"column":1},"end":{"line":50,"column":null}},"1":{"start":{"line":34,"column":4},"end":{"line":48,"column":null}}},"fnMap":{"0":{"name":"InvoiceListSkeleton","decl":{"start":{"line":21,"column":24},"end":{"line":21,"column":44}},"loc":{"start":{"line":24,"column":29},"end":{"line":52,"column":null}},"line":24},"1":{"name":"(anonymous_1)","decl":{"start":{"line":33,"column":38},"end":{"line":33,"column":39}},"loc":{"start":{"line":34,"column":4},"end":{"line":48,"column":null}},"line":34}},"branchMap":{"0":{"loc":{"start":{"line":22,"column":1},"end":{"line":22,"column":null}},"type":"default-arg","locations":[{"start":{"line":22,"column":9},"end":{"line":22,"column":null}}],"line":22}},"s":{"0":0,"1":0},"f":{"0":0,"1":0},"b":{"0":[0]},"meta":{"lastBranch":1,"lastFunction":2,"lastStatement":2,"seen":{"f:21:24:21:44":0,"b:22:9:22:Infinity":0,"s:25:1:50:Infinity":0,"f:33:38:33:39":1,"s:34:4:48:Infinity":1}}}
,"/Users/tkstart/Desktop/development/remix/invoice-web/app/presentation/components/invoice/invoice-summary.tsx": {"path":"/Users/tkstart/Desktop/development/remix/invoice-web/app/presentation/components/invoice/invoice-summary.tsx","statementMap":{"0":{"start":{"line":27,"column":1},"end":{"line":57,"column":null}}},"fnMap":{"0":{"name":"InvoiceSummary","decl":{"start":{"line":19,"column":24},"end":{"line":19,"column":39}},"loc":{"start":{"line":26,"column":24},"end":{"line":59,"column":null}},"line":26}},"branchMap":{"0":{"loc":{"start":{"line":24,"column":1},"end":{"line":24,"column":null}},"type":"default-arg","locations":[{"start":{"line":24,"column":12},"end":{"line":24,"column":null}}],"line":24}},"s":{"0":15},"f":{"0":15},"b":{"0":[15]},"meta":{"lastBranch":1,"lastFunction":1,"lastStatement":1,"seen":{"f:19:24:19:39":0,"b:24:12:24:Infinity":0,"s:27:1:57:Infinity":0}}}
,"/Users/tkstart/Desktop/development/remix/invoice-web/app/presentation/components/invoice/invoice-table.tsx": {"path":"/Users/tkstart/Desktop/development/remix/invoice-web/app/presentation/components/invoice/invoice-table.tsx","statementMap":{"0":{"start":{"line":32,"column":21},"end":{"line":34,"column":null}},"1":{"start":{"line":33,"column":12},"end":{"line":33,"column":null}},"2":{"start":{"line":36,"column":1},"end":{"line":73,"column":null}},"3":{"start":{"line":59,"column":7},"end":{"line":68,"column":null}}},"fnMap":{"0":{"name":"InvoiceTable","decl":{"start":{"line":25,"column":24},"end":{"line":25,"column":37}},"loc":{"start":{"line":29,"column":22},"end":{"line":75,"column":null}},"line":29},"1":{"name":"(anonymous_1)","decl":{"start":{"line":33,"column":2},"end":{"line":33,"column":3}},"loc":{"start":{"line":33,"column":12},"end":{"line":33,"column":null}},"line":33},"2":{"name":"(anonymous_2)","decl":{"start":{"line":58,"column":22},"end":{"line":58,"column":23}},"loc":{"start":{"line":59,"column":7},"end":{"line":68,"column":null}},"line":59}},"branchMap":{"0":{"loc":{"start":{"line":27,"column":1},"end":{"line":27,"column":null}},"type":"default-arg","locations":[{"start":{"line":27,"column":12},"end":{"line":27,"column":null}}],"line":27},"1":{"loc":{"start":{"line":48,"column":6},"end":{"line":69,"column":null}},"type":"cond-expr","locations":[{"start":{"line":49,"column":6},"end":{"line":56,"column":null}},{"start":{"line":58,"column":6},"end":{"line":69,"column":null}}],"line":48}},"s":{"0":15,"1":3,"2":15,"3":17},"f":{"0":15,"1":3,"2":17},"b":{"0":[15],"1":[1,14]},"meta":{"lastBranch":2,"lastFunction":3,"lastStatement":4,"seen":{"f:25:24:25:37":0,"b:27:12:27:Infinity":0,"s:32:21:34:Infinity":0,"f:33:2:33:3":1,"s:33:12:33:Infinity":1,"s:36:1:73:Infinity":2,"b:49:6:56:Infinity:58:6:69:Infinity":1,"f:58:22:58:23":2,"s:59:7:68:Infinity":3}}}
,"/Users/tkstart/Desktop/development/remix/invoice-web/app/presentation/components/pdf/invoice-pdf-document.tsx": {"path":"/Users/tkstart/Desktop/development/remix/invoice-web/app/presentation/components/pdf/invoice-pdf-document.tsx","statementMap":{"0":{"start":{"line":27,"column":21},"end":{"line":29,"column":null}},"1":{"start":{"line":28,"column":12},"end":{"line":28,"column":null}},"2":{"start":{"line":31,"column":1},"end":{"line":163,"column":null}},"3":{"start":{"line":109,"column":7},"end":{"line":126,"column":null}}},"fnMap":{"0":{"name":"InvoicePdfDocument","decl":{"start":{"line":22,"column":24},"end":{"line":22,"column":43}},"loc":{"start":{"line":26,"column":28},"end":{"line":165,"column":null}},"line":26},"1":{"name":"(anonymous_1)","decl":{"start":{"line":28,"column":2},"end":{"line":28,"column":3}},"loc":{"start":{"line":28,"column":12},"end":{"line":28,"column":null}},"line":28},"2":{"name":"(anonymous_2)","decl":{"start":{"line":108,"column":22},"end":{"line":108,"column":23}},"loc":{"start":{"line":109,"column":7},"end":{"line":126,"column":null}},"line":109}},"branchMap":{"0":{"loc":{"start":{"line":38,"column":7},"end":{"line":39,"column":null}},"type":"binary-expr","locations":[{"start":{"line":38,"column":7},"end":{"line":38,"column":null}},{"start":{"line":39,"column":7},"end":{"line":39,"column":null}}],"line":38},"1":{"loc":{"start":{"line":103,"column":6},"end":{"line":127,"column":null}},"type":"cond-expr","locations":[{"start":{"line":104,"column":6},"end":{"line":106,"column":null}},{"start":{"line":108,"column":6},"end":{"line":127,"column":null}}],"line":103},"2":{"loc":{"start":{"line":156,"column":5},"end":{"line":160,"column":null}},"type":"binary-expr","locations":[{"start":{"line":156,"column":5},"end":{"line":156,"column":null}},{"start":{"line":157,"column":5},"end":{"line":160,"column":null}}],"line":156}},"s":{"0":0,"1":0,"2":0,"3":0},"f":{"0":0,"1":0,"2":0},"b":{"0":[0,0],"1":[0,0],"2":[0,0]},"meta":{"lastBranch":3,"lastFunction":3,"lastStatement":4,"seen":{"f:22:24:22:43":0,"s:27:21:29:Infinity":0,"f:28:2:28:3":1,"s:28:12:28:Infinity":1,"s:31:1:163:Infinity":2,"b:38:7:38:Infinity:39:7:39:Infinity":0,"b:104:6:106:Infinity:108:6:127:Infinity":1,"f:108:22:108:23":2,"s:109:7:126:Infinity":3,"b:156:5:156:Infinity:157:5:160:Infinity":2}}}
,"/Users/tkstart/Desktop/development/remix/invoice-web/app/presentation/components/pdf/pdf-fonts.ts": {"path":"/Users/tkstart/Desktop/development/remix/invoice-web/app/presentation/components/pdf/pdf-fonts.ts","statementMap":{"0":{"start":{"line":16,"column":34},"end":{"line":30,"column":null}},"1":{"start":{"line":17,"column":1},"end":{"line":29,"column":null}},"2":{"start":{"line":35,"column":31},"end":{"line":35,"column":null}},"3":{"start":{"line":40,"column":38},"end":{"line":40,"column":null}}},"fnMap":{"0":{"name":"(anonymous_0)","decl":{"start":{"line":16,"column":34},"end":{"line":16,"column":40}},"loc":{"start":{"line":16,"column":40},"end":{"line":30,"column":null}},"line":16}},"branchMap":{},"s":{"0":0,"1":0,"2":0,"3":0},"f":{"0":0},"b":{},"meta":{"lastBranch":0,"lastFunction":1,"lastStatement":4,"seen":{"s:16:34:30:Infinity":0,"f:16:34:16:40":0,"s:17:1:29:Infinity":1,"s:35:31:35:Infinity":2,"s:40:38:40:Infinity":3}}}
,"/Users/tkstart/Desktop/development/remix/invoice-web/app/presentation/components/pdf/pdf-styles.ts": {"path":"/Users/tkstart/Desktop/development/remix/invoice-web/app/presentation/components/pdf/pdf-styles.ts","statementMap":{"0":{"start":{"line":10,"column":15},"end":{"line":16,"column":null}},"1":{"start":{"line":18,"column":25},"end":{"line":227,"column":null}}},"fnMap":{},"branchMap":{},"s":{"0":0,"1":0},"f":{},"b":{},"meta":{"lastBranch":0,"lastFunction":0,"lastStatement":2,"seen":{"s:10:15:16:Infinity":0,"s:18:25:227:Infinity":1}}}
,"/Users/tkstart/Desktop/development/remix/invoice-web/app/presentation/components/ui/alert-dialog.tsx": {"path":"/Users/tkstart/Desktop/development/remix/invoice-web/app/presentation/components/ui/alert-dialog.tsx","statementMap":{"0":{"start":{"line":9,"column":1},"end":{"line":9,"column":null}},"1":{"start":{"line":15,"column":1},"end":{"line":16,"column":null}},"2":{"start":{"line":23,"column":1},"end":{"line":24,"column":null}},"3":{"start":{"line":32,"column":1},"end":{"line":40,"column":null}},"4":{"start":{"line":48,"column":1},"end":{"line":59,"column":null}},"5":{"start":{"line":67,"column":1},"end":{"line":72,"column":null}},"6":{"start":{"line":80,"column":1},"end":{"line":88,"column":null}},"7":{"start":{"line":96,"column":1},"end":{"line":101,"column":null}},"8":{"start":{"line":109,"column":1},"end":{"line":114,"column":null}},"9":{"start":{"line":122,"column":1},"end":{"line":126,"column":null}},"10":{"start":{"line":134,"column":1},"end":{"line":138,"column":null}}},"fnMap":{"0":{"name":"AlertDialog","decl":{"start":{"line":6,"column":9},"end":{"line":6,"column":21}},"loc":{"start":{"line":8,"column":59},"end":{"line":10,"column":null}},"line":8},"1":{"name":"AlertDialogTrigger","decl":{"start":{"line":12,"column":9},"end":{"line":12,"column":28}},"loc":{"start":{"line":14,"column":62},"end":{"line":18,"column":null}},"line":14},"2":{"name":"AlertDialogPortal","decl":{"start":{"line":20,"column":9},"end":{"line":20,"column":27}},"loc":{"start":{"line":22,"column":61},"end":{"line":26,"column":null}},"line":22},"3":{"name":"AlertDialogOverlay","decl":{"start":{"line":28,"column":9},"end":{"line":28,"column":28}},"loc":{"start":{"line":31,"column":62},"end":{"line":42,"column":null}},"line":31},"4":{"name":"AlertDialogContent","decl":{"start":{"line":44,"column":9},"end":{"line":44,"column":28}},"loc":{"start":{"line":47,"column":62},"end":{"line":61,"column":null}},"line":47},"5":{"name":"AlertDialogHeader","decl":{"start":{"line":63,"column":9},"end":{"line":63,"column":27}},"loc":{"start":{"line":66,"column":32},"end":{"line":74,"column":null}},"line":66},"6":{"name":"AlertDialogFooter","decl":{"start":{"line":76,"column":9},"end":{"line":76,"column":27}},"loc":{"start":{"line":79,"column":32},"end":{"line":90,"column":null}},"line":79},"7":{"name":"AlertDialogTitle","decl":{"start":{"line":92,"column":9},"end":{"line":92,"column":26}},"loc":{"start":{"line":95,"column":60},"end":{"line":103,"column":null}},"line":95},"8":{"name":"AlertDialogDescription","decl":{"start":{"line":105,"column":9},"end":{"line":105,"column":32}},"loc":{"start":{"line":108,"column":66},"end":{"line":116,"column":null}},"line":108},"9":{"name":"AlertDialogAction","decl":{"start":{"line":118,"column":9},"end":{"line":118,"column":27}},"loc":{"start":{"line":121,"column":61},"end":{"line":128,"column":null}},"line":121},"10":{"name":"AlertDialogCancel","decl":{"start":{"line":130,"column":9},"end":{"line":130,"column":27}},"loc":{"start":{"line":133,"column":61},"end":{"line":140,"column":null}},"line":133}},"branchMap":{},"s":{"0":0,"1":0,"2":0,"3":0,"4":0,"5":0,"6":0,"7":0,"8":0,"9":0,"10":0},"f":{"0":0,"1":0,"2":0,"3":0,"4":0,"5":0,"6":0,"7":0,"8":0,"9":0,"10":0},"b":{},"meta":{"lastBranch":0,"lastFunction":11,"lastStatement":11,"seen":{"f:6:9:6:21":0,"s:9:1:9:Infinity":0,"f:12:9:12:28":1,"s:15:1:16:Infinity":1,"f:20:9:20:27":2,"s:23:1:24:Infinity":2,"f:28:9:28:28":3,"s:32:1:40:Infinity":3,"f:44:9:44:28":4,"s:48:1:59:Infinity":4,"f:63:9:63:27":5,"s:67:1:72:Infinity":5,"f:76:9:76:27":6,"s:80:1:88:Infinity":6,"f:92:9:92:26":7,"s:96:1:101:Infinity":7,"f:105:9:105:32":8,"s:109:1:114:Infinity":8,"f:118:9:118:27":9,"s:122:1:126:Infinity":9,"f:130:9:130:27":10,"s:134:1:138:Infinity":10}}}
,"/Users/tkstart/Desktop/development/remix/invoice-web/app/presentation/components/ui/alert.tsx": {"path":"/Users/tkstart/Desktop/development/remix/invoice-web/app/presentation/components/ui/alert.tsx","statementMap":{"0":{"start":{"line":6,"column":6},"end":{"line":20,"column":null}},"1":{"start":{"line":27,"column":1},"end":{"line":33,"column":null}},"2":{"start":{"line":38,"column":1},"end":{"line":46,"column":null}},"3":{"start":{"line":54,"column":1},"end":{"line":62,"column":null}}},"fnMap":{"0":{"name":"Alert","decl":{"start":{"line":22,"column":9},"end":{"line":22,"column":15}},"loc":{"start":{"line":26,"column":69},"end":{"line":35,"column":null}},"line":26},"1":{"name":"AlertTitle","decl":{"start":{"line":37,"column":9},"end":{"line":37,"column":20}},"loc":{"start":{"line":37,"column":74},"end":{"line":48,"column":null}},"line":37},"2":{"name":"AlertDescription","decl":{"start":{"line":50,"column":9},"end":{"line":50,"column":26}},"loc":{"start":{"line":53,"column":32},"end":{"line":64,"column":null}},"line":53}},"branchMap":{},"s":{"0":0,"1":0,"2":0,"3":0},"f":{"0":0,"1":0,"2":0},"b":{},"meta":{"lastBranch":0,"lastFunction":3,"lastStatement":4,"seen":{"s:6:6:20:Infinity":0,"f:22:9:22:15":0,"s:27:1:33:Infinity":1,"f:37:9:37:20":1,"s:38:1:46:Infinity":2,"f:50:9:50:26":2,"s:54:1:62:Infinity":3}}}
,"/Users/tkstart/Desktop/development/remix/invoice-web/app/presentation/components/ui/avatar.tsx": {"path":"/Users/tkstart/Desktop/development/remix/invoice-web/app/presentation/components/ui/avatar.tsx","statementMap":{"0":{"start":{"line":10,"column":1},"end":{"line":18,"column":null}},"1":{"start":{"line":26,"column":1},"end":{"line":31,"column":null}},"2":{"start":{"line":39,"column":1},"end":{"line":47,"column":null}}},"fnMap":{"0":{"name":"Avatar","decl":{"start":{"line":6,"column":9},"end":{"line":6,"column":16}},"loc":{"start":{"line":9,"column":54},"end":{"line":20,"column":null}},"line":9},"1":{"name":"AvatarImage","decl":{"start":{"line":22,"column":9},"end":{"line":22,"column":21}},"loc":{"start":{"line":25,"column":55},"end":{"line":33,"column":null}},"line":25},"2":{"name":"AvatarFallback","decl":{"start":{"line":35,"column":9},"end":{"line":35,"column":24}},"loc":{"start":{"line":38,"column":58},"end":{"line":49,"column":null}},"line":38}},"branchMap":{},"s":{"0":0,"1":0,"2":0},"f":{"0":0,"1":0,"2":0},"b":{},"meta":{"lastBranch":0,"lastFunction":3,"lastStatement":3,"seen":{"f:6:9:6:16":0,"s:10:1:18:Infinity":0,"f:22:9:22:21":1,"s:26:1:31:Infinity":1,"f:35:9:35:24":2,"s:39:1:47:Infinity":2}}}
,"/Users/tkstart/Desktop/development/remix/invoice-web/app/presentation/components/ui/badge.tsx": {"path":"/Users/tkstart/Desktop/development/remix/invoice-web/app/presentation/components/ui/badge.tsx","statementMap":{"0":{"start":{"line":7,"column":6},"end":{"line":26,"column":null}},"1":{"start":{"line":35,"column":14},"end":{"line":35,"column":null}},"2":{"start":{"line":37,"column":1},"end":{"line":42,"column":null}}},"fnMap":{"0":{"name":"Badge","decl":{"start":{"line":28,"column":9},"end":{"line":28,"column":15}},"loc":{"start":{"line":34,"column":61},"end":{"line":44,"column":null}},"line":34}},"branchMap":{"0":{"loc":{"start":{"line":31,"column":1},"end":{"line":31,"column":null}},"type":"default-arg","locations":[{"start":{"line":31,"column":11},"end":{"line":31,"column":null}}],"line":31},"1":{"loc":{"start":{"line":35,"column":14},"end":{"line":35,"column":null}},"type":"cond-expr","locations":[{"start":{"line":35,"column":24},"end":{"line":35,"column":31}},{"start":{"line":35,"column":31},"end":{"line":35,"column":null}}],"line":35}},"s":{"0":1,"1":0,"2":0},"f":{"0":0},"b":{"0":[0],"1":[0,0]},"meta":{"lastBranch":2,"lastFunction":1,"lastStatement":3,"seen":{"s:7:6:26:Infinity":0,"f:28:9:28:15":0,"b:31:11:31:Infinity":0,"s:35:14:35:Infinity":1,"b:35:24:35:31:35:31:35:Infinity":1,"s:37:1:42:Infinity":2}}}
,"/Users/tkstart/Desktop/development/remix/invoice-web/app/presentation/components/ui/button.tsx": {"path":"/Users/tkstart/Desktop/development/remix/invoice-web/app/presentation/components/ui/button.tsx","statementMap":{"0":{"start":{"line":7,"column":6},"end":{"line":37,"column":null}},"1":{"start":{"line":49,"column":14},"end":{"line":49,"column":null}},"2":{"start":{"line":51,"column":1},"end":{"line":58,"column":null}}},"fnMap":{"0":{"name":"Button","decl":{"start":{"line":39,"column":9},"end":{"line":39,"column":16}},"loc":{"start":{"line":48,"column":4},"end":{"line":60,"column":null}},"line":48}},"branchMap":{"0":{"loc":{"start":{"line":41,"column":1},"end":{"line":41,"column":null}},"type":"default-arg","locations":[{"start":{"line":41,"column":11},"end":{"line":41,"column":null}}],"line":41},"1":{"loc":{"start":{"line":42,"column":1},"end":{"line":42,"column":null}},"type":"default-arg","locations":[{"start":{"line":42,"column":8},"end":{"line":42,"column":null}}],"line":42},"2":{"loc":{"start":{"line":43,"column":1},"end":{"line":43,"column":null}},"type":"default-arg","locations":[{"start":{"line":43,"column":11},"end":{"line":43,"column":null}}],"line":43},"3":{"loc":{"start":{"line":49,"column":14},"end":{"line":49,"column":null}},"type":"cond-expr","locations":[{"start":{"line":49,"column":24},"end":{"line":49,"column":31}},{"start":{"line":49,"column":31},"end":{"line":49,"column":null}}],"line":49}},"s":{"0":1,"1":63,"2":63},"f":{"0":63},"b":{"0":[63],"1":[63],"2":[63],"3":[25,38]},"meta":{"lastBranch":4,"lastFunction":1,"lastStatement":3,"seen":{"s:7:6:37:Infinity":0,"f:39:9:39:16":0,"b:41:11:41:Infinity":0,"b:42:8:42:Infinity":1,"b:43:11:43:Infinity":2,"s:49:14:49:Infinity":1,"b:49:24:49:31:49:31:49:Infinity":3,"s:51:1:58:Infinity":2}}}
,"/Users/tkstart/Desktop/development/remix/invoice-web/app/presentation/components/ui/card.tsx": {"path":"/Users/tkstart/Desktop/development/remix/invoice-web/app/presentation/components/ui/card.tsx","statementMap":{"0":{"start":{"line":5,"column":1},"end":{"line":13,"column":null}},"1":{"start":{"line":18,"column":1},"end":{"line":26,"column":null}},"2":{"start":{"line":31,"column":1},"end":{"line":36,"column":null}},"3":{"start":{"line":41,"column":1},"end":{"line":46,"column":null}},"4":{"start":{"line":51,"column":1},"end":{"line":59,"column":null}},"5":{"start":{"line":64,"column":1},"end":{"line":69,"column":null}},"6":{"start":{"line":74,"column":1},"end":{"line":79,"column":null}}},"fnMap":{"0":{"name":"Card","decl":{"start":{"line":4,"column":9},"end":{"line":4,"column":14}},"loc":{"start":{"line":4,"column":68},"end":{"line":15,"column":null}},"line":4},"1":{"name":"CardHeader","decl":{"start":{"line":17,"column":9},"end":{"line":17,"column":20}},"loc":{"start":{"line":17,"column":74},"end":{"line":28,"column":null}},"line":17},"2":{"name":"CardTitle","decl":{"start":{"line":30,"column":9},"end":{"line":30,"column":19}},"loc":{"start":{"line":30,"column":73},"end":{"line":38,"column":null}},"line":30},"3":{"name":"CardDescription","decl":{"start":{"line":40,"column":9},"end":{"line":40,"column":25}},"loc":{"start":{"line":40,"column":79},"end":{"line":48,"column":null}},"line":40},"4":{"name":"CardAction","decl":{"start":{"line":50,"column":9},"end":{"line":50,"column":20}},"loc":{"start":{"line":50,"column":74},"end":{"line":61,"column":null}},"line":50},"5":{"name":"CardContent","decl":{"start":{"line":63,"column":9},"end":{"line":63,"column":21}},"loc":{"start":{"line":63,"column":75},"end":{"line":71,"column":null}},"line":63},"6":{"name":"CardFooter","decl":{"start":{"line":73,"column":9},"end":{"line":73,"column":20}},"loc":{"start":{"line":73,"column":74},"end":{"line":81,"column":null}},"line":73}},"branchMap":{},"s":{"0":15,"1":0,"2":0,"3":0,"4":0,"5":15,"6":0},"f":{"0":15,"1":0,"2":0,"3":0,"4":0,"5":15,"6":0},"b":{},"meta":{"lastBranch":0,"lastFunction":7,"lastStatement":7,"seen":{"f:4:9:4:14":0,"s:5:1:13:Infinity":0,"f:17:9:17:20":1,"s:18:1:26:Infinity":1,"f:30:9:30:19":2,"s:31:1:36:Infinity":2,"f:40:9:40:25":3,"s:41:1:46:Infinity":3,"f:50:9:50:20":4,"s:51:1:59:Infinity":4,"f:63:9:63:21":5,"s:64:1:69:Infinity":5,"f:73:9:73:20":6,"s:74:1:79:Infinity":6}}}
,"/Users/tkstart/Desktop/development/remix/invoice-web/app/presentation/components/ui/checkbox.tsx": {"path":"/Users/tkstart/Desktop/development/remix/invoice-web/app/presentation/components/ui/checkbox.tsx","statementMap":{"0":{"start":{"line":11,"column":1},"end":{"line":26,"column":null}}},"fnMap":{"0":{"name":"Checkbox","decl":{"start":{"line":7,"column":9},"end":{"line":7,"column":18}},"loc":{"start":{"line":10,"column":56},"end":{"line":28,"column":null}},"line":10}},"branchMap":{},"s":{"0":0},"f":{"0":0},"b":{},"meta":{"lastBranch":0,"lastFunction":1,"lastStatement":1,"seen":{"f:7:9:7:18":0,"s:11:1:26:Infinity":0}}}
,"/Users/tkstart/Desktop/development/remix/invoice-web/app/presentation/components/ui/dialog.tsx": {"path":"/Users/tkstart/Desktop/development/remix/invoice-web/app/presentation/components/ui/dialog.tsx","statementMap":{"0":{"start":{"line":10,"column":1},"end":{"line":10,"column":null}},"1":{"start":{"line":16,"column":1},"end":{"line":16,"column":null}},"2":{"start":{"line":22,"column":1},"end":{"line":22,"column":null}},"3":{"start":{"line":28,"column":1},"end":{"line":28,"column":null}},"4":{"start":{"line":35,"column":1},"end":{"line":43,"column":null}},"5":{"start":{"line":55,"column":1},"end":{"line":77,"column":null}},"6":{"start":{"line":82,"column":1},"end":{"line":87,"column":null}},"7":{"start":{"line":92,"column":1},"end":{"line":100,"column":null}},"8":{"start":{"line":108,"column":1},"end":{"line":113,"column":null}},"9":{"start":{"line":121,"column":1},"end":{"line":126,"column":null}}},"fnMap":{"0":{"name":"Dialog","decl":{"start":{"line":7,"column":9},"end":{"line":7,"column":16}},"loc":{"start":{"line":9,"column":54},"end":{"line":11,"column":null}},"line":9},"1":{"name":"DialogTrigger","decl":{"start":{"line":13,"column":9},"end":{"line":13,"column":23}},"loc":{"start":{"line":15,"column":57},"end":{"line":17,"column":null}},"line":15},"2":{"name":"DialogPortal","decl":{"start":{"line":19,"column":9},"end":{"line":19,"column":22}},"loc":{"start":{"line":21,"column":56},"end":{"line":23,"column":null}},"line":21},"3":{"name":"DialogClose","decl":{"start":{"line":25,"column":9},"end":{"line":25,"column":21}},"loc":{"start":{"line":27,"column":55},"end":{"line":29,"column":null}},"line":27},"4":{"name":"DialogOverlay","decl":{"start":{"line":31,"column":9},"end":{"line":31,"column":23}},"loc":{"start":{"line":34,"column":57},"end":{"line":45,"column":null}},"line":34},"5":{"name":"DialogContent","decl":{"start":{"line":47,"column":9},"end":{"line":47,"column":23}},"loc":{"start":{"line":54,"column":3},"end":{"line":79,"column":null}},"line":54},"6":{"name":"DialogHeader","decl":{"start":{"line":81,"column":9},"end":{"line":81,"column":22}},"loc":{"start":{"line":81,"column":76},"end":{"line":89,"column":null}},"line":81},"7":{"name":"DialogFooter","decl":{"start":{"line":91,"column":9},"end":{"line":91,"column":22}},"loc":{"start":{"line":91,"column":76},"end":{"line":102,"column":null}},"line":91},"8":{"name":"DialogTitle","decl":{"start":{"line":104,"column":9},"end":{"line":104,"column":21}},"loc":{"start":{"line":107,"column":55},"end":{"line":115,"column":null}},"line":107},"9":{"name":"DialogDescription","decl":{"start":{"line":117,"column":9},"end":{"line":117,"column":27}},"loc":{"start":{"line":120,"column":61},"end":{"line":128,"column":null}},"line":120}},"branchMap":{"0":{"loc":{"start":{"line":50,"column":1},"end":{"line":50,"column":null}},"type":"default-arg","locations":[{"start":{"line":50,"column":19},"end":{"line":50,"column":null}}],"line":50},"1":{"loc":{"start":{"line":67,"column":5},"end":{"line":74,"column":null}},"type":"binary-expr","locations":[{"start":{"line":67,"column":5},"end":{"line":67,"column":null}},{"start":{"line":68,"column":5},"end":{"line":74,"column":null}}],"line":67}},"s":{"0":0,"1":0,"2":0,"3":0,"4":0,"5":0,"6":0,"7":0,"8":0,"9":0},"f":{"0":0,"1":0,"2":0,"3":0,"4":0,"5":0,"6":0,"7":0,"8":0,"9":0},"b":{"0":[0],"1":[0,0]},"meta":{"lastBranch":2,"lastFunction":10,"lastStatement":10,"seen":{"f:7:9:7:16":0,"s:10:1:10:Infinity":0,"f:13:9:13:23":1,"s:16:1:16:Infinity":1,"f:19:9:19:22":2,"s:22:1:22:Infinity":2,"f:25:9:25:21":3,"s:28:1:28:Infinity":3,"f:31:9:31:23":4,"s:35:1:43:Infinity":4,"f:47:9:47:23":5,"b:50:19:50:Infinity":0,"s:55:1:77:Infinity":5,"b:67:5:67:Infinity:68:5:74:Infinity":1,"f:81:9:81:22":6,"s:82:1:87:Infinity":6,"f:91:9:91:22":7,"s:92:1:100:Infinity":7,"f:104:9:104:21":8,"s:108:1:113:Infinity":8,"f:117:9:117:27":9,"s:121:1:126:Infinity":9}}}
,"/Users/tkstart/Desktop/development/remix/invoice-web/app/presentation/components/ui/dropdown-menu.tsx": {"path":"/Users/tkstart/Desktop/development/remix/invoice-web/app/presentation/components/ui/dropdown-menu.tsx","statementMap":{"0":{"start":{"line":10,"column":1},"end":{"line":10,"column":null}},"1":{"start":{"line":16,"column":1},"end":{"line":17,"column":null}},"2":{"start":{"line":24,"column":1},"end":{"line":28,"column":null}},"3":{"start":{"line":37,"column":1},"end":{"line":48,"column":null}},"4":{"start":{"line":55,"column":1},"end":{"line":56,"column":null}},"5":{"start":{"line":69,"column":1},"end":{"line":79,"column":null}},"6":{"start":{"line":89,"column":1},"end":{"line":105,"column":null}},"7":{"start":{"line":112,"column":1},"end":{"line":116,"column":null}},"8":{"start":{"line":125,"column":1},"end":{"line":140,"column":null}},"9":{"start":{"line":151,"column":1},"end":{"line":160,"column":null}},"10":{"start":{"line":168,"column":1},"end":{"line":173,"column":null}},"11":{"start":{"line":181,"column":1},"end":{"line":189,"column":null}},"12":{"start":{"line":196,"column":1},"end":{"line":196,"column":null}},"13":{"start":{"line":207,"column":1},"end":{"line":219,"column":null}},"14":{"start":{"line":227,"column":1},"end":{"line":235,"column":null}}},"fnMap":{"0":{"name":"DropdownMenu","decl":{"start":{"line":7,"column":9},"end":{"line":7,"column":22}},"loc":{"start":{"line":9,"column":60},"end":{"line":11,"column":null}},"line":9},"1":{"name":"DropdownMenuPortal","decl":{"start":{"line":13,"column":9},"end":{"line":13,"column":28}},"loc":{"start":{"line":15,"column":62},"end":{"line":19,"column":null}},"line":15},"2":{"name":"DropdownMenuTrigger","decl":{"start":{"line":21,"column":9},"end":{"line":21,"column":29}},"loc":{"start":{"line":23,"column":63},"end":{"line":30,"column":null}},"line":23},"3":{"name":"DropdownMenuContent","decl":{"start":{"line":32,"column":9},"end":{"line":32,"column":29}},"loc":{"start":{"line":36,"column":63},"end":{"line":50,"column":null}},"line":36},"4":{"name":"DropdownMenuGroup","decl":{"start":{"line":52,"column":9},"end":{"line":52,"column":27}},"loc":{"start":{"line":54,"column":61},"end":{"line":58,"column":null}},"line":54},"5":{"name":"DropdownMenuItem","decl":{"start":{"line":60,"column":9},"end":{"line":60,"column":26}},"loc":{"start":{"line":68,"column":3},"end":{"line":81,"column":null}},"line":68},"6":{"name":"DropdownMenuCheckboxItem","decl":{"start":{"line":83,"column":9},"end":{"line":83,"column":34}},"loc":{"start":{"line":88,"column":68},"end":{"line":107,"column":null}},"line":88},"7":{"name":"DropdownMenuRadioGroup","decl":{"start":{"line":109,"column":9},"end":{"line":109,"column":32}},"loc":{"start":{"line":111,"column":66},"end":{"line":118,"column":null}},"line":111},"8":{"name":"DropdownMenuRadioItem","decl":{"start":{"line":120,"column":9},"end":{"line":120,"column":31}},"loc":{"start":{"line":124,"column":65},"end":{"line":142,"column":null}},"line":124},"9":{"name":"DropdownMenuLabel","decl":{"start":{"line":144,"column":9},"end":{"line":144,"column":27}},"loc":{"start":{"line":150,"column":3},"end":{"line":162,"column":null}},"line":150},"10":{"name":"DropdownMenuSeparator","decl":{"start":{"line":164,"column":9},"end":{"line":164,"column":31}},"loc":{"start":{"line":167,"column":65},"end":{"line":175,"column":null}},"line":167},"11":{"name":"DropdownMenuShortcut","decl":{"start":{"line":177,"column":9},"end":{"line":177,"column":30}},"loc":{"start":{"line":180,"column":33},"end":{"line":191,"column":null}},"line":180},"12":{"name":"DropdownMenuSub","decl":{"start":{"line":193,"column":9},"end":{"line":193,"column":25}},"loc":{"start":{"line":195,"column":59},"end":{"line":197,"column":null}},"line":195},"13":{"name":"DropdownMenuSubTrigger","decl":{"start":{"line":199,"column":9},"end":{"line":199,"column":32}},"loc":{"start":{"line":206,"column":3},"end":{"line":221,"column":null}},"line":206},"14":{"name":"DropdownMenuSubContent","decl":{"start":{"line":223,"column":9},"end":{"line":223,"column":32}},"loc":{"start":{"line":226,"column":66},"end":{"line":237,"column":null}},"line":226}},"branchMap":{"0":{"loc":{"start":{"line":34,"column":1},"end":{"line":34,"column":null}},"type":"default-arg","locations":[{"start":{"line":34,"column":14},"end":{"line":34,"column":null}}],"line":34},"1":{"loc":{"start":{"line":63,"column":1},"end":{"line":63,"column":null}},"type":"default-arg","locations":[{"start":{"line":63,"column":11},"end":{"line":63,"column":null}}],"line":63}},"s":{"0":0,"1":0,"2":0,"3":0,"4":0,"5":0,"6":0,"7":0,"8":0,"9":0,"10":0,"11":0,"12":0,"13":0,"14":0},"f":{"0":0,"1":0,"2":0,"3":0,"4":0,"5":0,"6":0,"7":0,"8":0,"9":0,"10":0,"11":0,"12":0,"13":0,"14":0},"b":{"0":[0],"1":[0]},"meta":{"lastBranch":2,"lastFunction":15,"lastStatement":15,"seen":{"f:7:9:7:22":0,"s:10:1:10:Infinity":0,"f:13:9:13:28":1,"s:16:1:17:Infinity":1,"f:21:9:21:29":2,"s:24:1:28:Infinity":2,"f:32:9:32:29":3,"b:34:14:34:Infinity":0,"s:37:1:48:Infinity":3,"f:52:9:52:27":4,"s:55:1:56:Infinity":4,"f:60:9:60:26":5,"b:63:11:63:Infinity":1,"s:69:1:79:Infinity":5,"f:83:9:83:34":6,"s:89:1:105:Infinity":6,"f:109:9:109:32":7,"s:112:1:116:Infinity":7,"f:120:9:120:31":8,"s:125:1:140:Infinity":8,"f:144:9:144:27":9,"s:151:1:160:Infinity":9,"f:164:9:164:31":10,"s:168:1:173:Infinity":10,"f:177:9:177:30":11,"s:181:1:189:Infinity":11,"f:193:9:193:25":12,"s:196:1:196:Infinity":12,"f:199:9:199:32":13,"s:207:1:219:Infinity":13,"f:223:9:223:32":14,"s:227:1:235:Infinity":14}}}
,"/Users/tkstart/Desktop/development/remix/invoice-web/app/presentation/components/ui/input.tsx": {"path":"/Users/tkstart/Desktop/development/remix/invoice-web/app/presentation/components/ui/input.tsx","statementMap":{"0":{"start":{"line":6,"column":1},"end":{"line":17,"column":null}}},"fnMap":{"0":{"name":"Input","decl":{"start":{"line":5,"column":9},"end":{"line":5,"column":15}},"loc":{"start":{"line":5,"column":77},"end":{"line":19,"column":null}},"line":5}},"branchMap":{},"s":{"0":0},"f":{"0":0},"b":{},"meta":{"lastBranch":0,"lastFunction":1,"lastStatement":1,"seen":{"f:5:9:5:15":0,"s:6:1:17:Infinity":0}}}
,"/Users/tkstart/Desktop/development/remix/invoice-web/app/presentation/components/ui/label.tsx": {"path":"/Users/tkstart/Desktop/development/remix/invoice-web/app/presentation/components/ui/label.tsx","statementMap":{"0":{"start":{"line":10,"column":1},"end":{"line":18,"column":null}}},"fnMap":{"0":{"name":"Label","decl":{"start":{"line":6,"column":9},"end":{"line":6,"column":15}},"loc":{"start":{"line":9,"column":53},"end":{"line":20,"column":null}},"line":9}},"branchMap":{},"s":{"0":0},"f":{"0":0},"b":{},"meta":{"lastBranch":0,"lastFunction":1,"lastStatement":1,"seen":{"f:6:9:6:15":0,"s:10:1:18:Infinity":0}}}
,"/Users/tkstart/Desktop/development/remix/invoice-web/app/presentation/components/ui/radio-group.tsx": {"path":"/Users/tkstart/Desktop/development/remix/invoice-web/app/presentation/components/ui/radio-group.tsx","statementMap":{"0":{"start":{"line":11,"column":1},"end":{"line":16,"column":null}},"1":{"start":{"line":24,"column":1},"end":{"line":39,"column":null}}},"fnMap":{"0":{"name":"RadioGroup","decl":{"start":{"line":7,"column":9},"end":{"line":7,"column":20}},"loc":{"start":{"line":10,"column":58},"end":{"line":18,"column":null}},"line":10},"1":{"name":"RadioGroupItem","decl":{"start":{"line":20,"column":9},"end":{"line":20,"column":24}},"loc":{"start":{"line":23,"column":58},"end":{"line":41,"column":null}},"line":23}},"branchMap":{},"s":{"0":0,"1":0},"f":{"0":0,"1":0},"b":{},"meta":{"lastBranch":0,"lastFunction":2,"lastStatement":2,"seen":{"f:7:9:7:20":0,"s:11:1:16:Infinity":0,"f:20:9:20:24":1,"s:24:1:39:Infinity":1}}}
,"/Users/tkstart/Desktop/development/remix/invoice-web/app/presentation/components/ui/scroll-area.tsx": {"path":"/Users/tkstart/Desktop/development/remix/invoice-web/app/presentation/components/ui/scroll-area.tsx","statementMap":{"0":{"start":{"line":11,"column":1},"end":{"line":25,"column":null}},"1":{"start":{"line":34,"column":1},"end":{"line":52,"column":null}}},"fnMap":{"0":{"name":"ScrollArea","decl":{"start":{"line":6,"column":9},"end":{"line":6,"column":20}},"loc":{"start":{"line":10,"column":58},"end":{"line":27,"column":null}},"line":10},"1":{"name":"ScrollBar","decl":{"start":{"line":29,"column":9},"end":{"line":29,"column":19}},"loc":{"start":{"line":33,"column":73},"end":{"line":54,"column":null}},"line":33}},"branchMap":{"0":{"loc":{"start":{"line":31,"column":1},"end":{"line":31,"column":null}},"type":"default-arg","locations":[{"start":{"line":31,"column":15},"end":{"line":31,"column":null}}],"line":31},"1":{"loc":{"start":{"line":40,"column":4},"end":{"line":41,"column":null}},"type":"binary-expr","locations":[{"start":{"line":40,"column":4},"end":{"line":40,"column":null}},{"start":{"line":41,"column":5},"end":{"line":41,"column":null}}],"line":40},"2":{"loc":{"start":{"line":42,"column":4},"end":{"line":43,"column":null}},"type":"binary-expr","locations":[{"start":{"line":42,"column":4},"end":{"line":42,"column":null}},{"start":{"line":43,"column":5},"end":{"line":43,"column":null}}],"line":42}},"s":{"0":0,"1":0},"f":{"0":0,"1":0},"b":{"0":[0],"1":[0,0],"2":[0,0]},"meta":{"lastBranch":3,"lastFunction":2,"lastStatement":2,"seen":{"f:6:9:6:20":0,"s:11:1:25:Infinity":0,"f:29:9:29:19":1,"b:31:15:31:Infinity":0,"s:34:1:52:Infinity":1,"b:40:4:40:Infinity:41:5:41:Infinity":1,"b:42:4:42:Infinity:43:5:43:Infinity":2}}}
,"/Users/tkstart/Desktop/development/remix/invoice-web/app/presentation/components/ui/select.tsx": {"path":"/Users/tkstart/Desktop/development/remix/invoice-web/app/presentation/components/ui/select.tsx","statementMap":{"0":{"start":{"line":10,"column":1},"end":{"line":10,"column":null}},"1":{"start":{"line":16,"column":1},"end":{"line":16,"column":null}},"2":{"start":{"line":22,"column":1},"end":{"line":22,"column":null}},"3":{"start":{"line":33,"column":1},"end":{"line":47,"column":null}},"4":{"start":{"line":58,"column":1},"end":{"line":84,"column":null}},"5":{"start":{"line":92,"column":1},"end":{"line":97,"column":null}},"6":{"start":{"line":106,"column":1},"end":{"line":124,"column":null}},"7":{"start":{"line":132,"column":1},"end":{"line":137,"column":null}},"8":{"start":{"line":145,"column":1},"end":{"line":155,"column":null}},"9":{"start":{"line":163,"column":1},"end":{"line":173,"column":null}}},"fnMap":{"0":{"name":"Select","decl":{"start":{"line":7,"column":9},"end":{"line":7,"column":16}},"loc":{"start":{"line":9,"column":54},"end":{"line":11,"column":null}},"line":9},"1":{"name":"SelectGroup","decl":{"start":{"line":13,"column":9},"end":{"line":13,"column":21}},"loc":{"start":{"line":15,"column":55},"end":{"line":17,"column":null}},"line":15},"2":{"name":"SelectValue","decl":{"start":{"line":19,"column":9},"end":{"line":19,"column":21}},"loc":{"start":{"line":21,"column":55},"end":{"line":23,"column":null}},"line":21},"3":{"name":"SelectTrigger","decl":{"start":{"line":25,"column":9},"end":{"line":25,"column":23}},"loc":{"start":{"line":32,"column":3},"end":{"line":49,"column":null}},"line":32},"4":{"name":"SelectContent","decl":{"start":{"line":51,"column":9},"end":{"line":51,"column":23}},"loc":{"start":{"line":57,"column":57},"end":{"line":86,"column":null}},"line":57},"5":{"name":"SelectLabel","decl":{"start":{"line":88,"column":9},"end":{"line":88,"column":21}},"loc":{"start":{"line":91,"column":55},"end":{"line":99,"column":null}},"line":91},"6":{"name":"SelectItem","decl":{"start":{"line":101,"column":9},"end":{"line":101,"column":20}},"loc":{"start":{"line":105,"column":54},"end":{"line":126,"column":null}},"line":105},"7":{"name":"SelectSeparator","decl":{"start":{"line":128,"column":9},"end":{"line":128,"column":25}},"loc":{"start":{"line":131,"column":59},"end":{"line":139,"column":null}},"line":131},"8":{"name":"SelectScrollUpButton","decl":{"start":{"line":141,"column":9},"end":{"line":141,"column":30}},"loc":{"start":{"line":144,"column":64},"end":{"line":157,"column":null}},"line":144},"9":{"name":"SelectScrollDownButton","decl":{"start":{"line":159,"column":9},"end":{"line":159,"column":32}},"loc":{"start":{"line":162,"column":66},"end":{"line":175,"column":null}},"line":162}},"branchMap":{"0":{"loc":{"start":{"line":27,"column":1},"end":{"line":27,"column":null}},"type":"default-arg","locations":[{"start":{"line":27,"column":8},"end":{"line":27,"column":null}}],"line":27},"1":{"loc":{"start":{"line":54,"column":1},"end":{"line":54,"column":null}},"type":"default-arg","locations":[{"start":{"line":54,"column":12},"end":{"line":54,"column":null}}],"line":54},"2":{"loc":{"start":{"line":55,"column":1},"end":{"line":55,"column":null}},"type":"default-arg","locations":[{"start":{"line":55,"column":9},"end":{"line":55,"column":null}}],"line":55},"3":{"loc":{"start":{"line":64,"column":5},"end":{"line":65,"column":null}},"type":"binary-expr","locations":[{"start":{"line":64,"column":5},"end":{"line":64,"column":null}},{"start":{"line":65,"column":6},"end":{"line":65,"column":null}}],"line":64},"4":{"loc":{"start":{"line":76,"column":6},"end":{"line":77,"column":null}},"type":"binary-expr","locations":[{"start":{"line":76,"column":6},"end":{"line":76,"column":null}},{"start":{"line":77,"column":7},"end":{"line":77,"column":null}}],"line":76}},"s":{"0":0,"1":0,"2":0,"3":0,"4":0,"5":0,"6":0,"7":0,"8":0,"9":0},"f":{"0":0,"1":0,"2":0,"3":0,"4":0,"5":0,"6":0,"7":0,"8":0,"9":0},"b":{"0":[0],"1":[0],"2":[0],"3":[0,0],"4":[0,0]},"meta":{"lastBranch":5,"lastFunction":10,"lastStatement":10,"seen":{"f:7:9:7:16":0,"s:10:1:10:Infinity":0,"f:13:9:13:21":1,"s:16:1:16:Infinity":1,"f:19:9:19:21":2,"s:22:1:22:Infinity":2,"f:25:9:25:23":3,"b:27:8:27:Infinity":0,"s:33:1:47:Infinity":3,"f:51:9:51:23":4,"b:54:12:54:Infinity":1,"b:55:9:55:Infinity":2,"s:58:1:84:Infinity":4,"b:64:5:64:Infinity:65:6:65:Infinity":3,"b:76:6:76:Infinity:77:7:77:Infinity":4,"f:88:9:88:21":5,"s:92:1:97:Infinity":5,"f:101:9:101:20":6,"s:106:1:124:Infinity":6,"f:128:9:128:25":7,"s:132:1:137:Infinity":7,"f:141:9:141:30":8,"s:145:1:155:Infinity":8,"f:159:9:159:32":9,"s:163:1:173:Infinity":9}}}
,"/Users/tkstart/Desktop/development/remix/invoice-web/app/presentation/components/ui/separator.tsx": {"path":"/Users/tkstart/Desktop/development/remix/invoice-web/app/presentation/components/ui/separator.tsx","statementMap":{"0":{"start":{"line":12,"column":1},"end":{"line":22,"column":null}}},"fnMap":{"0":{"name":"Separator","decl":{"start":{"line":6,"column":9},"end":{"line":6,"column":19}},"loc":{"start":{"line":11,"column":57},"end":{"line":24,"column":null}},"line":11}},"branchMap":{"0":{"loc":{"start":{"line":8,"column":1},"end":{"line":8,"column":null}},"type":"default-arg","locations":[{"start":{"line":8,"column":15},"end":{"line":8,"column":null}}],"line":8},"1":{"loc":{"start":{"line":9,"column":1},"end":{"line":9,"column":null}},"type":"default-arg","locations":[{"start":{"line":9,"column":14},"end":{"line":9,"column":null}}],"line":9}},"s":{"0":0},"f":{"0":0},"b":{"0":[0],"1":[0]},"meta":{"lastBranch":2,"lastFunction":1,"lastStatement":1,"seen":{"f:6:9:6:19":0,"b:8:15:8:Infinity":0,"b:9:14:9:Infinity":1,"s:12:1:22:Infinity":0}}}
,"/Users/tkstart/Desktop/development/remix/invoice-web/app/presentation/components/ui/sheet.tsx": {"path":"/Users/tkstart/Desktop/development/remix/invoice-web/app/presentation/components/ui/sheet.tsx","statementMap":{"0":{"start":{"line":8,"column":1},"end":{"line":8,"column":null}},"1":{"start":{"line":14,"column":1},"end":{"line":14,"column":null}},"2":{"start":{"line":20,"column":1},"end":{"line":20,"column":null}},"3":{"start":{"line":26,"column":1},"end":{"line":26,"column":null}},"4":{"start":{"line":33,"column":1},"end":{"line":41,"column":null}},"5":{"start":{"line":53,"column":1},"end":{"line":78,"column":null}},"6":{"start":{"line":83,"column":1},"end":{"line":88,"column":null}},"7":{"start":{"line":93,"column":1},"end":{"line":98,"column":null}},"8":{"start":{"line":106,"column":1},"end":{"line":111,"column":null}},"9":{"start":{"line":119,"column":1},"end":{"line":124,"column":null}}},"fnMap":{"0":{"name":"Sheet","decl":{"start":{"line":7,"column":9},"end":{"line":7,"column":15}},"loc":{"start":{"line":7,"column":79},"end":{"line":9,"column":null}},"line":7},"1":{"name":"SheetTrigger","decl":{"start":{"line":11,"column":9},"end":{"line":11,"column":22}},"loc":{"start":{"line":13,"column":56},"end":{"line":15,"column":null}},"line":13},"2":{"name":"SheetClose","decl":{"start":{"line":17,"column":9},"end":{"line":17,"column":20}},"loc":{"start":{"line":19,"column":54},"end":{"line":21,"column":null}},"line":19},"3":{"name":"SheetPortal","decl":{"start":{"line":23,"column":9},"end":{"line":23,"column":21}},"loc":{"start":{"line":25,"column":55},"end":{"line":27,"column":null}},"line":25},"4":{"name":"SheetOverlay","decl":{"start":{"line":29,"column":9},"end":{"line":29,"column":22}},"loc":{"start":{"line":32,"column":56},"end":{"line":43,"column":null}},"line":32},"5":{"name":"SheetContent","decl":{"start":{"line":45,"column":9},"end":{"line":45,"column":22}},"loc":{"start":{"line":52,"column":3},"end":{"line":80,"column":null}},"line":52},"6":{"name":"SheetHeader","decl":{"start":{"line":82,"column":9},"end":{"line":82,"column":21}},"loc":{"start":{"line":82,"column":75},"end":{"line":90,"column":null}},"line":82},"7":{"name":"SheetFooter","decl":{"start":{"line":92,"column":9},"end":{"line":92,"column":21}},"loc":{"start":{"line":92,"column":75},"end":{"line":100,"column":null}},"line":92},"8":{"name":"SheetTitle","decl":{"start":{"line":102,"column":9},"end":{"line":102,"column":20}},"loc":{"start":{"line":105,"column":54},"end":{"line":113,"column":null}},"line":105},"9":{"name":"SheetDescription","decl":{"start":{"line":115,"column":9},"end":{"line":115,"column":26}},"loc":{"start":{"line":118,"column":60},"end":{"line":126,"column":null}},"line":118}},"branchMap":{"0":{"loc":{"start":{"line":48,"column":1},"end":{"line":48,"column":null}},"type":"default-arg","locations":[{"start":{"line":48,"column":8},"end":{"line":48,"column":null}}],"line":48},"1":{"loc":{"start":{"line":60,"column":5},"end":{"line":61,"column":null}},"type":"binary-expr","locations":[{"start":{"line":60,"column":5},"end":{"line":60,"column":null}},{"start":{"line":61,"column":6},"end":{"line":61,"column":null}}],"line":60},"2":{"loc":{"start":{"line":62,"column":5},"end":{"line":63,"column":null}},"type":"binary-expr","locations":[{"start":{"line":62,"column":5},"end":{"line":62,"column":null}},{"start":{"line":63,"column":6},"end":{"line":63,"column":null}}],"line":62},"3":{"loc":{"start":{"line":64,"column":5},"end":{"line":65,"column":null}},"type":"binary-expr","locations":[{"start":{"line":64,"column":5},"end":{"line":64,"column":null}},{"start":{"line":65,"column":6},"end":{"line":65,"column":null}}],"line":64},"4":{"loc":{"start":{"line":66,"column":5},"end":{"line":67,"column":null}},"type":"binary-expr","locations":[{"start":{"line":66,"column":5},"end":{"line":66,"column":null}},{"start":{"line":67,"column":6},"end":{"line":67,"column":null}}],"line":66}},"s":{"0":0,"1":0,"2":0,"3":0,"4":0,"5":0,"6":0,"7":0,"8":0,"9":0},"f":{"0":0,"1":0,"2":0,"3":0,"4":0,"5":0,"6":0,"7":0,"8":0,"9":0},"b":{"0":[0],"1":[0,0],"2":[0,0],"3":[0,0],"4":[0,0]},"meta":{"lastBranch":5,"lastFunction":10,"lastStatement":10,"seen":{"f:7:9:7:15":0,"s:8:1:8:Infinity":0,"f:11:9:11:22":1,"s:14:1:14:Infinity":1,"f:17:9:17:20":2,"s:20:1:20:Infinity":2,"f:23:9:23:21":3,"s:26:1:26:Infinity":3,"f:29:9:29:22":4,"s:33:1:41:Infinity":4,"f:45:9:45:22":5,"b:48:8:48:Infinity":0,"s:53:1:78:Infinity":5,"b:60:5:60:Infinity:61:6:61:Infinity":1,"b:62:5:62:Infinity:63:6:63:Infinity":2,"b:64:5:64:Infinity:65:6:65:Infinity":3,"b:66:5:66:Infinity:67:6:67:Infinity":4,"f:82:9:82:21":6,"s:83:1:88:Infinity":6,"f:92:9:92:21":7,"s:93:1:98:Infinity":7,"f:102:9:102:20":8,"s:106:1:111:Infinity":8,"f:115:9:115:26":9,"s:119:1:124:Infinity":9}}}
,"/Users/tkstart/Desktop/development/remix/invoice-web/app/presentation/components/ui/skeleton.tsx": {"path":"/Users/tkstart/Desktop/development/remix/invoice-web/app/presentation/components/ui/skeleton.tsx","statementMap":{"0":{"start":{"line":4,"column":1},"end":{"line":9,"column":null}}},"fnMap":{"0":{"name":"Skeleton","decl":{"start":{"line":3,"column":9},"end":{"line":3,"column":18}},"loc":{"start":{"line":3,"column":72},"end":{"line":11,"column":null}},"line":3}},"branchMap":{},"s":{"0":0},"f":{"0":0},"b":{},"meta":{"lastBranch":0,"lastFunction":1,"lastStatement":1,"seen":{"f:3:9:3:18":0,"s:4:1:9:Infinity":0}}}
,"/Users/tkstart/Desktop/development/remix/invoice-web/app/presentation/components/ui/sonner.tsx": {"path":"/Users/tkstart/Desktop/development/remix/invoice-web/app/presentation/components/ui/sonner.tsx","statementMap":{"0":{"start":{"line":11,"column":16},"end":{"line":36,"column":null}},"1":{"start":{"line":12,"column":26},"end":{"line":12,"column":null}},"2":{"start":{"line":14,"column":1},"end":{"line":34,"column":null}}},"fnMap":{"0":{"name":"(anonymous_0)","decl":{"start":{"line":11,"column":16},"end":{"line":11,"column":17}},"loc":{"start":{"line":11,"column":48},"end":{"line":36,"column":null}},"line":11}},"branchMap":{"0":{"loc":{"start":{"line":12,"column":9},"end":{"line":12,"column":26}},"type":"default-arg","locations":[{"start":{"line":12,"column":17},"end":{"line":12,"column":26}}],"line":12}},"s":{"0":0,"1":0,"2":0},"f":{"0":0},"b":{"0":[0]},"meta":{"lastBranch":1,"lastFunction":1,"lastStatement":3,"seen":{"s:11:16:36:Infinity":0,"f:11:16:11:17":0,"s:12:26:12:Infinity":1,"b:12:17:12:26":0,"s:14:1:34:Infinity":2}}}
,"/Users/tkstart/Desktop/development/remix/invoice-web/app/presentation/components/ui/switch.tsx": {"path":"/Users/tkstart/Desktop/development/remix/invoice-web/app/presentation/components/ui/switch.tsx","statementMap":{"0":{"start":{"line":10,"column":1},"end":{"line":25,"column":null}}},"fnMap":{"0":{"name":"Switch","decl":{"start":{"line":6,"column":9},"end":{"line":6,"column":16}},"loc":{"start":{"line":9,"column":54},"end":{"line":27,"column":null}},"line":9}},"branchMap":{},"s":{"0":0},"f":{"0":0},"b":{},"meta":{"lastBranch":0,"lastFunction":1,"lastStatement":1,"seen":{"f:6:9:6:16":0,"s:10:1:25:Infinity":0}}}
,"/Users/tkstart/Desktop/development/remix/invoice-web/app/presentation/components/ui/table.tsx": {"path":"/Users/tkstart/Desktop/development/remix/invoice-web/app/presentation/components/ui/table.tsx","statementMap":{"0":{"start":{"line":6,"column":1},"end":{"line":16,"column":null}},"1":{"start":{"line":21,"column":1},"end":{"line":26,"column":null}},"2":{"start":{"line":31,"column":1},"end":{"line":36,"column":null}},"3":{"start":{"line":41,"column":1},"end":{"line":49,"column":null}},"4":{"start":{"line":54,"column":1},"end":{"line":62,"column":null}},"5":{"start":{"line":67,"column":1},"end":{"line":75,"column":null}},"6":{"start":{"line":80,"column":1},"end":{"line":88,"column":null}},"7":{"start":{"line":96,"column":1},"end":{"line":101,"column":null}}},"fnMap":{"0":{"name":"Table","decl":{"start":{"line":5,"column":9},"end":{"line":5,"column":15}},"loc":{"start":{"line":5,"column":71},"end":{"line":18,"column":null}},"line":5},"1":{"name":"TableHeader","decl":{"start":{"line":20,"column":9},"end":{"line":20,"column":21}},"loc":{"start":{"line":20,"column":77},"end":{"line":28,"column":null}},"line":20},"2":{"name":"TableBody","decl":{"start":{"line":30,"column":9},"end":{"line":30,"column":19}},"loc":{"start":{"line":30,"column":75},"end":{"line":38,"column":null}},"line":30},"3":{"name":"TableFooter","decl":{"start":{"line":40,"column":9},"end":{"line":40,"column":21}},"loc":{"start":{"line":40,"column":77},"end":{"line":51,"column":null}},"line":40},"4":{"name":"TableRow","decl":{"start":{"line":53,"column":9},"end":{"line":53,"column":18}},"loc":{"start":{"line":53,"column":71},"end":{"line":64,"column":null}},"line":53},"5":{"name":"TableHead","decl":{"start":{"line":66,"column":9},"end":{"line":66,"column":19}},"loc":{"start":{"line":66,"column":72},"end":{"line":77,"column":null}},"line":66},"6":{"name":"TableCell","decl":{"start":{"line":79,"column":9},"end":{"line":79,"column":19}},"loc":{"start":{"line":79,"column":72},"end":{"line":90,"column":null}},"line":79},"7":{"name":"TableCaption","decl":{"start":{"line":92,"column":9},"end":{"line":92,"column":22}},"loc":{"start":{"line":95,"column":36},"end":{"line":103,"column":null}},"line":95}},"branchMap":{},"s":{"0":15,"1":15,"2":15,"3":0,"4":33,"5":60,"6":69,"7":0},"f":{"0":15,"1":15,"2":15,"3":0,"4":33,"5":60,"6":69,"7":0},"b":{},"meta":{"lastBranch":0,"lastFunction":8,"lastStatement":8,"seen":{"f:5:9:5:15":0,"s:6:1:16:Infinity":0,"f:20:9:20:21":1,"s:21:1:26:Infinity":1,"f:30:9:30:19":2,"s:31:1:36:Infinity":2,"f:40:9:40:21":3,"s:41:1:49:Infinity":3,"f:53:9:53:18":4,"s:54:1:62:Infinity":4,"f:66:9:66:19":5,"s:67:1:75:Infinity":5,"f:79:9:79:19":6,"s:80:1:88:Infinity":6,"f:92:9:92:22":7,"s:96:1:101:Infinity":7}}}
,"/Users/tkstart/Desktop/development/remix/invoice-web/app/presentation/components/ui/textarea.tsx": {"path":"/Users/tkstart/Desktop/development/remix/invoice-web/app/presentation/components/ui/textarea.tsx","statementMap":{"0":{"start":{"line":6,"column":1},"end":{"line":14,"column":null}}},"fnMap":{"0":{"name":"Textarea","decl":{"start":{"line":5,"column":9},"end":{"line":5,"column":18}},"loc":{"start":{"line":5,"column":77},"end":{"line":16,"column":null}},"line":5}},"branchMap":{},"s":{"0":0},"f":{"0":0},"b":{},"meta":{"lastBranch":0,"lastFunction":1,"lastStatement":1,"seen":{"f:5:9:5:18":0,"s:6:1:14:Infinity":0}}}
,"/Users/tkstart/Desktop/development/remix/invoice-web/app/presentation/components/ui/tooltip.tsx": {"path":"/Users/tkstart/Desktop/development/remix/invoice-web/app/presentation/components/ui/tooltip.tsx","statementMap":{"0":{"start":{"line":10,"column":1},"end":{"line":15,"column":null}},"1":{"start":{"line":22,"column":1},"end":{"line":25,"column":null}},"2":{"start":{"line":32,"column":1},"end":{"line":32,"column":null}},"3":{"start":{"line":41,"column":1},"end":{"line":55,"column":null}}},"fnMap":{"0":{"name":"TooltipProvider","decl":{"start":{"line":6,"column":9},"end":{"line":6,"column":25}},"loc":{"start":{"line":9,"column":59},"end":{"line":17,"column":null}},"line":9},"1":{"name":"Tooltip","decl":{"start":{"line":19,"column":9},"end":{"line":19,"column":17}},"loc":{"start":{"line":21,"column":55},"end":{"line":27,"column":null}},"line":21},"2":{"name":"TooltipTrigger","decl":{"start":{"line":29,"column":9},"end":{"line":29,"column":24}},"loc":{"start":{"line":31,"column":58},"end":{"line":33,"column":null}},"line":31},"3":{"name":"TooltipContent","decl":{"start":{"line":35,"column":9},"end":{"line":35,"column":24}},"loc":{"start":{"line":40,"column":58},"end":{"line":57,"column":null}},"line":40}},"branchMap":{"0":{"loc":{"start":{"line":7,"column":1},"end":{"line":7,"column":null}},"type":"default-arg","locations":[{"start":{"line":7,"column":17},"end":{"line":7,"column":null}}],"line":7},"1":{"loc":{"start":{"line":37,"column":1},"end":{"line":37,"column":null}},"type":"default-arg","locations":[{"start":{"line":37,"column":14},"end":{"line":37,"column":null}}],"line":37}},"s":{"0":0,"1":0,"2":0,"3":0},"f":{"0":0,"1":0,"2":0,"3":0},"b":{"0":[0],"1":[0]},"meta":{"lastBranch":2,"lastFunction":4,"lastStatement":4,"seen":{"f:6:9:6:25":0,"b:7:17:7:Infinity":0,"s:10:1:15:Infinity":0,"f:19:9:19:17":1,"s:22:1:25:Infinity":1,"f:29:9:29:24":2,"s:32:1:32:Infinity":2,"f:35:9:35:24":3,"b:37:14:37:Infinity":1,"s:41:1:55:Infinity":3}}}
[...]
,"end":{"line":81,"column":null}},"6":{"start":{"line":73,"column":15},"end":{"line":73,"column":null}},"7":{"start":{"line":74,"column":8},"end":{"line":74,"column":null}},"8":{"start":{"line":75,"column":14},"end":{"line":75,"column":null}},"9":{"start":{"line":77,"column":2},"end":{"line":80,"column":null}},"10":{"start":{"line":84,"column":1},"end":{"line":84,"column":null}}},"fnMap":{"0":{"name":"(anonymous_0)","decl":{"start":{"line":32,"column":30},"end":{"line":32,"column":null}},"loc":{"start":{"line":36,"column":13},"end":{"line":44,"column":null}},"line":36},"1":{"name":"(anonymous_1)","decl":{"start":{"line":66,"column":26},"end":{"line":66,"column":null}},"loc":{"start":{"line":70,"column":13},"end":{"line":85,"column":null}},"line":70}},"branchMap":{"0":{"loc":{"start":{"line":34,"column":1},"end":{"line":34,"column":null}},"type":"default-arg","locations":[{"start":{"line":34,"column":12},"end":{"line":34,"column":null}}],"line":34},"1":{"loc":{"start":{"line":37,"column":24},"end":{"line":37,"column":null}},"type":"binary-expr","locations":[{"start":{"line":37,"column":24},"end":{"line":37,"column":34}},{"start":{"line":37,"column":34},"end":{"line":37,"column":65}},{"start":{"line":37,"column":65},"end":{"line":37,"column":null}}],"line":37},"2":{"loc":{"start":{"line":41,"column":25},"end":{"line":41,"column":null}},"type":"cond-expr","locations":[{"start":{"line":41,"column":46},"end":{"line":41,"column":50}},{"start":{"line":41,"column":50},"end":{"line":41,"column":null}}],"line":41},"3":{"loc":{"start":{"line":42,"column":25},"end":{"line":42,"column":null}},"type":"cond-expr","locations":[{"start":{"line":42,"column":46},"end":{"line":42,"column":50}},{"start":{"line":42,"column":50},"end":{"line":42,"column":null}}],"line":42},"4":{"loc":{"start":{"line":68,"column":1},"end":{"line":68,"column":null}},"type":"default-arg","locations":[{"start":{"line":68,"column":48},"end":{"line":68,"column":null}}],"line":68},"5":{"loc":{"start":{"line":69,"column":1},"end":{"line":69,"column":null}},"type":"default-arg","locations":[{"start":{"line":69,"column":10},"end":{"line":69,"column":null}}],"line":69},"6":{"loc":{"start":{"line":72,"column":1},"end":{"line":81,"column":null}},"type":"if","locations":[{"start":{"line":72,"column":1},"end":{"line":81,"column":null}},{"start":{},"end":{}}],"line":72}},"s":{"0":0,"1":0,"2":0,"3":0,"4":0,"5":0,"6":0,"7":0,"8":0,"9":0,"10":0},"f":{"0":0,"1":0},"b":{"0":[0],"1":[0,0,0],"2":[0,0],"3":[0,0],"4":[0],"5":[0],"6":[0,0]},"meta":{"lastBranch":7,"lastFunction":2,"lastStatement":11,"seen":{"s:10:50:17:Infinity":0,"s:32:30:44:Infinity":1,"f:32:30:32:Infinity":0,"b:34:12:34:Infinity":0,"s:37:24:37:Infinity":2,"b:37:24:37:34:37:34:37:65:37:65:37:Infinity":1,"s:38:1:43:Infinity":3,"b:41:46:41:50:41:50:41:Infinity":2,"b:42:46:42:50:42:50:42:Infinity":3,"s:66:26:85:Infinity":4,"f:66:26:66:Infinity":1,"b:68:48:68:Infinity":4,"b:69:10:69:Infinity":5,"b:72:1:81:Infinity:undefined:undefined:undefined:undefined":6,"s:72:1:81:Infinity":5,"s:73:15:73:Infinity":6,"s:74:8:74:Infinity":7,"s:75:14:75:Infinity":8,"s:77:2:80:Infinity":9,"s:84:1:84:Infinity":10}}}
,"/Users/tkstart/Desktop/development/remix/invoice-web/app/presentation/lib/invoice-utils.ts": {"path":"/Users/tkstart/Desktop/development/remix/invoice-web/app/presentation/lib/invoice-utils.ts","statementMap":{"0":{"start":{"line":22,"column":37},"end":{"line":31,"column":null}},"1":{"start":{"line":23,"column":57},"end":{"line":28,"column":null}},"2":{"start":{"line":30,"column":1},"end":{"line":30,"column":null}}},"fnMap":{"0":{"name":"(anonymous_0)","decl":{"start":{"line":22,"column":37},"end":{"line":22,"column":38}},"loc":{"start":{"line":22,"column":78},"end":{"line":31,"column":null}},"line":22}},"branchMap":{},"s":{"0":1,"1":0,"2":0},"f":{"0":0},"b":{},"meta":{"lastBranch":0,"lastFunction":1,"lastStatement":3,"seen":{"s:22:37:31:Infinity":0,"f:22:37:22:38":0,"s:23:57:28:Infinity":1,"s:30:1:30:Infinity":2}}}
,"/Users/tkstart/Desktop/development/remix/invoice-web/app/presentation/lib/utils.ts": {"path":"/Users/tkstart/Desktop/development/remix/invoice-web/app/presentation/lib/utils.ts","statementMap":{"0":{"start":{"line":27,"column":18},"end":{"line":29,"column":null}},"1":{"start":{"line":28,"column":1},"end":{"line":28,"column":null}}},"fnMap":{"0":{"name":"(anonymous_0)","decl":{"start":{"line":27,"column":18},"end":{"line":27,"column":22}},"loc":{"start":{"line":27,"column":47},"end":{"line":29,"column":null}},"line":27}},"branchMap":{},"s":{"0":1,"1":370},"f":{"0":370},"b":{},"meta":{"lastBranch":0,"lastFunction":1,"lastStatement":2,"seen":{"s:27:18:29:Infinity":0,"f:27:18:27:22":0,"s:28:1:28:Infinity":1}}}
,"/Users/tkstart/Desktop/development/remix/invoice-web/app/presentation/routes/$.tsx": {"path":"/Users/tkstart/Desktop/development/remix/invoice-web/app/presentation/routes/$.tsx","statementMap":{"0":{"start":{"line":9,"column":34},"end":{"line":17,"column":null}},"1":{"start":{"line":10,"column":1},"end":{"line":16,"column":null}},"2":{"start":{"line":25,"column":1},"end":{"line":28,"column":null}}},"fnMap":{"0":{"name":"(anonymous_0)","decl":{"start":{"line":9,"column":34},"end":{"line":9,"column":40}},"loc":{"start":{"line":9,"column":40},"end":{"line":17,"column":null}},"line":9},"1":{"name":"CatchAll","decl":{"start":{"line":24,"column":24},"end":{"line":24,"column":35}},"loc":{"start":{"line":24,"column":35},"end":{"line":30,"column":null}},"line":24}},"branchMap":{},"s":{"0":0,"1":0,"2":0},"f":{"0":0,"1":0},"b":{},"meta":{"lastBranch":0,"lastFunction":2,"lastStatement":3,"seen":{"s:9:34:17:Infinity":0,"f:9:34:9:40":0,"s:10:1:16:Infinity":1,"f:24:24:24:35":1,"s:25:1:28:Infinity":2}}}
,"/Users/tkstart/Desktop/development/remix/invoice-web/app/presentation/routes/home/home.tsx": {"path":"/Users/tkstart/Desktop/development/remix/invoice-web/app/presentation/routes/home/home.tsx","statementMap":{"0":{"start":{"line":9,"column":20},"end":{"line":18,"column":null}},"1":{"start":{"line":10,"column":1},"end":{"line":17,"column":null}},"2":{"start":{"line":28,"column":1},"end":{"line":47,"column":null}}},"fnMap":{"0":{"name":"(anonymous_0)","decl":{"start":{"line":9,"column":20},"end":{"line":9,"column":21}},"loc":{"start":{"line":9,"column":43},"end":{"line":18,"column":null}},"line":9},"1":{"name":"Home","decl":{"start":{"line":27,"column":24},"end":{"line":27,"column":31}},"loc":{"start":{"line":27,"column":31},"end":{"line":49,"column":null}},"line":27}},"branchMap":{},"s":{"0":0,"1":0,"2":0},"f":{"0":0,"1":0},"b":{},"meta":{"lastBranch":0,"lastFunction":2,"lastStatement":3,"seen":{"s:9:20:18:Infinity":0,"f:9:20:9:21":0,"s:10:1:17:Infinity":1,"f:27:24:27:31":1,"s:28:1:47:Infinity":2}}}
,"/Users/tkstart/Desktop/development/remix/invoice-web/app/presentation/routes/invoices/$invoiceId.tsx": {"path":"/Users/tkstart/Desktop/development/remix/invoice-web/app/presentation/routes/invoices/$invoiceId.tsx","statementMap":{"0":{"start":{"line":34,"column":24},"end":{"line":41,"column":null}},"1":{"start":{"line":48,"column":40},"end":{"line":60,"column":null}},"2":{"start":{"line":49,"column":15},"end":{"line":51,"column":null}},"3":{"start":{"line":53,"column":1},"end":{"line":59,"column":null}},"4":{"start":{"line":72,"column":22},"end":{"line":104,"column":null}},"5":{"start":{"line":74,"column":21},"end":{"line":74,"column":null}},"6":{"start":{"line":75,"column":1},"end":{"line":77,"column":null}},"7":{"start":{"line":76,"column":2},"end":{"line":76,"column":null}},"8":{"start":{"line":79,"column":19},"end":{"line":79,"column":null}},"9":{"start":{"line":82,"column":1},"end":{"line":103,"column":null}},"10":{"start":{"line":84,"column":3},"end":{"line":84,"column":null}},"11":{"start":{"line":86,"column":2},"end":{"line":89,"column":null}},"12":{"start":{"line":92,"column":2},"end":{"line":94,"column":null}},"13":{"start":{"line":93,"column":3},"end":{"line":93,"column":null}},"14":{"start":{"line":98,"column":3},"end":{"line":100,"column":null}},"15":{"start":{"line":101,"column":2},"end":{"line":101,"column":null}},"16":{"start":{"line":102,"column":2},"end":{"line":102,"column":null}},"17":{"start":{"line":117,"column":30},"end":{"line":117,"column":null}},"18":{"start":{"line":118,"column":7},"end":{"line":118,"column":null}},"19":{"start":{"line":119,"column":19},"end":{"line":119,"column":null}},"20":{"start":{"line":121,"column":1},"end":{"line":134,"column":null}},"21":{"start":{"line":122,"column":2},"end":{"line":132,"column":null}},"22":{"start":{"line":136,"column":1},"end":{"line":191,"column":null}},"23":{"start":{"line":198,"column":24},"end":{"line":200,"column":null}},"24":{"start":{"line":199,"column":1},"end":{"line":199,"column":null}},"25":{"start":{"line":205,"column":24},"end":{"line":232,"column":null}},"26":{"start":{"line":206,"column":1},"end":{"line":225,"column":null}},"27":{"start":{"line":207,"column":2},"end":{"line":209,"column":null}},"28":{"start":{"line":208,"column":3},"end":{"line":208,"column":null}},"29":{"start":{"line":210,"column":2},"end":{"line":216,"column":null}},"30":{"start":{"line":211,"column":3},"end":{"line":215,"column":null}},"31":{"start":{"line":217,"column":2},"end":{"line":224,"column":null}},"32":{"start":{"line":227,"column":1},"end":{"line":231,"column":null}},"33":{"start":{"line":241,"column":7},"end":{"line":241,"column":null}},"34":{"start":{"line":242,"column":17},"end":{"line":242,"column":null}},"35":{"start":{"line":244,"column":1},"end":{"line":265,"column":null}}},"fnMap":{"0":{"name":"(anonymous_0)","decl":{"start":{"line":48,"column":40},"end":{"line":48,"column":41}},"loc":{"start":{"line":48,"column":54},"end":{"line":60,"column":null}},"line":48},"1":{"name":"(anonymous_1)","decl":{"start":{"line":72,"column":22},"end":{"line":72,"column":29}},"loc":{"start":{"line":72,"column":71},"end":{"line":104,"column":null}},"line":72},"2":{"name":"InvoiceDetail","decl":{"start":{"line":116,"column":24},"end":{"line":116,"column":40}},"loc":{"start":{"line":116,"column":40},"end":{"line":193,"column":null}},"line":116},"3":{"name":"(anonymous_3)","decl":{"start":{"line":198,"column":24},"end":{"line":198,"column":30}},"loc":{"start":{"line":198,"column":30},"end":{"line":200,"column":null}},"line":198},"4":{"name":"(anonymous_4)","decl":{"start":{"line":205,"column":24},"end":{"line":205,"column":25}},"loc":{"start":{"line":205,"column":44},"end":{"line":232,"column":null}},"line":205},"5":{"name":"ErrorBoundary","decl":{"start":{"line":240,"column":16},"end":{"line":240,"column":32}},"loc":{"start":{"line":240,"column":32},"end":{"line":267,"column":null}},"line":240}},"branchMap":{"0":{"loc":{"start":{"line":49,"column":15},"end":{"line":51,"column":null}},"type":"cond-expr","locations":[{"start":{"line":50,"column":4},"end":{"line":50,"column":null}},{"start":{"line":51,"column":4},"end":{"line":51,"column":null}}],"line":49},"1":{"loc":{"start":{"line":75,"column":1},"end":{"line":77,"column":null}},"type":"if","locations":[{"start":{"line":75,"column":1},"end":{"line":77,"column":null}},{"start":{},"end":{}}],"line":75},"2":{"loc":{"start":{"line":92,"column":2},"end":{"line":94,"column":null}},"type":"if","locations":[{"start":{"line":92,"column":2},"end":{"line":94,"column":null}},{"start":{},"end":{}}],"line":92},"3":{"loc":{"start":{"line":98,"column":3},"end":{"line":100,"column":null}},"type":"cond-expr","locations":[{"start":{"line":98,"column":20},"end":{"line":99,"column":null}},{"start":{"line":100,"column":6},"end":{"line":100,"column":null}}],"line":98},"4":{"loc":{"start":{"line":121,"column":1},"end":{"line":134,"column":null}},"type":"if","locations":[{"start":{"line":121,"column":1},"end":{"line":134,"column":null}},{"start":{},"end":{}}],"line":121},"5":{"loc":{"start":{"line":176,"column":6},"end":{"line":187,"column":null}},"type":"binary-expr","locations":[{"start":{"line":176,"column":6},"end":{"line":176,"column":null}},{"start":{"line":177,"column":6},"end":{"line":187,"column":null}}],"line":176},"6":{"loc":{"start":{"line":206,"column":1},"end":{"line":225,"column":null}},"type":"if","locations":[{"start":{"line":206,"column":1},"end":{"line":225,"column":null}},{"start":{},"end":{}}],"line":206},"7":{"loc":{"start":{"line":207,"column":2},"end":{"line":209,"column":null}},"type":"if","locations":[{"start":{"line":207,"column":2},"end":{"line":209,"column":null}},{"start":{},"end":{}}],"line":207},"8":{"loc":{"start":{"line":210,"column":2},"end":{"line":216,"column":null}},"type":"if","locations":[{"start":{"line":210,"column":2},"end":{"line":216,"column":null}},{"start":{},"end":{}}],"line":210},"9":{"loc":{"start":{"line":221,"column":4},"end":{"line":223,"column":null}},"type":"cond-expr","locations":[{"start":{"line":222,"column":7},"end":{"line":222,"column":null}},{"start":{"line":223,"column":7},"end":{"line":223,"column":null}}],"line":221},"10":{"loc":{"start":{"line":249,"column":4},"end":{"line":263,"column":null}},"type":"cond-expr","locations":[{"start":{"line":250,"column":4},"end":{"line":255,"column":null}},{"start":{"line":257,"column":4},"end":{"line":263,"column":null}}],"line":249}},"s":{"0":1,"1":1,"2":0,"3":0,"4":1,"5":0,"6":0,"7":0,"8":0,"9":0,"10":0,"11":0,"12":0,"13":0,"14":0,"15":0,"16":0,"17":15,"18":15,"19":15,"20":15,"21":0,"22":15,"23":1,"24":0,"25":1,"26":10,"27":10,"28":2,"29":8,"30":5,"31":3,"32":0,"33":10,"34":10,"35":10},"f":{"0":0,"1":0,"2":15,"3":0,"4":10,"5":10},"b":{"0":[0,0],"1":[0,0],"2":[0,0],"3":[0,0],"4":[0,15],"5":[15,14],"6":[10,0],"7":[2,8],"8":[5,3],"9":[3,0],"10":[2,8]},"meta":{"lastBranch":11,"lastFunction":6,"lastStatement":36,"seen":{"s:34:24:41:Infinity":0,"s:48:40:60:Infinity":1,"f:48:40:48:41":0,"s:49:15:51:Infinity":2,"b:50:4:50:Infinity:51:4:51:Infinity":0,"s:53:1:59:Infinity":3,"s:72:22:104:Infinity":4,"f:72:22:72:29":1,"s:74:21:74:Infinity":5,"b:75:1:77:Infinity:undefined:undefined:undefined:undefined":1,"s:75:1:77:Infinity":6,"s:76:2:76:Infinity":7,"s:79:19:79:Infinity":8,"s:82:1:103:Infinity":9,"s:84:3:84:Infinity":10,"s:86:2:89:Infinity":11,"b:92:2:94:Infinity:undefined:undefined:undefined:undefined":2,"s:92:2:94:Infinity":12,"s:93:3:93:Infinity":13,"s:98:3:100:Infinity":14,"b:98:20:99:Infinity:100:6:100:Infinity":3,"s:101:2:101:Infinity":15,"s:102:2:102:Infinity":16,"f:116:24:116:40":2,"s:117:30:117:Infinity":17,"s:118:7:118:Infinity":18,"s:119:19:119:Infinity":19,"b:121:1:134:Infinity:undefined:undefined:undefined:undefined":4,"s:121:1:134:Infinity":20,"s:122:2:132:Infinity":21,"s:136:1:191:Infinity":22,"b:176:6:176:Infinity:177:6:187:Infinity":5,"s:198:24:200:Infinity":23,"f:198:24:198:30":3,"s:199:1:199:Infinity":24,"s:205:24:232:Infinity":25,"f:205:24:205:25":4,"b:206:1:225:Infinity:undefined:undefined:undefined:undefined":6,"s:206:1:225:Infinity":26,"b:207:2:209:Infinity:undefined:undefined:undefined:undefined":7,"s:207:2:209:Infinity":27,"s:208:3:208:Infinity":28,"b:210:2:216:Infinity:undefined:undefined:undefined:undefined":8,"s:210:2:216:Infinity":29,"s:211:3:215:Infinity":30,"s:217:2:224:Infinity":31,"b:222:7:222:Infinity:223:7:223:Infinity":9,"s:227:1:231:Infinity":32,"f:240:16:240:32":5,"s:241:7:241:Infinity":33,"s:242:17:242:Infinity":34,"s:244:1:265:Infinity":35,"b:250:4:255:Infinity:257:4:263:Infinity":10}}}
,"/Users/tkstart/Desktop/development/remix/invoice-web/app/presentation/routes/layouts/app.layout.tsx": {"path":"/Users/tkstart/Desktop/development/remix/invoice-web/app/presentation/routes/layouts/app.layout.tsx","statementMap":{"0":{"start":{"line":12,"column":1},"end":{"line":33,"column":null}}},"fnMap":{"0":{"name":"AppLayout","decl":{"start":{"line":11,"column":24},"end":{"line":11,"column":36}},"loc":{"start":{"line":11,"column":36},"end":{"line":35,"column":null}},"line":11}},"branchMap":{},"s":{"0":0},"f":{"0":0},"b":{},"meta":{"lastBranch":0,"lastFunction":1,"lastStatement":1,"seen":{"f:11:24:11:36":0,"s:12:1:33:Infinity":0}}}
,"/Users/tkstart/Desktop/development/remix/invoice-web/app/presentation/routes/resources/robots.ts": {"path":"/Users/tkstart/Desktop/development/remix/invoice-web/app/presentation/routes/resources/robots.ts","statementMap":{"0":{"start":{"line":4,"column":16},"end":{"line":4,"column":null}},"1":{"start":{"line":7,"column":17},"end":{"line":9,"column":null}},"2":{"start":{"line":11,"column":1},"end":{"line":17,"column":null}}},"fnMap":{"0":{"name":"loader","decl":{"start":{"line":3,"column":22},"end":{"line":3,"column":29}},"loc":{"start":{"line":3,"column":60},"end":{"line":18,"column":null}},"line":3}},"branchMap":{},"s":{"0":0,"1":0,"2":0},"f":{"0":0},"b":{},"meta":{"lastBranch":0,"lastFunction":1,"lastStatement":3,"seen":{"f:3:22:3:29":0,"s:4:16:4:Infinity":0,"s:7:17:9:Infinity":1,"s:11:1:17:Infinity":2}}}
,"/Users/tkstart/Desktop/development/remix/invoice-web/app/presentation/routes/resources/sitemap.ts": {"path":"/Users/tkstart/Desktop/development/remix/invoice-web/app/presentation/routes/resources/sitemap.ts","statementMap":{"0":{"start":{"line":27,"column":27},"end":{"line":39,"column":null}},"1":{"start":{"line":31,"column":59},"end":{"line":31,"column":null}},"2":{"start":{"line":32,"column":26},"end":{"line":32,"column":null}},"3":{"start":{"line":34,"column":1},"end":{"line":37,"column":null}},"4":{"start":{"line":42,"column":16},"end":{"line":42,"column":null}},"5":{"start":{"line":45,"column":21},"end":{"line":45,"column":null}},"6":{"start":{"line":49,"column":32},"end":{"line":49,"column":null}},"7":{"start":{"line":51,"column":18},"end":{"line":51,"column":null}},"8":{"start":{"line":54,"column":21},"end":{"line":56,"column":null}},"9":{"start":{"line":55,"column":2},"end":{"line":55,"column":null}},"10":{"start":{"line":58,"column":17},"end":{"line":64,"column":null}},"11":{"start":{"line":67,"column":1},"end":{"line":73,"column":null}}},"fnMap":{"0":{"name":"(anonymous_0)","decl":{"start":{"line":27,"column":27},"end":{"line":27,"column":null}},"loc":{"start":{"line":30,"column":13},"end":{"line":39,"column":null}},"line":30},"1":{"name":"loader","decl":{"start":{"line":41,"column":22},"end":{"line":41,"column":29}},"loc":{"start":{"line":41,"column":60},"end":{"line":74,"column":null}},"line":41},"2":{"name":"(anonymous_2)","decl":{"start":{"line":54,"column":34},"end":{"line":54,"column":35}},"loc":{"start":{"line":55,"column":2},"end":{"line":55,"column":null}},"line":55}},"branchMap":{"0":{"loc":{"start":{"line":31,"column":15},"end":{"line":31,"column":37}},"type":"default-arg","locations":[{"start":{"line":31,"column":28},"end":{"line":31,"column":37}}],"line":31},"1":{"loc":{"start":{"line":32,"column":26},"end":{"line":32,"column":null}},"type":"binary-expr","locations":[{"start":{"line":32,"column":26},"end":{"line":32,"column":39}},{"start":{"line":32,"column":39},"end":{"line":32,"column":null}}],"line":32},"2":{"loc":{"start":{"line":32,"column":39},"end":{"line":32,"column":null}},"type":"cond-expr","locations":[{"start":{"line":32,"column":54},"end":{"line":32,"column":62}},{"start":{"line":32,"column":62},"end":{"line":32,"column":null}}],"line":32},"3":{"loc":{"start":{"line":37,"column":46},"end":{"line":37,"column":98}},"type":"cond-expr","locations":[{"start":{"line":37,"column":56},"end":{"line":37,"column":96}},{"start":{"line":37,"column":96},"end":{"line":37,"column":98}}],"line":37}},"s":{"0":0,"1":0,"2":0,"3":0,"4":0,"5":0,"6":0,"7":0,"8":0,"9":0,"10":0,"11":0},"f":{"0":0,"1":0,"2":0},"b":{"0":[0],"1":[0,0],"2":[0,0],"3":[0,0]},"meta":{"lastBranch":4,"lastFunction":3,"lastStatement":12,"seen":{"s:27:27:39:Infinity":0,"f:27:27:27:Infinity":0,"s:31:59:31:Infinity":1,"b:31:28:31:37":0,"s:32:26:32:Infinity":2,"b:32:26:32:39:32:39:32:Infinity":1,"b:32:54:32:62:32:62:32:Infinity":2,"s:34:1:37:Infinity":3,"b:37:56:37:96:37:96:37:98":3,"f:41:22:41:29":1,"s:42:16:42:Infinity":4,"s:45:21:45:Infinity":5,"s:49:32:49:Infinity":6,"s:51:18:51:Infinity":7,"s:54:21:56:Infinity":8,"f:54:34:54:35":2,"s:55:2:55:Infinity":9,"s:58:17:64:Infinity":10,"s:67:1:73:Infinity":11}}}
}
