{
	"/Users/tkstart/Desktop/development/remix/invoice-web/adapters/cloudflare/app.ts": {
		"path": "/Users/tkstart/Desktop/development/remix/invoice-web/adapters/cloudflare/app.ts",
		"statementMap": {
			"0": {
				"start": { "line": 5, "column": 6 },
				"end": { "line": 8, "column": null }
			},
			"1": {
				"start": { "line": 6, "column": 7 },
				"end": { "line": 6, "column": null }
			},
			"2": {
				"start": { "line": 16, "column": 8 },
				"end": { "line": 16, "column": null }
			},
			"3": {
				"start": { "line": 19, "column": 8 },
				"end": { "line": 19, "column": null }
			},
			"4": {
				"start": { "line": 21, "column": 2 },
				"end": { "line": 26, "column": null }
			}
		},
		"fnMap": {
			"0": {
				"name": "(anonymous_0)",
				"decl": {
					"start": { "line": 6, "column": 1 },
					"end": { "line": 6, "column": 7 }
				},
				"loc": {
					"start": { "line": 6, "column": 7 },
					"end": { "line": 6, "column": null }
				},
				"line": 6
			},
			"1": {
				"name": "(anonymous_1)",
				"decl": {
					"start": { "line": 14, "column": 7 },
					"end": { "line": 14, "column": 13 }
				},
				"loc": {
					"start": { "line": 14, "column": 42 },
					"end": { "line": 27, "column": null }
				},
				"line": 14
			}
		},
		"branchMap": {},
		"s": { "0": 0, "1": 0, "2": 0, "3": 0, "4": 0 },
		"f": { "0": 0, "1": 0 },
		"b": {},
		"meta": {
			"lastBranch": 0,
			"lastFunction": 2,
			"lastStatement": 5,
			"seen": {
				"s:5:6:8:Infinity": 0,
				"f:6:1:6:7": 0,
				"s:6:7:6:Infinity": 1,
				"f:14:7:14:13": 1,
				"s:16:8:16:Infinity": 2,
				"s:19:8:19:Infinity": 3,
				"s:21:2:26:Infinity": 4
			}
		}
	},
	"/Users/tkstart/Desktop/development/remix/invoice-web/adapters/cloudflare/env.adapter.ts": {
		"path": "/Users/tkstart/Desktop/development/remix/invoice-web/adapters/cloudflare/env.adapter.ts",
		"statementMap": {
			"0": {
				"start": { "line": 13, "column": 36 },
				"end": { "line": 19, "column": null }
			},
			"1": {
				"start": { "line": 17, "column": 16 },
				"end": { "line": 17, "column": null }
			},
			"2": {
				"start": { "line": 18, "column": 1 },
				"end": { "line": 18, "column": null }
			}
		},
		"fnMap": {
			"0": {
				"name": "(anonymous_0)",
				"decl": {
					"start": { "line": 13, "column": 36 },
					"end": { "line": 13, "column": 37 }
				},
				"loc": {
					"start": { "line": 13, "column": 68 },
					"end": { "line": 19, "column": null }
				},
				"line": 13
			}
		},
		"branchMap": {},
		"s": { "0": 0, "1": 0, "2": 0 },
		"f": { "0": 0 },
		"b": {},
		"meta": {
			"lastBranch": 0,
			"lastFunction": 1,
			"lastStatement": 3,
			"seen": {
				"s:13:36:19:Infinity": 0,
				"f:13:36:13:37": 0,
				"s:17:16:17:Infinity": 1,
				"s:18:1:18:Infinity": 2
			}
		}
	},
	"/Users/tkstart/Desktop/development/remix/invoice-web/adapters/shared/context.ts": {
		"path": "/Users/tkstart/Desktop/development/remix/invoice-web/adapters/shared/context.ts",
		"statementMap": {},
		"fnMap": {},
		"branchMap": {},
		"s": {},
		"f": {},
		"b": {},
		"meta": {
			"lastBranch": 0,
			"lastFunction": 0,
			"lastStatement": 0,
			"seen": {}
		}
	},
	"/Users/tkstart/Desktop/development/remix/invoice-web/adapters/shared/env.ts": {
		"path": "/Users/tkstart/Desktop/development/remix/invoice-web/adapters/shared/env.ts",
		"statementMap": {
			"0": {
				"start": { "line": 16, "column": 25 },
				"end": { "line": 27, "column": null }
			},
			"1": {
				"start": { "line": 33, "column": 24 },
				"end": { "line": 33, "column": null }
			},
			"2": {
				"start": { "line": 43, "column": 36 },
				"end": { "line": 58, "column": null }
			},
			"3": {
				"start": { "line": 46, "column": 1 },
				"end": { "line": 48, "column": null }
			},
			"4": {
				"start": { "line": 47, "column": 2 },
				"end": { "line": 47, "column": null }
			},
			"5": {
				"start": { "line": 50, "column": 40 },
				"end": { "line": 50, "column": null }
			},
			"6": {
				"start": { "line": 51, "column": 1 },
				"end": { "line": 56, "column": null }
			},
			"7": {
				"start": { "line": 52, "column": 16 },
				"end": { "line": 52, "column": null }
			},
			"8": {
				"start": { "line": 53, "column": 2 },
				"end": { "line": 55, "column": null }
			},
			"9": {
				"start": { "line": 54, "column": 3 },
				"end": { "line": 54, "column": null }
			},
			"10": {
				"start": { "line": 57, "column": 1 },
				"end": { "line": 57, "column": null }
			},
			"11": {
				"start": { "line": 69, "column": 24 },
				"end": { "line": 72, "column": null }
			},
			"12": {
				"start": { "line": 70, "column": 20 },
				"end": { "line": 70, "column": null }
			},
			"13": {
				"start": { "line": 71, "column": 1 },
				"end": { "line": 71, "column": null }
			}
		},
		"fnMap": {
			"0": {
				"name": "(anonymous_0)",
				"decl": {
					"start": { "line": 43, "column": 36 },
					"end": { "line": 43, "column": null }
				},
				"loc": {
					"start": { "line": 45, "column": 22 },
					"end": { "line": 58, "column": null }
				},
				"line": 45
			},
			"1": {
				"name": "(anonymous_1)",
				"decl": {
					"start": { "line": 69, "column": 24 },
					"end": { "line": 69, "column": 25 }
				},
				"loc": {
					"start": { "line": 69, "column": 69 },
					"end": { "line": 72, "column": null }
				},
				"line": 69
			}
		},
		"branchMap": {
			"0": {
				"loc": {
					"start": { "line": 46, "column": 1 },
					"end": { "line": 48, "column": null }
				},
				"type": "if",
				"locations": [
					{
						"start": { "line": 46, "column": 1 },
						"end": { "line": 48, "column": null }
					},
					{ "start": {}, "end": {} }
				],
				"line": 46
			},
			"1": {
				"loc": {
					"start": { "line": 53, "column": 2 },
					"end": { "line": 55, "column": null }
				},
				"type": "if",
				"locations": [
					{
						"start": { "line": 53, "column": 2 },
						"end": { "line": 55, "column": null }
					},
					{ "start": {}, "end": {} }
				],
				"line": 53
			}
		},
		"s": {
			"0": 1,
			"1": 1,
			"2": 1,
			"3": 5,
			"4": 0,
			"5": 5,
			"6": 5,
			"7": 20,
			"8": 20,
			"9": 16,
			"10": 5,
			"11": 1,
			"12": 3,
			"13": 3
		},
		"f": { "0": 5, "1": 3 },
		"b": { "0": [0, 5], "1": [16, 4] },
		"meta": {
			"lastBranch": 2,
			"lastFunction": 2,
			"lastStatement": 14,
			"seen": {
				"s:16:25:27:Infinity": 0,
				"s:33:24:33:Infinity": 1,
				"s:43:36:58:Infinity": 2,
				"f:43:36:43:Infinity": 0,
				"b:46:1:48:Infinity:undefined:undefined:undefined:undefined": 0,
				"s:46:1:48:Infinity": 3,
				"s:47:2:47:Infinity": 4,
				"s:50:40:50:Infinity": 5,
				"s:51:1:56:Infinity": 6,
				"s:52:16:52:Infinity": 7,
				"b:53:2:55:Infinity:undefined:undefined:undefined:undefined": 1,
				"s:53:2:55:Infinity": 8,
				"s:54:3:54:Infinity": 9,
				"s:57:1:57:Infinity": 10,
				"s:69:24:72:Infinity": 11,
				"f:69:24:69:25": 1,
				"s:70:20:70:Infinity": 12,
				"s:71:1:71:Infinity": 13
			}
		}
	},
	"/Users/tkstart/Desktop/development/remix/invoice-web/app/application/invoice/errors.ts": {
		"path": "/Users/tkstart/Desktop/development/remix/invoice-web/app/application/invoice/errors.ts",
		"statementMap": {
			"0": {
				"start": { "line": 12, "column": 2 },
				"end": { "line": 12, "column": null }
			},
			"1": {
				"start": { "line": 13, "column": 2 },
				"end": { "line": 13, "column": null }
			},
			"2": {
				"start": { "line": 25, "column": 2 },
				"end": { "line": 25, "column": null }
			},
			"3": {
				"start": { "line": 23, "column": 18 },
				"end": { "line": 23, "column": null }
			},
			"4": {
				"start": { "line": 26, "column": 2 },
				"end": { "line": 26, "column": null }
			},
			"5": {
				"start": { "line": 38, "column": 2 },
				"end": { "line": 38, "column": null }
			},
			"6": {
				"start": { "line": 36, "column": 18 },
				"end": { "line": 36, "column": null }
			},
			"7": {
				"start": { "line": 39, "column": 2 },
				"end": { "line": 39, "column": null }
			}
		},
		"fnMap": {
			"0": {
				"name": "(anonymous_0)",
				"decl": {
					"start": { "line": 11, "column": 1 },
					"end": { "line": 11, "column": 13 }
				},
				"loc": {
					"start": { "line": 11, "column": 32 },
					"end": { "line": 14, "column": null }
				},
				"line": 11
			},
			"1": {
				"name": "(anonymous_1)",
				"decl": {
					"start": { "line": 21, "column": 1 },
					"end": { "line": 21, "column": null }
				},
				"loc": {
					"start": { "line": 24, "column": 3 },
					"end": { "line": 27, "column": null }
				},
				"line": 24
			},
			"2": {
				"name": "(anonymous_2)",
				"decl": {
					"start": { "line": 34, "column": 1 },
					"end": { "line": 34, "column": null }
				},
				"loc": {
					"start": { "line": 37, "column": 3 },
					"end": { "line": 40, "column": null }
				},
				"line": 37
			}
		},
		"branchMap": {},
		"s": {
			"0": 17,
			"1": 17,
			"2": 15,
			"3": 15,
			"4": 15,
			"5": 16,
			"6": 16,
			"7": 16
		},
		"f": { "0": 17, "1": 15, "2": 16 },
		"b": {},
		"meta": {
			"lastBranch": 0,
			"lastFunction": 3,
			"lastStatement": 8,
			"seen": {
				"f:11:1:11:13": 0,
				"s:12:2:12:Infinity": 0,
				"s:13:2:13:Infinity": 1,
				"f:21:1:21:Infinity": 1,
				"s:25:2:25:Infinity": 2,
				"s:23:18:23:Infinity": 3,
				"s:26:2:26:Infinity": 4,
				"f:34:1:34:Infinity": 2,
				"s:38:2:38:Infinity": 5,
				"s:36:18:36:Infinity": 6,
				"s:39:2:39:Infinity": 7
			}
		}
	},
	"/Users/tkstart/Desktop/development/remix/invoice-web/app/application/invoice/invoice.port.ts": {
		"path": "/Users/tkstart/Desktop/development/remix/invoice-web/app/application/invoice/invoice.port.ts",
		"statementMap": {},
		"fnMap": {},
		"branchMap": {},
		"s": {},
		"f": {},
		"b": {},
		"meta": {
			"lastBranch": 0,
			"lastFunction": 0,
			"lastStatement": 0,
			"seen": {}
		}
	},
	"/Users/tkstart/Desktop/development/remix/invoice-web/app/application/invoice/invoice.service.ts": {
		"path": "/Users/tkstart/Desktop/development/remix/invoice-web/app/application/invoice/invoice.service.ts",
		"statementMap": {
			"0": {
				"start": { "line": 42, "column": 36 },
				"end": { "line": 58, "column": null }
			},
			"1": {
				"start": { "line": 45, "column": 1 },
				"end": { "line": 57, "column": null }
			},
			"2": {
				"start": { "line": 47, "column": 3 },
				"end": { "line": 47, "column": null }
			},
			"3": {
				"start": { "line": 50, "column": 19 },
				"end": { "line": 50, "column": null }
			},
			"4": {
				"start": { "line": 51, "column": 3 },
				"end": { "line": 53, "column": null }
			},
			"5": {
				"start": { "line": 52, "column": 4 },
				"end": { "line": 52, "column": null }
			},
			"6": {
				"start": { "line": 54, "column": 19 },
				"end": { "line": 54, "column": null }
			},
			"7": {
				"start": { "line": 55, "column": 3 },
				"end": { "line": 55, "column": null }
			}
		},
		"fnMap": {
			"0": {
				"name": "(anonymous_0)",
				"decl": {
					"start": { "line": 42, "column": 36 },
					"end": { "line": 42, "column": null }
				},
				"loc": {
					"start": { "line": 44, "column": 21 },
					"end": { "line": 58, "column": null }
				},
				"line": 44
			},
			"1": {
				"name": "(anonymous_1)",
				"decl": {
					"start": { "line": 46, "column": 18 },
					"end": { "line": 46, "column": 30 }
				},
				"loc": {
					"start": { "line": 46, "column": 30 },
					"end": { "line": 48, "column": null }
				},
				"line": 46
			},
			"2": {
				"name": "(anonymous_2)",
				"decl": {
					"start": { "line": 49, "column": 20 },
					"end": { "line": 49, "column": 27 }
				},
				"loc": {
					"start": { "line": 49, "column": 49 },
					"end": { "line": 56, "column": null }
				},
				"line": 49
			}
		},
		"branchMap": {
			"0": {
				"loc": {
					"start": { "line": 51, "column": 3 },
					"end": { "line": 53, "column": null }
				},
				"type": "if",
				"locations": [
					{
						"start": { "line": 51, "column": 3 },
						"end": { "line": 53, "column": null }
					},
					{ "start": {}, "end": {} }
				],
				"line": 51
			}
		},
		"s": { "0": 1, "1": 7, "2": 3, "3": 5, "4": 4, "5": 2, "6": 2, "7": 1 },
		"f": { "0": 7, "1": 3, "2": 5 },
		"b": { "0": [2, 2] },
		"meta": {
			"lastBranch": 1,
			"lastFunction": 3,
			"lastStatement": 8,
			"seen": {
				"s:42:36:58:Infinity": 0,
				"f:42:36:42:Infinity": 0,
				"s:45:1:57:Infinity": 1,
				"f:46:18:46:30": 1,
				"s:47:3:47:Infinity": 2,
				"f:49:20:49:27": 2,
				"s:50:19:50:Infinity": 3,
				"b:51:3:53:Infinity:undefined:undefined:undefined:undefined": 0,
				"s:51:3:53:Infinity": 4,
				"s:52:4:52:Infinity": 5,
				"s:54:19:54:Infinity": 6,
				"s:55:3:55:Infinity": 7
			}
		}
	},
	"/Users/tkstart/Desktop/development/remix/invoice-web/app/application/shared/container.types.ts": {
		"path": "/Users/tkstart/Desktop/development/remix/invoice-web/app/application/shared/container.types.ts",
		"statementMap": {},
		"fnMap": {},
		"branchMap": {},
		"s": {},
		"f": {},
		"b": {},
		"meta": {
			"lastBranch": 0,
			"lastFunction": 0,
			"lastStatement": 0,
			"seen": {}
		}
	},
	"/Users/tkstart/Desktop/development/remix/invoice-web/app/domain/company/company.schemas.ts": {
		"path": "/Users/tkstart/Desktop/development/remix/invoice-web/app/domain/company/company.schemas.ts",
		"statementMap": {
			"0": {
				"start": { "line": 15, "column": 33 },
				"end": { "line": 22, "column": null }
			}
		},
		"fnMap": {},
		"branchMap": {},
		"s": { "0": 4 },
		"f": {},
		"b": {},
		"meta": {
			"lastBranch": 0,
			"lastFunction": 0,
			"lastStatement": 1,
			"seen": { "s:15:33:22:Infinity": 0 }
		}
	},
	"/Users/tkstart/Desktop/development/remix/invoice-web/app/domain/company/company.types.ts": {
		"path": "/Users/tkstart/Desktop/development/remix/invoice-web/app/domain/company/company.types.ts",
		"statementMap": {},
		"fnMap": {},
		"branchMap": {},
		"s": {},
		"f": {},
		"b": {},
		"meta": {
			"lastBranch": 0,
			"lastFunction": 0,
			"lastStatement": 0,
			"seen": {}
		}
	},
	"/Users/tkstart/Desktop/development/remix/invoice-web/app/domain/invoice/invoice.schemas.ts": {
		"path": "/Users/tkstart/Desktop/development/remix/invoice-web/app/domain/invoice/invoice.schemas.ts",
		"statementMap": {
			"0": {
				"start": { "line": 15, "column": 35 },
				"end": { "line": 15, "column": null }
			},
			"1": {
				"start": { "line": 22, "column": 37 },
				"end": { "line": 30, "column": null }
			},
			"2": {
				"start": { "line": 38, "column": 29 },
				"end": { "line": 54, "column": null }
			},
			"3": {
				"start": { "line": 61, "column": 42 },
				"end": { "line": 63, "column": null }
			}
		},
		"fnMap": {},
		"branchMap": {},
		"s": { "0": 4, "1": 4, "2": 4, "3": 4 },
		"f": {},
		"b": {},
		"meta": {
			"lastBranch": 0,
			"lastFunction": 0,
			"lastStatement": 4,
			"seen": {
				"s:15:35:15:Infinity": 0,
				"s:22:37:30:Infinity": 1,
				"s:38:29:54:Infinity": 2,
				"s:61:42:63:Infinity": 3
			}
		}
	},
	"/Users/tkstart/Desktop/development/remix/invoice-web/app/domain/invoice/invoice.types.ts": {
		"path": "/Users/tkstart/Desktop/development/remix/invoice-web/app/domain/invoice/invoice.types.ts",
		"statementMap": {
			"0": {
				"start": { "line": 10, "column": 29 },
				"end": { "line": 15, "column": null }
			}
		},
		"fnMap": {},
		"branchMap": {},
		"s": { "0": 2 },
		"f": {},
		"b": {},
		"meta": {
			"lastBranch": 0,
			"lastFunction": 0,
			"lastStatement": 1,
			"seen": { "s:10:29:15:Infinity": 0 }
		}
	},
	"/Users/tkstart/Desktop/development/remix/invoice-web/app/domain/shared/common.schemas.ts": {
		"path": "/Users/tkstart/Desktop/development/remix/invoice-web/app/domain/shared/common.schemas.ts",
		"statementMap": {
			"0": {
				"start": { "line": 8, "column": 32 },
				"end": { "line": 12, "column": null }
			}
		},
		"fnMap": {},
		"branchMap": {},
		"s": { "0": 0 },
		"f": {},
		"b": {},
		"meta": {
			"lastBranch": 0,
			"lastFunction": 0,
			"lastStatement": 1,
			"seen": { "s:8:32:12:Infinity": 0 }
		}
	},
	"/Users/tkstart/Desktop/development/remix/invoice-web/app/domain/shared/common.types.ts": {
		"path": "/Users/tkstart/Desktop/development/remix/invoice-web/app/domain/shared/common.types.ts",
		"statementMap": {},
		"fnMap": {},
		"branchMap": {},
		"s": {},
		"f": {},
		"b": {},
		"meta": {
			"lastBranch": 0,
			"lastFunction": 0,
			"lastStatement": 0,
			"seen": {}
		}
	},
	"/Users/tkstart/Desktop/development/remix/invoice-web/app/presentation/components/not-found.tsx": {
		"path": "/Users/tkstart/Desktop/development/remix/invoice-web/app/presentation/components/not-found.tsx",
		"statementMap": {
			"0": {
				"start": { "line": 26, "column": 1 },
				"end": { "line": 47, "column": null }
			}
		},
		"fnMap": {
			"0": {
				"name": "NotFound",
				"decl": {
					"start": { "line": 25, "column": 16 },
					"end": { "line": 25, "column": 27 }
				},
				"loc": {
					"start": { "line": 25, "column": 27 },
					"end": { "line": 49, "column": null }
				},
				"line": 25
			}
		},
		"branchMap": {},
		"s": { "0": 0 },
		"f": { "0": 0 },
		"b": {},
		"meta": {
			"lastBranch": 0,
			"lastFunction": 1,
			"lastStatement": 1,
			"seen": { "f:25:16:25:27": 0, "s:26:1:47:Infinity": 0 }
		}
	},
	"/Users/tkstart/Desktop/development/remix/invoice-web/app/presentation/components/error/error-state.tsx": {
		"path": "/Users/tkstart/Desktop/development/remix/invoice-web/app/presentation/components/error/error-state.tsx",
		"statementMap": {
			"0": {
				"start": { "line": 32, "column": 14 },
				"end": { "line": 32, "column": null }
			},
			"1": {
				"start": { "line": 33, "column": 20 },
				"end": { "line": 33, "column": null }
			},
			"2": {
				"start": { "line": 36, "column": 26 },
				"end": { "line": 36, "column": null }
			},
			"3": {
				"start": { "line": 37, "column": 31 },
				"end": { "line": 39, "column": null }
			},
			"4": {
				"start": { "line": 41, "column": 1 },
				"end": { "line": 71, "column": null }
			}
		},
		"fnMap": {
			"0": {
				"name": "ErrorState",
				"decl": {
					"start": { "line": 23, "column": 24 },
					"end": { "line": 23, "column": 35 }
				},
				"loc": {
					"start": { "line": 31, "column": 20 },
					"end": { "line": 73, "column": null }
				},
				"line": 31
			}
		},
		"branchMap": {
			"0": {
				"loc": {
					"start": { "line": 24, "column": 1 },
					"end": { "line": 24, "column": null }
				},
				"type": "default-arg",
				"locations": [
					{
						"start": { "line": 24, "column": 9 },
						"end": { "line": 24, "column": null }
					}
				],
				"line": 24
			},
			"1": {
				"loc": {
					"start": { "line": 25, "column": 1 },
					"end": { "line": 25, "column": null }
				},
				"type": "default-arg",
				"locations": [
					{
						"start": { "line": 25, "column": 11 },
						"end": { "line": 25, "column": null }
					}
				],
				"line": 25
			},
			"2": {
				"loc": {
					"start": { "line": 29, "column": 1 },
					"end": { "line": 29, "column": null }
				},
				"type": "default-arg",
				"locations": [
					{
						"start": { "line": 29, "column": 11 },
						"end": { "line": 29, "column": null }
					}
				],
				"line": 29
			},
			"3": {
				"loc": {
					"start": { "line": 32, "column": 14 },
					"end": { "line": 32, "column": null }
				},
				"type": "cond-expr",
				"locations": [
					{
						"start": { "line": 32, "column": 36 },
						"end": { "line": 32, "column": 50 }
					},
					{
						"start": { "line": 32, "column": 50 },
						"end": { "line": 32, "column": null }
					}
				],
				"line": 32
			},
			"4": {
				"loc": {
					"start": { "line": 33, "column": 20 },
					"end": { "line": 33, "column": null }
				},
				"type": "cond-expr",
				"locations": [
					{
						"start": { "line": 33, "column": 42 },
						"end": { "line": 33, "column": 57 }
					},
					{
						"start": { "line": 33, "column": 57 },
						"end": { "line": 33, "column": null }
					}
				],
				"line": 33
			},
			"5": {
				"loc": {
					"start": { "line": 36, "column": 26 },
					"end": { "line": 36, "column": null }
				},
				"type": "binary-expr",
				"locations": [
					{
						"start": { "line": 36, "column": 26 },
						"end": { "line": 36, "column": 41 }
					},
					{
						"start": { "line": 36, "column": 41 },
						"end": { "line": 36, "column": null }
					}
				],
				"line": 36
			},
			"6": {
				"loc": {
					"start": { "line": 37, "column": 31 },
					"end": { "line": 39, "column": null }
				},
				"type": "cond-expr",
				"locations": [
					{
						"start": { "line": 38, "column": 4 },
						"end": { "line": 38, "column": null }
					},
					{
						"start": { "line": 39, "column": 5 },
						"end": { "line": 39, "column": null }
					}
				],
				"line": 37
			},
			"7": {
				"loc": {
					"start": { "line": 39, "column": 5 },
					"end": { "line": 39, "column": null }
				},
				"type": "binary-expr",
				"locations": [
					{
						"start": { "line": 39, "column": 5 },
						"end": { "line": 39, "column": 20 }
					},
					{
						"start": { "line": 39, "column": 20 },
						"end": { "line": 39, "column": null }
					}
				],
				"line": 39
			},
			"8": {
				"loc": {
					"start": { "line": 57, "column": 5 },
					"end": { "line": 63, "column": null }
				},
				"type": "binary-expr",
				"locations": [
					{
						"start": { "line": 57, "column": 5 },
						"end": { "line": 57, "column": null }
					},
					{
						"start": { "line": 58, "column": 5 },
						"end": { "line": 63, "column": null }
					}
				],
				"line": 57
			},
			"9": {
				"loc": {
					"start": { "line": 59, "column": 15 },
					"end": { "line": 59, "column": null }
				},
				"type": "cond-expr",
				"locations": [
					{
						"start": { "line": 59, "column": 37 },
						"end": { "line": 59, "column": 53 }
					},
					{
						"start": { "line": 59, "column": 53 },
						"end": { "line": 59, "column": null }
					}
				],
				"line": 59
			},
			"10": {
				"loc": {
					"start": { "line": 65, "column": 5 },
					"end": { "line": 68, "column": null }
				},
				"type": "binary-expr",
				"locations": [
					{
						"start": { "line": 65, "column": 5 },
						"end": { "line": 65, "column": null }
					},
					{
						"start": { "line": 66, "column": 5 },
						"end": { "line": 68, "column": null }
					}
				],
				"line": 65
			},
			"11": {
				"loc": {
					"start": { "line": 66, "column": 22 },
					"end": { "line": 66, "column": 55 }
				},
				"type": "cond-expr",
				"locations": [
					{
						"start": { "line": 66, "column": 32 },
						"end": { "line": 66, "column": 44 }
					},
					{
						"start": { "line": 66, "column": 44 },
						"end": { "line": 66, "column": 55 }
					}
				],
				"line": 66
			}
		},
		"s": { "0": 27, "1": 27, "2": 27, "3": 27, "4": 27 },
		"f": { "0": 27 },
		"b": {
			"0": [27],
			"1": [27],
			"2": [27],
			"3": [23, 4],
			"4": [23, 4],
			"5": [27, 25],
			"6": [7, 20],
			"7": [20, 19],
			"8": [27, 7],
			"9": [6, 1],
			"10": [27, 5],
			"11": [2, 3]
		},
		"meta": {
			"lastBranch": 12,
			"lastFunction": 1,
			"lastStatement": 5,
			"seen": {
				"f:23:24:23:35": 0,
				"b:24:9:24:Infinity": 0,
				"b:25:11:25:Infinity": 1,
				"b:29:11:29:Infinity": 2,
				"s:32:14:32:Infinity": 0,
				"b:32:36:32:50:32:50:32:Infinity": 3,
				"s:33:20:33:Infinity": 1,
				"b:33:42:33:57:33:57:33:Infinity": 4,
				"s:36:26:36:Infinity": 2,
				"b:36:26:36:41:36:41:36:Infinity": 5,
				"s:37:31:39:Infinity": 3,
				"b:38:4:38:Infinity:39:5:39:Infinity": 6,
				"b:39:5:39:20:39:20:39:Infinity": 7,
				"s:41:1:71:Infinity": 4,
				"b:57:5:57:Infinity:58:5:63:Infinity": 8,
				"b:59:37:59:53:59:53:59:Infinity": 9,
				"b:65:5:65:Infinity:66:5:68:Infinity": 10,
				"b:66:32:66:44:66:44:66:55": 11
			}
		}
	},
	"/Users/tkstart/Desktop/development/remix/invoice-web/app/presentation/components/error/not-found-state.tsx": {
		"path": "/Users/tkstart/Desktop/development/remix/invoice-web/app/presentation/components/error/not-found-state.tsx",
		"statementMap": {
			"0": {
				"start": { "line": 28, "column": 1 },
				"end": { "line": 54, "column": null }
			}
		},
		"fnMap": {
			"0": {
				"name": "NotFoundState",
				"decl": {
					"start": { "line": 21, "column": 24 },
					"end": { "line": 21, "column": 38 }
				},
				"loc": {
					"start": { "line": 27, "column": 23 },
					"end": { "line": 56, "column": null }
				},
				"line": 27
			}
		},
		"branchMap": {
			"0": {
				"loc": {
					"start": { "line": 22, "column": 1 },
					"end": { "line": 22, "column": null }
				},
				"type": "default-arg",
				"locations": [
					{
						"start": { "line": 22, "column": 9 },
						"end": { "line": 22, "column": null }
					}
				],
				"line": 22
			},
			"1": {
				"loc": {
					"start": { "line": 23, "column": 1 },
					"end": { "line": 23, "column": null }
				},
				"type": "default-arg",
				"locations": [
					{
						"start": { "line": 23, "column": 11 },
						"end": { "line": 23, "column": null }
					}
				],
				"line": 23
			},
			"2": {
				"loc": {
					"start": { "line": 24, "column": 1 },
					"end": { "line": 24, "column": null }
				},
				"type": "default-arg",
				"locations": [
					{
						"start": { "line": 24, "column": 15 },
						"end": { "line": 24, "column": null }
					}
				],
				"line": 24
			},
			"3": {
				"loc": {
					"start": { "line": 25, "column": 1 },
					"end": { "line": 25, "column": null }
				},
				"type": "default-arg",
				"locations": [
					{
						"start": { "line": 25, "column": 14 },
						"end": { "line": 25, "column": null }
					}
				],
				"line": 25
			}
		},
		"s": { "0": 24 },
		"f": { "0": 24 },
		"b": { "0": [24], "1": [24], "2": [24], "3": [24] },
		"meta": {
			"lastBranch": 4,
			"lastFunction": 1,
			"lastStatement": 1,
			"seen": {
				"f:21:24:21:38": 0,
				"b:22:9:22:Infinity": 0,
				"b:23:11:23:Infinity": 1,
				"b:24:15:24:Infinity": 2,
				"b:25:14:25:Infinity": 3,
				"s:28:1:54:Infinity": 0
			}
		}
	},
	"/Users/tkstart/Desktop/development/remix/invoice-web/app/presentation/components/invoice/empty-invoice-list.tsx": {
		"path": "/Users/tkstart/Desktop/development/remix/invoice-web/app/presentation/components/invoice/empty-invoice-list.tsx",
		"statementMap": {
			"0": {
				"start": { "line": 16, "column": 1 },
				"end": { "line": 38, "column": null }
			}
		},
		"fnMap": {
			"0": {
				"name": "EmptyInvoiceList",
				"decl": {
					"start": { "line": 15, "column": 24 },
					"end": { "line": 15, "column": 41 }
				},
				"loc": {
					"start": { "line": 15, "column": 79 },
					"end": { "line": 40, "column": null }
				},
				"line": 15
			}
		},
		"branchMap": {},
		"s": { "0": 13 },
		"f": { "0": 13 },
		"b": {},
		"meta": {
			"lastBranch": 0,
			"lastFunction": 1,
			"lastStatement": 1,
			"seen": { "f:15:24:15:41": 0, "s:16:1:38:Infinity": 0 }
		}
	},
	"/Users/tkstart/Desktop/development/remix/invoice-web/app/presentation/components/invoice/invoice-actions.tsx": {
		"path": "/Users/tkstart/Desktop/development/remix/invoice-web/app/presentation/components/invoice/invoice-actions.tsx",
		"statementMap": {
			"0": {
				"start": { "line": 25, "column": 21 },
				"end": { "line": 27, "column": null }
			},
			"1": {
				"start": { "line": 26, "column": 2 },
				"end": { "line": 26, "column": null }
			},
			"2": {
				"start": { "line": 29, "column": 27 },
				"end": { "line": 35, "column": null }
			},
			"3": {
				"start": { "line": 30, "column": 2 },
				"end": { "line": 34, "column": null }
			},
			"4": {
				"start": { "line": 31, "column": 3 },
				"end": { "line": 31, "column": null }
			},
			"5": {
				"start": { "line": 33, "column": 3 },
				"end": { "line": 33, "column": null }
			},
			"6": {
				"start": { "line": 37, "column": 1 },
				"end": { "line": 55, "column": null }
			}
		},
		"fnMap": {
			"0": {
				"name": "InvoiceActions",
				"decl": {
					"start": { "line": 21, "column": 24 },
					"end": { "line": 21, "column": 39 }
				},
				"loc": {
					"start": { "line": 24, "column": 24 },
					"end": { "line": 57, "column": null }
				},
				"line": 24
			},
			"1": {
				"name": "(anonymous_1)",
				"decl": {
					"start": { "line": 25, "column": 21 },
					"end": { "line": 25, "column": 27 }
				},
				"loc": {
					"start": { "line": 25, "column": 27 },
					"end": { "line": 27, "column": null }
				},
				"line": 25
			},
			"2": {
				"name": "(anonymous_2)",
				"decl": {
					"start": { "line": 29, "column": 27 },
					"end": { "line": 29, "column": 33 }
				},
				"loc": {
					"start": { "line": 29, "column": 33 },
					"end": { "line": 35, "column": null }
				},
				"line": 29
			}
		},
		"branchMap": {
			"0": {
				"loc": {
					"start": { "line": 30, "column": 2 },
					"end": { "line": 34, "column": null }
				},
				"type": "if",
				"locations": [
					{
						"start": { "line": 30, "column": 2 },
						"end": { "line": 34, "column": null }
					},
					{
						"start": { "line": 32, "column": 9 },
						"end": { "line": 34, "column": null }
					}
				],
				"line": 30
			}
		},
		"s": { "0": 49, "1": 1, "2": 49, "3": 3, "4": 2, "5": 1, "6": 49 },
		"f": { "0": 49, "1": 1, "2": 3 },
		"b": { "0": [2, 1] },
		"meta": {
			"lastBranch": 1,
			"lastFunction": 3,
			"lastStatement": 7,
			"seen": {
				"f:21:24:21:39": 0,
				"s:25:21:27:Infinity": 0,
				"f:25:21:25:27": 1,
				"s:26:2:26:Infinity": 1,
				"s:29:27:35:Infinity": 2,
				"f:29:27:29:33": 2,
				"b:30:2:34:Infinity:32:9:34:Infinity": 0,
				"s:30:2:34:Infinity": 3,
				"s:31:3:31:Infinity": 4,
				"s:33:3:33:Infinity": 5,
				"s:37:1:55:Infinity": 6
			}
		}
	},
	"/Users/tkstart/Desktop/development/remix/invoice-web/app/presentation/components/invoice/invoice-card.tsx": {
		"path": "/Users/tkstart/Desktop/development/remix/invoice-web/app/presentation/components/invoice/invoice-card.tsx",
		"statementMap": {
			"0": {
				"start": { "line": 26, "column": 7 },
				"end": { "line": 26, "column": null }
			},
			"1": {
				"start": { "line": 28, "column": 1 },
				"end": { "line": 53, "column": null }
			}
		},
		"fnMap": {
			"0": {
				"name": "InvoiceCard",
				"decl": {
					"start": { "line": 25, "column": 24 },
					"end": { "line": 25, "column": 36 }
				},
				"loc": {
					"start": { "line": 25, "column": 78 },
					"end": { "line": 55, "column": null }
				},
				"line": 25
			}
		},
		"branchMap": {},
		"s": { "0": 146, "1": 146 },
		"f": { "0": 146 },
		"b": {},
		"meta": {
			"lastBranch": 0,
			"lastFunction": 1,
			"lastStatement": 2,
			"seen": {
				"f:25:24:25:36": 0,
				"s:26:7:26:Infinity": 0,
				"s:28:1:53:Infinity": 1
			}
		}
	},
	"/Users/tkstart/Desktop/development/remix/invoice-web/app/presentation/components/invoice/invoice-detail-skeleton.tsx": {
		"path": "/Users/tkstart/Desktop/development/remix/invoice-web/app/presentation/components/invoice/invoice-detail-skeleton.tsx",
		"statementMap": {
			"0": {
				"start": { "line": 18, "column": 1 },
				"end": { "line": 134, "column": null }
			},
			"1": {
				"start": { "line": 94, "column": 5 },
				"end": { "line": 103, "column": null }
			}
		},
		"fnMap": {
			"0": {
				"name": "InvoiceDetailSkeleton",
				"decl": {
					"start": { "line": 15, "column": 24 },
					"end": { "line": 15, "column": 46 }
				},
				"loc": {
					"start": { "line": 17, "column": 31 },
					"end": { "line": 136, "column": null }
				},
				"line": 17
			},
			"1": {
				"name": "(anonymous_1)",
				"decl": {
					"start": { "line": 93, "column": 35 },
					"end": { "line": 93, "column": 36 }
				},
				"loc": {
					"start": { "line": 94, "column": 5 },
					"end": { "line": 103, "column": null }
				},
				"line": 94
			}
		},
		"branchMap": {},
		"s": { "0": 20, "1": 100 },
		"f": { "0": 20, "1": 100 },
		"b": {},
		"meta": {
			"lastBranch": 0,
			"lastFunction": 2,
			"lastStatement": 2,
			"seen": {
				"f:15:24:15:46": 0,
				"s:18:1:134:Infinity": 0,
				"f:93:35:93:36": 1,
				"s:94:5:103:Infinity": 1
			}
		}
	},
	"/Users/tkstart/Desktop/development/remix/invoice-web/app/presentation/components/invoice/invoice-header.tsx": {
		"path": "/Users/tkstart/Desktop/development/remix/invoice-web/app/presentation/components/invoice/invoice-header.tsx",
		"statementMap": {
			"0": {
				"start": { "line": 23, "column": 1 },
				"end": { "line": 84, "column": null }
			}
		},
		"fnMap": {
			"0": {
				"name": "InvoiceHeader",
				"decl": {
					"start": { "line": 18, "column": 24 },
					"end": { "line": 18, "column": 38 }
				},
				"loc": {
					"start": { "line": 22, "column": 23 },
					"end": { "line": 86, "column": null }
				},
				"line": 22
			}
		},
		"branchMap": {
			"0": {
				"loc": {
					"start": { "line": 29, "column": 6 },
					"end": { "line": 34, "column": null }
				},
				"type": "binary-expr",
				"locations": [
					{
						"start": { "line": 29, "column": 6 },
						"end": { "line": 29, "column": null }
					},
					{
						"start": { "line": 30, "column": 6 },
						"end": { "line": 34, "column": null }
					}
				],
				"line": 29
			}
		},
		"s": { "0": 42 },
		"f": { "0": 42 },
		"b": { "0": [42, 11] },
		"meta": {
			"lastBranch": 1,
			"lastFunction": 1,
			"lastStatement": 1,
			"seen": {
				"f:18:24:18:38": 0,
				"s:23:1:84:Infinity": 0,
				"b:29:6:29:Infinity:30:6:34:Infinity": 0
			}
		}
	},
	"/Users/tkstart/Desktop/development/remix/invoice-web/app/presentation/components/invoice/invoice-list-skeleton.tsx": {
		"path": "/Users/tkstart/Desktop/development/remix/invoice-web/app/presentation/components/invoice/invoice-list-skeleton.tsx",
		"statementMap": {
			"0": {
				"start": { "line": 25, "column": 1 },
				"end": { "line": 50, "column": null }
			},
			"1": {
				"start": { "line": 34, "column": 4 },
				"end": { "line": 48, "column": null }
			}
		},
		"fnMap": {
			"0": {
				"name": "InvoiceListSkeleton",
				"decl": {
					"start": { "line": 21, "column": 24 },
					"end": { "line": 21, "column": 44 }
				},
				"loc": {
					"start": { "line": 24, "column": 29 },
					"end": { "line": 52, "column": null }
				},
				"line": 24
			},
			"1": {
				"name": "(anonymous_1)",
				"decl": {
					"start": { "line": 33, "column": 38 },
					"end": { "line": 33, "column": 39 }
				},
				"loc": {
					"start": { "line": 34, "column": 4 },
					"end": { "line": 48, "column": null }
				},
				"line": 34
			}
		},
		"branchMap": {
			"0": {
				"loc": {
					"start": { "line": 22, "column": 1 },
					"end": { "line": 22, "column": null }
				},
				"type": "default-arg",
				"locations": [
					{
						"start": { "line": 22, "column": 9 },
						"end": { "line": 22, "column": null }
					}
				],
				"line": 22
			}
		},
		"s": { "0": 12, "1": 58 },
		"f": { "0": 12, "1": 58 },
		"b": { "0": [12] },
		"meta": {
			"lastBranch": 1,
			"lastFunction": 2,
			"lastStatement": 2,
			"seen": {
				"f:21:24:21:44": 0,
				"b:22:9:22:Infinity": 0,
				"s:25:1:50:Infinity": 0,
				"f:33:38:33:39": 1,
				"s:34:4:48:Infinity": 1
			}
		}
	},
	"/Users/tkstart/Desktop/development/remix/invoice-web/app/presentation/components/invoice/invoice-summary.tsx": {
		"path": "/Users/tkstart/Desktop/development/remix/invoice-web/app/presentation/components/invoice/invoice-summary.tsx",
		"statementMap": {
			"0": {
				"start": { "line": 27, "column": 1 },
				"end": { "line": 57, "column": null }
			}
		},
		"fnMap": {
			"0": {
				"name": "InvoiceSummary",
				"decl": {
					"start": { "line": 19, "column": 24 },
					"end": { "line": 19, "column": 39 }
				},
				"loc": {
					"start": { "line": 26, "column": 24 },
					"end": { "line": 59, "column": null }
				},
				"line": 26
			}
		},
		"branchMap": {
			"0": {
				"loc": {
					"start": { "line": 24, "column": 1 },
					"end": { "line": 24, "column": null }
				},
				"type": "default-arg",
				"locations": [
					{
						"start": { "line": 24, "column": 12 },
						"end": { "line": 24, "column": null }
					}
				],
				"line": 24
			}
		},
		"s": { "0": 36 },
		"f": { "0": 36 },
		"b": { "0": [36] },
		"meta": {
			"lastBranch": 1,
			"lastFunction": 1,
			"lastStatement": 1,
			"seen": {
				"f:19:24:19:39": 0,
				"b:24:12:24:Infinity": 0,
				"s:27:1:57:Infinity": 0
			}
		}
	},
	"/Users/tkstart/Desktop/development/remix/invoice-web/app/presentation/components/invoice/invoice-table.tsx": {
		"path": "/Users/tkstart/Desktop/development/remix/invoice-web/app/presentation/components/invoice/invoice-table.tsx",
		"statementMap": {
			"0": {
				"start": { "line": 30, "column": 21 },
				"end": { "line": 32, "column": null }
			},
			"1": {
				"start": { "line": 31, "column": 12 },
				"end": { "line": 31, "column": null }
			},
			"2": {
				"start": { "line": 34, "column": 1 },
				"end": { "line": 71, "column": null }
			},
			"3": {
				"start": { "line": 57, "column": 7 },
				"end": { "line": 66, "column": null }
			}
		},
		"fnMap": {
			"0": {
				"name": "InvoiceTable",
				"decl": {
					"start": { "line": 25, "column": 24 },
					"end": { "line": 25, "column": 37 }
				},
				"loc": {
					"start": { "line": 29, "column": 22 },
					"end": { "line": 73, "column": null }
				},
				"line": 29
			},
			"1": {
				"name": "(anonymous_1)",
				"decl": {
					"start": { "line": 31, "column": 2 },
					"end": { "line": 31, "column": 3 }
				},
				"loc": {
					"start": { "line": 31, "column": 12 },
					"end": { "line": 31, "column": null }
				},
				"line": 31
			},
			"2": {
				"name": "(anonymous_2)",
				"decl": {
					"start": { "line": 56, "column": 22 },
					"end": { "line": 56, "column": 23 }
				},
				"loc": {
					"start": { "line": 57, "column": 7 },
					"end": { "line": 66, "column": null }
				},
				"line": 57
			}
		},
		"branchMap": {
			"0": {
				"loc": {
					"start": { "line": 27, "column": 1 },
					"end": { "line": 27, "column": null }
				},
				"type": "default-arg",
				"locations": [
					{
						"start": { "line": 27, "column": 12 },
						"end": { "line": 27, "column": null }
					}
				],
				"line": 27
			},
			"1": {
				"loc": {
					"start": { "line": 46, "column": 6 },
					"end": { "line": 67, "column": null }
				},
				"type": "cond-expr",
				"locations": [
					{
						"start": { "line": 47, "column": 6 },
						"end": { "line": 54, "column": null }
					},
					{
						"start": { "line": 56, "column": 6 },
						"end": { "line": 67, "column": null }
					}
				],
				"line": 46
			}
		},
		"s": { "0": 37, "1": 155, "2": 37, "3": 187 },
		"f": { "0": 37, "1": 155, "2": 187 },
		"b": { "0": [37], "1": [3, 34] },
		"meta": {
			"lastBranch": 2,
			"lastFunction": 3,
			"lastStatement": 4,
			"seen": {
				"f:25:24:25:37": 0,
				"b:27:12:27:Infinity": 0,
				"s:30:21:32:Infinity": 0,
				"f:31:2:31:3": 1,
				"s:31:12:31:Infinity": 1,
				"s:34:1:71:Infinity": 2,
				"b:47:6:54:Infinity:56:6:67:Infinity": 1,
				"f:56:22:56:23": 2,
				"s:57:7:66:Infinity": 3
			}
		}
	},
	"/Users/tkstart/Desktop/development/remix/invoice-web/app/presentation/components/ui/alert-dialog.tsx": {
		"path": "/Users/tkstart/Desktop/development/remix/invoice-web/app/presentation/components/ui/alert-dialog.tsx",
		"statementMap": {
			"0": {
				"start": { "line": 9, "column": 1 },
				"end": { "line": 9, "column": null }
			},
			"1": {
				"start": { "line": 15, "column": 1 },
				"end": { "line": 16, "column": null }
			},
			"2": {
				"start": { "line": 23, "column": 1 },
				"end": { "line": 24, "column": null }
			},
			"3": {
				"start": { "line": 32, "column": 1 },
				"end": { "line": 40, "column": null }
			},
			"4": {
				"start": { "line": 48, "column": 1 },
				"end": { "line": 59, "column": null }
			},
			"5": {
				"start": { "line": 67, "column": 1 },
				"end": { "line": 72, "column": null }
			},
			"6": {
				"start": { "line": 80, "column": 1 },
				"end": { "line": 88, "column": null }
			},
			"7": {
				"start": { "line": 96, "column": 1 },
				"end": { "line": 101, "column": null }
			},
			"8": {
				"start": { "line": 109, "column": 1 },
				"end": { "line": 114, "column": null }
			},
			"9": {
				"start": { "line": 122, "column": 1 },
				"end": { "line": 126, "column": null }
			},
			"10": {
				"start": { "line": 134, "column": 1 },
				"end": { "line": 138, "column": null }
			}
		},
		"fnMap": {
			"0": {
				"name": "AlertDialog",
				"decl": {
					"start": { "line": 6, "column": 9 },
					"end": { "line": 6, "column": 21 }
				},
				"loc": {
					"start": { "line": 8, "column": 59 },
					"end": { "line": 10, "column": null }
				},
				"line": 8
			},
			"1": {
				"name": "AlertDialogTrigger",
				"decl": {
					"start": { "line": 12, "column": 9 },
					"end": { "line": 12, "column": 28 }
				},
				"loc": {
					"start": { "line": 14, "column": 62 },
					"end": { "line": 18, "column": null }
				},
				"line": 14
			},
			"2": {
				"name": "AlertDialogPortal",
				"decl": {
					"start": { "line": 20, "column": 9 },
					"end": { "line": 20, "column": 27 }
				},
				"loc": {
					"start": { "line": 22, "column": 61 },
					"end": { "line": 26, "column": null }
				},
				"line": 22
			},
			"3": {
				"name": "AlertDialogOverlay",
				"decl": {
					"start": { "line": 28, "column": 9 },
					"end": { "line": 28, "column": 28 }
				},
				"loc": {
					"start": { "line": 31, "column": 62 },
					"end": { "line": 42, "column": null }
				},
				"line": 31
			},
			"4": {
				"name": "AlertDialogContent",
				"decl": {
					"start": { "line": 44, "column": 9 },
					"end": { "line": 44, "column": 28 }
				},
				"loc": {
					"start": { "line": 47, "column": 62 },
					"end": { "line": 61, "column": null }
				},
				"line": 47
			},
			"5": {
				"name": "AlertDialogHeader",
				"decl": {
					"start": { "line": 63, "column": 9 },
					"end": { "line": 63, "column": 27 }
				},
				"loc": {
					"start": { "line": 66, "column": 32 },
					"end": { "line": 74, "column": null }
				},
				"line": 66
			},
			"6": {
				"name": "AlertDialogFooter",
				"decl": {
					"start": { "line": 76, "column": 9 },
					"end": { "line": 76, "column": 27 }
				},
				"loc": {
					"start": { "line": 79, "column": 32 },
					"end": { "line": 90, "column": null }
				},
				"line": 79
			},
			"7": {
				"name": "AlertDialogTitle",
				"decl": {
					"start": { "line": 92, "column": 9 },
					"end": { "line": 92, "column": 26 }
				},
				"loc": {
					"start": { "line": 95, "column": 60 },
					"end": { "line": 103, "column": null }
				},
				"line": 95
			},
			"8": {
				"name": "AlertDialogDescription",
				"decl": {
					"start": { "line": 105, "column": 9 },
					"end": { "line": 105, "column": 32 }
				},
				"loc": {
					"start": { "line": 108, "column": 66 },
					"end": { "line": 116, "column": null }
				},
				"line": 108
			},
			"9": {
				"name": "AlertDialogAction",
				"decl": {
					"start": { "line": 118, "column": 9 },
					"end": { "line": 118, "column": 27 }
				},
				"loc": {
					"start": { "line": 121, "column": 61 },
					"end": { "line": 128, "column": null }
				},
				"line": 121
			},
			"10": {
				"name": "AlertDialogCancel",
				"decl": {
					"start": { "line": 130, "column": 9 },
					"end": { "line": 130, "column": 27 }
				},
				"loc": {
					"start": { "line": 133, "column": 61 },
					"end": { "line": 140, "column": null }
				},
				"line": 133
			}
		},
		"branchMap": {},
		"s": {
			"0": 0,
			"1": 0,
			"2": 0,
			"3": 0,
			"4": 0,
			"5": 0,
			"6": 0,
			"7": 0,
			"8": 0,
			"9": 0,
			"10": 0
		},
		"f": {
			"0": 0,
			"1": 0,
			"2": 0,
			"3": 0,
			"4": 0,
			"5": 0,
			"6": 0,
			"7": 0,
			"8": 0,
			"9": 0,
			"10": 0
		},
		"b": {},
		"meta": {
			"lastBranch": 0,
			"lastFunction": 11,
			"lastStatement": 11,
			"seen": {
				"f:6:9:6:21": 0,
				"s:9:1:9:Infinity": 0,
				"f:12:9:12:28": 1,
				"s:15:1:16:Infinity": 1,
				"f:20:9:20:27": 2,
				"s:23:1:24:Infinity": 2,
				"f:28:9:28:28": 3,
				"s:32:1:40:Infinity": 3,
				"f:44:9:44:28": 4,
				"s:48:1:59:Infinity": 4,
				"f:63:9:63:27": 5,
				"s:67:1:72:Infinity": 5,
				"f:76:9:76:27": 6,
				"s:80:1:88:Infinity": 6,
				"f:92:9:92:26": 7,
				"s:96:1:101:Infinity": 7,
				"f:105:9:105:32": 8,
				"s:109:1:114:Infinity": 8,
				"f:118:9:118:27": 9,
				"s:122:1:126:Infinity": 9,
				"f:130:9:130:27": 10,
				"s:134:1:138:Infinity": 10
			}
		}
	},
	"/Users/tkstart/Desktop/development/remix/invoice-web/app/presentation/components/ui/alert.tsx": {
		"path": "/Users/tkstart/Desktop/development/remix/invoice-web/app/presentation/components/ui/alert.tsx",
		"statementMap": {
			"0": {
				"start": { "line": 6, "column": 6 },
				"end": { "line": 20, "column": null }
			},
			"1": {
				"start": { "line": 27, "column": 1 },
				"end": { "line": 33, "column": null }
			},
			"2": {
				"start": { "line": 38, "column": 1 },
				"end": { "line": 46, "column": null }
			},
			"3": {
				"start": { "line": 54, "column": 1 },
				"end": { "line": 62, "column": null }
			}
		},
		"fnMap": {
			"0": {
				"name": "Alert",
				"decl": {
					"start": { "line": 22, "column": 9 },
					"end": { "line": 22, "column": 15 }
				},
				"loc": {
					"start": { "line": 26, "column": 69 },
					"end": { "line": 35, "column": null }
				},
				"line": 26
			},
			"1": {
				"name": "AlertTitle",
				"decl": {
					"start": { "line": 37, "column": 9 },
					"end": { "line": 37, "column": 20 }
				},
				"loc": {
					"start": { "line": 37, "column": 74 },
					"end": { "line": 48, "column": null }
				},
				"line": 37
			},
			"2": {
				"name": "AlertDescription",
				"decl": {
					"start": { "line": 50, "column": 9 },
					"end": { "line": 50, "column": 26 }
				},
				"loc": {
					"start": { "line": 53, "column": 32 },
					"end": { "line": 64, "column": null }
				},
				"line": 53
			}
		},
		"branchMap": {},
		"s": { "0": 0, "1": 0, "2": 0, "3": 0 },
		"f": { "0": 0, "1": 0, "2": 0 },
		"b": {},
		"meta": {
			"lastBranch": 0,
			"lastFunction": 3,
			"lastStatement": 4,
			"seen": {
				"s:6:6:20:Infinity": 0,
				"f:22:9:22:15": 0,
				"s:27:1:33:Infinity": 1,
				"f:37:9:37:20": 1,
				"s:38:1:46:Infinity": 2,
				"f:50:9:50:26": 2,
				"s:54:1:62:Infinity": 3
			}
		}
	},
	"/Users/tkstart/Desktop/development/remix/invoice-web/app/presentation/components/ui/avatar.tsx": {
		"path": "/Users/tkstart/Desktop/development/remix/invoice-web/app/presentation/components/ui/avatar.tsx",
		"statementMap": {
			"0": {
				"start": { "line": 10, "column": 1 },
				"end": { "line": 18, "column": null }
			},
			"1": {
				"start": { "line": 26, "column": 1 },
				"end": { "line": 31, "column": null }
			},
			"2": {
				"start": { "line": 39, "column": 1 },
				"end": { "line": 47, "column": null }
			}
		},
		"fnMap": {
			"0": {
				"name": "Avatar",
				"decl": {
					"start": { "line": 6, "column": 9 },
					"end": { "line": 6, "column": 16 }
				},
				"loc": {
					"start": { "line": 9, "column": 54 },
					"end": { "line": 20, "column": null }
				},
				"line": 9
			},
			"1": {
				"name": "AvatarImage",
				"decl": {
					"start": { "line": 22, "column": 9 },
					"end": { "line": 22, "column": 21 }
				},
				"loc": {
					"start": { "line": 25, "column": 55 },
					"end": { "line": 33, "column": null }
				},
				"line": 25
			},
			"2": {
				"name": "AvatarFallback",
				"decl": {
					"start": { "line": 35, "column": 9 },
					"end": { "line": 35, "column": 24 }
				},
				"loc": {
					"start": { "line": 38, "column": 58 },
					"end": { "line": 49, "column": null }
				},
				"line": 38
			}
		},
		"branchMap": {},
		"s": { "0": 0, "1": 0, "2": 0 },
		"f": { "0": 0, "1": 0, "2": 0 },
		"b": {},
		"meta": {
			"lastBranch": 0,
			"lastFunction": 3,
			"lastStatement": 3,
			"seen": {
				"f:6:9:6:16": 0,
				"s:10:1:18:Infinity": 0,
				"f:22:9:22:21": 1,
				"s:26:1:31:Infinity": 1,
				"f:35:9:35:24": 2,
				"s:39:1:47:Infinity": 2
			}
		}
	},
	"/Users/tkstart/Desktop/development/remix/invoice-web/app/presentation/components/ui/badge.tsx": {
		"path": "/Users/tkstart/Desktop/development/remix/invoice-web/app/presentation/components/ui/badge.tsx",
		"statementMap": {
			"0": {
				"start": { "line": 7, "column": 6 },
				"end": { "line": 26, "column": null }
			},
			"1": {
				"start": { "line": 35, "column": 14 },
				"end": { "line": 35, "column": null }
			},
			"2": {
				"start": { "line": 37, "column": 1 },
				"end": { "line": 42, "column": null }
			}
		},
		"fnMap": {
			"0": {
				"name": "Badge",
				"decl": {
					"start": { "line": 28, "column": 9 },
					"end": { "line": 28, "column": 15 }
				},
				"loc": {
					"start": { "line": 34, "column": 61 },
					"end": { "line": 44, "column": null }
				},
				"line": 34
			}
		},
		"branchMap": {
			"0": {
				"loc": {
					"start": { "line": 31, "column": 1 },
					"end": { "line": 31, "column": null }
				},
				"type": "default-arg",
				"locations": [
					{
						"start": { "line": 31, "column": 11 },
						"end": { "line": 31, "column": null }
					}
				],
				"line": 31
			},
			"1": {
				"loc": {
					"start": { "line": 35, "column": 14 },
					"end": { "line": 35, "column": null }
				},
				"type": "cond-expr",
				"locations": [
					{
						"start": { "line": 35, "column": 24 },
						"end": { "line": 35, "column": 31 }
					},
					{
						"start": { "line": 35, "column": 31 },
						"end": { "line": 35, "column": null }
					}
				],
				"line": 35
			}
		},
		"s": { "0": 3, "1": 146, "2": 146 },
		"f": { "0": 146 },
		"b": { "0": [146], "1": [0, 146] },
		"meta": {
			"lastBranch": 2,
			"lastFunction": 1,
			"lastStatement": 3,
			"seen": {
				"s:7:6:26:Infinity": 0,
				"f:28:9:28:15": 0,
				"b:31:11:31:Infinity": 0,
				"s:35:14:35:Infinity": 1,
				"b:35:24:35:31:35:31:35:Infinity": 1,
				"s:37:1:42:Infinity": 2
			}
		}
	},
	"/Users/tkstart/Desktop/development/remix/invoice-web/app/presentation/components/ui/button.tsx": {
		"path": "/Users/tkstart/Desktop/development/remix/invoice-web/app/presentation/components/ui/button.tsx",
		"statementMap": {
			"0": {
				"start": { "line": 7, "column": 6 },
				"end": { "line": 37, "column": null }
			},
			"1": {
				"start": { "line": 49, "column": 14 },
				"end": { "line": 49, "column": null }
			},
			"2": {
				"start": { "line": 51, "column": 1 },
				"end": { "line": 58, "column": null }
			}
		},
		"fnMap": {
			"0": {
				"name": "Button",
				"decl": {
					"start": { "line": 39, "column": 9 },
					"end": { "line": 39, "column": 16 }
				},
				"loc": {
					"start": { "line": 48, "column": 4 },
					"end": { "line": 60, "column": null }
				},
				"line": 48
			}
		},
		"branchMap": {
			"0": {
				"loc": {
					"start": { "line": 41, "column": 1 },
					"end": { "line": 41, "column": null }
				},
				"type": "default-arg",
				"locations": [
					{
						"start": { "line": 41, "column": 11 },
						"end": { "line": 41, "column": null }
					}
				],
				"line": 41
			},
			"1": {
				"loc": {
					"start": { "line": 42, "column": 1 },
					"end": { "line": 42, "column": null }
				},
				"type": "default-arg",
				"locations": [
					{
						"start": { "line": 42, "column": 8 },
						"end": { "line": 42, "column": null }
					}
				],
				"line": 42
			},
			"2": {
				"loc": {
					"start": { "line": 43, "column": 1 },
					"end": { "line": 43, "column": null }
				},
				"type": "default-arg",
				"locations": [
					{
						"start": { "line": 43, "column": 11 },
						"end": { "line": 43, "column": null }
					}
				],
				"line": 43
			},
			"3": {
				"loc": {
					"start": { "line": 49, "column": 14 },
					"end": { "line": 49, "column": null }
				},
				"type": "cond-expr",
				"locations": [
					{
						"start": { "line": 49, "column": 24 },
						"end": { "line": 49, "column": 31 }
					},
					{
						"start": { "line": 49, "column": 31 },
						"end": { "line": 49, "column": null }
					}
				],
				"line": 49
			}
		},
		"s": { "0": 6, "1": 183, "2": 183 },
		"f": { "0": 183 },
		"b": { "0": [183], "1": [183], "2": [183], "3": [78, 105] },
		"meta": {
			"lastBranch": 4,
			"lastFunction": 1,
			"lastStatement": 3,
			"seen": {
				"s:7:6:37:Infinity": 0,
				"f:39:9:39:16": 0,
				"b:41:11:41:Infinity": 0,
				"b:42:8:42:Infinity": 1,
				"b:43:11:43:Infinity": 2,
				"s:49:14:49:Infinity": 1,
				"b:49:24:49:31:49:31:49:Infinity": 3,
				"s:51:1:58:Infinity": 2
			}
		}
	},
	"/Users/tkstart/Desktop/development/remix/invoice-web/app/presentation/components/ui/card.tsx": {
		"path": "/Users/tkstart/Desktop/development/remix/invoice-web/app/presentation/components/ui/card.tsx",
		"statementMap": {
			"0": {
				"start": { "line": 5, "column": 1 },
				"end": { "line": 13, "column": null }
			},
			"1": {
				"start": { "line": 18, "column": 1 },
				"end": { "line": 26, "column": null }
			},
			"2": {
				"start": { "line": 31, "column": 1 },
				"end": { "line": 36, "column": null }
			},
			"3": {
				"start": { "line": 41, "column": 1 },
				"end": { "line": 46, "column": null }
			},
			"4": {
				"start": { "line": 51, "column": 1 },
				"end": { "line": 59, "column": null }
			},
			"5": {
				"start": { "line": 64, "column": 1 },
				"end": { "line": 69, "column": null }
			},
			"6": {
				"start": { "line": 74, "column": 1 },
				"end": { "line": 79, "column": null }
			}
		},
		"fnMap": {
			"0": {
				"name": "Card",
				"decl": {
					"start": { "line": 4, "column": 9 },
					"end": { "line": 4, "column": 14 }
				},
				"loc": {
					"start": { "line": 4, "column": 68 },
					"end": { "line": 15, "column": null }
				},
				"line": 4
			},
			"1": {
				"name": "CardHeader",
				"decl": {
					"start": { "line": 17, "column": 9 },
					"end": { "line": 17, "column": 20 }
				},
				"loc": {
					"start": { "line": 17, "column": 74 },
					"end": { "line": 28, "column": null }
				},
				"line": 17
			},
			"2": {
				"name": "CardTitle",
				"decl": {
					"start": { "line": 30, "column": 9 },
					"end": { "line": 30, "column": 19 }
				},
				"loc": {
					"start": { "line": 30, "column": 73 },
					"end": { "line": 38, "column": null }
				},
				"line": 30
			},
			"3": {
				"name": "CardDescription",
				"decl": {
					"start": { "line": 40, "column": 9 },
					"end": { "line": 40, "column": 25 }
				},
				"loc": {
					"start": { "line": 40, "column": 79 },
					"end": { "line": 48, "column": null }
				},
				"line": 40
			},
			"4": {
				"name": "CardAction",
				"decl": {
					"start": { "line": 50, "column": 9 },
					"end": { "line": 50, "column": 20 }
				},
				"loc": {
					"start": { "line": 50, "column": 74 },
					"end": { "line": 61, "column": null }
				},
				"line": 50
			},
			"5": {
				"name": "CardContent",
				"decl": {
					"start": { "line": 63, "column": 9 },
					"end": { "line": 63, "column": 21 }
				},
				"loc": {
					"start": { "line": 63, "column": 75 },
					"end": { "line": 71, "column": null }
				},
				"line": 63
			},
			"6": {
				"name": "CardFooter",
				"decl": {
					"start": { "line": 73, "column": 9 },
					"end": { "line": 73, "column": 20 }
				},
				"loc": {
					"start": { "line": 73, "column": 74 },
					"end": { "line": 81, "column": null }
				},
				"line": 73
			}
		},
		"branchMap": {},
		"s": { "0": 234, "1": 204, "2": 146, "3": 0, "4": 0, "5": 234, "6": 0 },
		"f": { "0": 234, "1": 204, "2": 146, "3": 0, "4": 0, "5": 234, "6": 0 },
		"b": {},
		"meta": {
			"lastBranch": 0,
			"lastFunction": 7,
			"lastStatement": 7,
			"seen": {
				"f:4:9:4:14": 0,
				"s:5:1:13:Infinity": 0,
				"f:17:9:17:20": 1,
				"s:18:1:26:Infinity": 1,
				"f:30:9:30:19": 2,
				"s:31:1:36:Infinity": 2,
				"f:40:9:40:25": 3,
				"s:41:1:46:Infinity": 3,
				"f:50:9:50:20": 4,
				"s:51:1:59:Infinity": 4,
				"f:63:9:63:21": 5,
				"s:64:1:69:Infinity": 5,
				"f:73:9:73:20": 6,
				"s:74:1:79:Infinity": 6
			}
		}
	},
	"/Users/tkstart/Desktop/development/remix/invoice-web/app/presentation/components/ui/checkbox.tsx": {
		"path": "/Users/tkstart/Desktop/development/remix/invoice-web/app/presentation/components/ui/checkbox.tsx",
		"statementMap": {
			"0": {
				"start": { "line": 11, "column": 1 },
				"end": { "line": 26, "column": null }
			}
		},
		"fnMap": {
			"0": {
				"name": "Checkbox",
				"decl": {
					"start": { "line": 7, "column": 9 },
					"end": { "line": 7, "column": 18 }
				},
				"loc": {
					"start": { "line": 10, "column": 56 },
					"end": { "line": 28, "column": null }
				},
				"line": 10
			}
		},
		"branchMap": {},
		"s": { "0": 0 },
		"f": { "0": 0 },
		"b": {},
		"meta": {
			"lastBranch": 0,
			"lastFunction": 1,
			"lastStatement": 1,
			"seen": { "f:7:9:7:18": 0, "s:11:1:26:Infinity": 0 }
		}
	},
	"/Users/tkstart/Desktop/development/remix/invoice-web/app/presentation/components/ui/dialog.tsx": {
		"path": "/Users/tkstart/Desktop/development/remix/invoice-web/app/presentation/components/ui/dialog.tsx",
		"statementMap": {
			"0": {
				"start": { "line": 10, "column": 1 },
				"end": { "line": 10, "column": null }
			},
			"1": {
				"start": { "line": 16, "column": 1 },
				"end": { "line": 16, "column": null }
			},
			"2": {
				"start": { "line": 22, "column": 1 },
				"end": { "line": 22, "column": null }
			},
			"3": {
				"start": { "line": 28, "column": 1 },
				"end": { "line": 28, "column": null }
			},
			"4": {
				"start": { "line": 35, "column": 1 },
				"end": { "line": 43, "column": null }
			},
			"5": {
				"start": { "line": 55, "column": 1 },
				"end": { "line": 77, "column": null }
			},
			"6": {
				"start": { "line": 82, "column": 1 },
				"end": { "line": 87, "column": null }
			},
			"7": {
				"start": { "line": 92, "column": 1 },
				"end": { "line": 100, "column": null }
			},
			"8": {
				"start": { "line": 108, "column": 1 },
				"end": { "line": 113, "column": null }
			},
			"9": {
				"start": { "line": 121, "column": 1 },
				"end": { "line": 126, "column": null }
			}
		},
		"fnMap": {
			"0": {
				"name": "Dialog",
				"decl": {
					"start": { "line": 7, "column": 9 },
					"end": { "line": 7, "column": 16 }
				},
				"loc": {
					"start": { "line": 9, "column": 54 },
					"end": { "line": 11, "column": null }
				},
				"line": 9
			},
			"1": {
				"name": "DialogTrigger",
				"decl": {
					"start": { "line": 13, "column": 9 },
					"end": { "line": 13, "column": 23 }
				},
				"loc": {
					"start": { "line": 15, "column": 57 },
					"end": { "line": 17, "column": null }
				},
				"line": 15
			},
			"2": {
				"name": "DialogPortal",
				"decl": {
					"start": { "line": 19, "column": 9 },
					"end": { "line": 19, "column": 22 }
				},
				"loc": {
					"start": { "line": 21, "column": 56 },
					"end": { "line": 23, "column": null }
				},
				"line": 21
			},
			"3": {
				"name": "DialogClose",
				"decl": {
					"start": { "line": 25, "column": 9 },
					"end": { "line": 25, "column": 21 }
				},
				"loc": {
					"start": { "line": 27, "column": 55 },
					"end": { "line": 29, "column": null }
				},
				"line": 27
			},
			"4": {
				"name": "DialogOverlay",
				"decl": {
					"start": { "line": 31, "column": 9 },
					"end": { "line": 31, "column": 23 }
				},
				"loc": {
					"start": { "line": 34, "column": 57 },
					"end": { "line": 45, "column": null }
				},
				"line": 34
			},
			"5": {
				"name": "DialogContent",
				"decl": {
					"start": { "line": 47, "column": 9 },
					"end": { "line": 47, "column": 23 }
				},
				"loc": {
					"start": { "line": 54, "column": 3 },
					"end": { "line": 79, "column": null }
				},
				"line": 54
			},
			"6": {
				"name": "DialogHeader",
				"decl": {
					"start": { "line": 81, "column": 9 },
					"end": { "line": 81, "column": 22 }
				},
				"loc": {
					"start": { "line": 81, "column": 76 },
					"end": { "line": 89, "column": null }
				},
				"line": 81
			},
			"7": {
				"name": "DialogFooter",
				"decl": {
					"start": { "line": 91, "column": 9 },
					"end": { "line": 91, "column": 22 }
				},
				"loc": {
					"start": { "line": 91, "column": 76 },
					"end": { "line": 102, "column": null }
				},
				"line": 91
			},
			"8": {
				"name": "DialogTitle",
				"decl": {
					"start": { "line": 104, "column": 9 },
					"end": { "line": 104, "column": 21 }
				},
				"loc": {
					"start": { "line": 107, "column": 55 },
					"end": { "line": 115, "column": null }
				},
				"line": 107
			},
			"9": {
				"name": "DialogDescription",
				"decl": {
					"start": { "line": 117, "column": 9 },
					"end": { "line": 117, "column": 27 }
				},
				"loc": {
					"start": { "line": 120, "column": 61 },
					"end": { "line": 128, "column": null }
				},
				"line": 120
			}
		},
		"branchMap": {
			"0": {
				"loc": {
					"start": { "line": 50, "column": 1 },
					"end": { "line": 50, "column": null }
				},
				"type": "default-arg",
				"locations": [
					{
						"start": { "line": 50, "column": 19 },
						"end": { "line": 50, "column": null }
					}
				],
				"line": 50
			},
			"1": {
				"loc": {
					"start": { "line": 67, "column": 5 },
					"end": { "line": 74, "column": null }
				},
				"type": "binary-expr",
				"locations": [
					{
						"start": { "line": 67, "column": 5 },
						"end": { "line": 67, "column": null }
					},
					{
						"start": { "line": 68, "column": 5 },
						"end": { "line": 74, "column": null }
					}
				],
				"line": 67
			}
		},
		"s": {
			"0": 0,
			"1": 0,
			"2": 0,
			"3": 0,
			"4": 0,
			"5": 0,
			"6": 0,
			"7": 0,
			"8": 0,
			"9": 0
		},
		"f": {
			"0": 0,
			"1": 0,
			"2": 0,
			"3": 0,
			"4": 0,
			"5": 0,
			"6": 0,
			"7": 0,
			"8": 0,
			"9": 0
		},
		"b": { "0": [0], "1": [0, 0] },
		"meta": {
			"lastBranch": 2,
			"lastFunction": 10,
			"lastStatement": 10,
			"seen": {
				"f:7:9:7:16": 0,
				"s:10:1:10:Infinity": 0,
				"f:13:9:13:23": 1,
				"s:16:1:16:Infinity": 1,
				"f:19:9:19:22": 2,
				"s:22:1:22:Infinity": 2,
				"f:25:9:25:21": 3,
				"s:28:1:28:Infinity": 3,
				"f:31:9:31:23": 4,
				"s:35:1:43:Infinity": 4,
				"f:47:9:47:23": 5,
				"b:50:19:50:Infinity": 0,
				"s:55:1:77:Infinity": 5,
				"b:67:5:67:Infinity:68:5:74:Infinity": 1,
				"f:81:9:81:22": 6,
				"s:82:1:87:Infinity": 6,
				"f:91:9:91:22": 7,
				"s:92:1:100:Infinity": 7,
				"f:104:9:104:21": 8,
				"s:108:1:113:Infinity": 8,
				"f:117:9:117:27": 9,
				"s:121:1:126:Infinity": 9
			}
		}
	},
	"/Users/tkstart/Desktop/development/remix/invoice-web/app/presentation/components/ui/dropdown-menu.tsx": {
		"path": "/Users/tkstart/Desktop/development/remix/invoice-web/app/presentation/components/ui/dropdown-menu.tsx",
		"statementMap": {
			"0": {
				"start": { "line": 10, "column": 1 },
				"end": { "line": 10, "column": null }
			},
			"1": {
				"start": { "line": 16, "column": 1 },
				"end": { "line": 17, "column": null }
			},
			"2": {
				"start": { "line": 24, "column": 1 },
				"end": { "line": 28, "column": null }
			},
			"3": {
				"start": { "line": 37, "column": 1 },
				"end": { "line": 48, "column": null }
			},
			"4": {
				"start": { "line": 55, "column": 1 },
				"end": { "line": 56, "column": null }
			},
			"5": {
				"start": { "line": 69, "column": 1 },
				"end": { "line": 79, "column": null }
			},
			"6": {
				"start": { "line": 89, "column": 1 },
				"end": { "line": 105, "column": null }
			},
			"7": {
				"start": { "line": 112, "column": 1 },
				"end": { "line": 116, "column": null }
			},
			"8": {
				"start": { "line": 125, "column": 1 },
				"end": { "line": 140, "column": null }
			},
			"9": {
				"start": { "line": 151, "column": 1 },
				"end": { "line": 160, "column": null }
			},
			"10": {
				"start": { "line": 168, "column": 1 },
				"end": { "line": 173, "column": null }
			},
			"11": {
				"start": { "line": 181, "column": 1 },
				"end": { "line": 189, "column": null }
			},
			"12": {
				"start": { "line": 196, "column": 1 },
				"end": { "line": 196, "column": null }
			},
			"13": {
				"start": { "line": 207, "column": 1 },
				"end": { "line": 219, "column": null }
			},
			"14": {
				"start": { "line": 227, "column": 1 },
				"end": { "line": 235, "column": null }
			}
		},
		"fnMap": {
			"0": {
				"name": "DropdownMenu",
				"decl": {
					"start": { "line": 7, "column": 9 },
					"end": { "line": 7, "column": 22 }
				},
				"loc": {
					"start": { "line": 9, "column": 60 },
					"end": { "line": 11, "column": null }
				},
				"line": 9
			},
			"1": {
				"name": "DropdownMenuPortal",
				"decl": {
					"start": { "line": 13, "column": 9 },
					"end": { "line": 13, "column": 28 }
				},
				"loc": {
					"start": { "line": 15, "column": 62 },
					"end": { "line": 19, "column": null }
				},
				"line": 15
			},
			"2": {
				"name": "DropdownMenuTrigger",
				"decl": {
					"start": { "line": 21, "column": 9 },
					"end": { "line": 21, "column": 29 }
				},
				"loc": {
					"start": { "line": 23, "column": 63 },
					"end": { "line": 30, "column": null }
				},
				"line": 23
			},
			"3": {
				"name": "DropdownMenuContent",
				"decl": {
					"start": { "line": 32, "column": 9 },
					"end": { "line": 32, "column": 29 }
				},
				"loc": {
					"start": { "line": 36, "column": 63 },
					"end": { "line": 50, "column": null }
				},
				"line": 36
			},
			"4": {
				"name": "DropdownMenuGroup",
				"decl": {
					"start": { "line": 52, "column": 9 },
					"end": { "line": 52, "column": 27 }
				},
				"loc": {
					"start": { "line": 54, "column": 61 },
					"end": { "line": 58, "column": null }
				},
				"line": 54
			},
			"5": {
				"name": "DropdownMenuItem",
				"decl": {
					"start": { "line": 60, "column": 9 },
					"end": { "line": 60, "column": 26 }
				},
				"loc": {
					"start": { "line": 68, "column": 3 },
					"end": { "line": 81, "column": null }
				},
				"line": 68
			},
			"6": {
				"name": "DropdownMenuCheckboxItem",
				"decl": {
					"start": { "line": 83, "column": 9 },
					"end": { "line": 83, "column": 34 }
				},
				"loc": {
					"start": { "line": 88, "column": 68 },
					"end": { "line": 107, "column": null }
				},
				"line": 88
			},
			"7": {
				"name": "DropdownMenuRadioGroup",
				"decl": {
					"start": { "line": 109, "column": 9 },
					"end": { "line": 109, "column": 32 }
				},
				"loc": {
					"start": { "line": 111, "column": 66 },
					"end": { "line": 118, "column": null }
				},
				"line": 111
			},
			"8": {
				"name": "DropdownMenuRadioItem",
				"decl": {
					"start": { "line": 120, "column": 9 },
					"end": { "line": 120, "column": 31 }
				},
				"loc": {
					"start": { "line": 124, "column": 65 },
					"end": { "line": 142, "column": null }
				},
				"line": 124
			},
			"9": {
				"name": "DropdownMenuLabel",
				"decl": {
					"start": { "line": 144, "column": 9 },
					"end": { "line": 144, "column": 27 }
				},
				"loc": {
					"start": { "line": 150, "column": 3 },
					"end": { "line": 162, "column": null }
				},
				"line": 150
			},
			"10": {
				"name": "DropdownMenuSeparator",
				"decl": {
					"start": { "line": 164, "column": 9 },
					"end": { "line": 164, "column": 31 }
				},
				"loc": {
					"start": { "line": 167, "column": 65 },
					"end": { "line": 175, "column": null }
				},
				"line": 167
			},
			"11": {
				"name": "DropdownMenuShortcut",
				"decl": {
					"start": { "line": 177, "column": 9 },
					"end": { "line": 177, "column": 30 }
				},
				"loc": {
					"start": { "line": 180, "column": 33 },
					"end": { "line": 191, "column": null }
				},
				"line": 180
			},
			"12": {
				"name": "DropdownMenuSub",
				"decl": {
					"start": { "line": 193, "column": 9 },
					"end": { "line": 193, "column": 25 }
				},
				"loc": {
					"start": { "line": 195, "column": 59 },
					"end": { "line": 197, "column": null }
				},
				"line": 195
			},
			"13": {
				"name": "DropdownMenuSubTrigger",
				"decl": {
					"start": { "line": 199, "column": 9 },
					"end": { "line": 199, "column": 32 }
				},
				"loc": {
					"start": { "line": 206, "column": 3 },
					"end": { "line": 221, "column": null }
				},
				"line": 206
			},
			"14": {
				"name": "DropdownMenuSubContent",
				"decl": {
					"start": { "line": 223, "column": 9 },
					"end": { "line": 223, "column": 32 }
				},
				"loc": {
					"start": { "line": 226, "column": 66 },
					"end": { "line": 237, "column": null }
				},
				"line": 226
			}
		},
		"branchMap": {
			"0": {
				"loc": {
					"start": { "line": 34, "column": 1 },
					"end": { "line": 34, "column": null }
				},
				"type": "default-arg",
				"locations": [
					{
						"start": { "line": 34, "column": 14 },
						"end": { "line": 34, "column": null }
					}
				],
				"line": 34
			},
			"1": {
				"loc": {
					"start": { "line": 63, "column": 1 },
					"end": { "line": 63, "column": null }
				},
				"type": "default-arg",
				"locations": [
					{
						"start": { "line": 63, "column": 11 },
						"end": { "line": 63, "column": null }
					}
				],
				"line": 63
			}
		},
		"s": {
			"0": 0,
			"1": 0,
			"2": 0,
			"3": 0,
			"4": 0,
			"5": 0,
			"6": 0,
			"7": 0,
			"8": 0,
			"9": 0,
			"10": 0,
			"11": 0,
			"12": 0,
			"13": 0,
			"14": 0
		},
		"f": {
			"0": 0,
			"1": 0,
			"2": 0,
			"3": 0,
			"4": 0,
			"5": 0,
			"6": 0,
			"7": 0,
			"8": 0,
			"9": 0,
			"10": 0,
			"11": 0,
			"12": 0,
			"13": 0,
			"14": 0
		},
		"b": { "0": [0], "1": [0] },
		"meta": {
			"lastBranch": 2,
			"lastFunction": 15,
			"lastStatement": 15,
			"seen": {
				"f:7:9:7:22": 0,
				"s:10:1:10:Infinity": 0,
				"f:13:9:13:28": 1,
				"s:16:1:17:Infinity": 1,
				"f:21:9:21:29": 2,
				"s:24:1:28:Infinity": 2,
				"f:32:9:32:29": 3,
				"b:34:14:34:Infinity": 0,
				"s:37:1:48:Infinity": 3,
				"f:52:9:52:27": 4,
				"s:55:1:56:Infinity": 4,
				"f:60:9:60:26": 5,
				"b:63:11:63:Infinity": 1,
				"s:69:1:79:Infinity": 5,
				"f:83:9:83:34": 6,
				"s:89:1:105:Infinity": 6,
				"f:109:9:109:32": 7,
				"s:112:1:116:Infinity": 7,
				"f:120:9:120:31": 8,
				"s:125:1:140:Infinity": 8,
				"f:144:9:144:27": 9,
				"s:151:1:160:Infinity": 9,
				"f:164:9:164:31": 10,
				"s:168:1:173:Infinity": 10,
				"f:177:9:177:30": 11,
				"s:181:1:189:Infinity": 11,
				"f:193:9:193:25": 12,
				"s:196:1:196:Infinity": 12,
				"f:199:9:199:32": 13,
				"s:207:1:219:Infinity": 13,
				"f:223:9:223:32": 14,
				"s:227:1:235:Infinity": 14
			}
		}
	},
	"/Users/tkstart/Desktop/development/remix/invoice-web/app/presentation/components/ui/input.tsx": {
		"path": "/Users/tkstart/Desktop/development/remix/invoice-web/app/presentation/components/ui/input.tsx",
		"statementMap": {
			"0": {
				"start": { "line": 6, "column": 1 },
				"end": { "line": 17, "column": null }
			}
		},
		"fnMap": {
			"0": {
				"name": "Input",
				"decl": {
					"start": { "line": 5, "column": 9 },
					"end": { "line": 5, "column": 15 }
				},
				"loc": {
					"start": { "line": 5, "column": 77 },
					"end": { "line": 19, "column": null }
				},
				"line": 5
			}
		},
		"branchMap": {},
		"s": { "0": 0 },
		"f": { "0": 0 },
		"b": {},
		"meta": {
			"lastBranch": 0,
			"lastFunction": 1,
			"lastStatement": 1,
			"seen": { "f:5:9:5:15": 0, "s:6:1:17:Infinity": 0 }
		}
	},
	"/Users/tkstart/Desktop/development/remix/invoice-web/app/presentation/components/ui/label.tsx": {
		"path": "/Users/tkstart/Desktop/development/remix/invoice-web/app/presentation/components/ui/label.tsx",
		"statementMap": {
			"0": {
				"start": { "line": 10, "column": 1 },
				"end": { "line": 18, "column": null }
			}
		},
		"fnMap": {
			"0": {
				"name": "Label",
				"decl": {
					"start": { "line": 6, "column": 9 },
					"end": { "line": 6, "column": 15 }
				},
				"loc": {
					"start": { "line": 9, "column": 53 },
					"end": { "line": 20, "column": null }
				},
				"line": 9
			}
		},
		"branchMap": {},
		"s": { "0": 0 },
		"f": { "0": 0 },
		"b": {},
		"meta": {
			"lastBranch": 0,
			"lastFunction": 1,
			"lastStatement": 1,
			"seen": { "f:6:9:6:15": 0, "s:10:1:18:Infinity": 0 }
		}
	},
	"/Users/tkstart/Desktop/development/remix/invoice-web/app/presentation/components/ui/radio-group.tsx": {
		"path": "/Users/tkstart/Desktop/development/remix/invoice-web/app/presentation/components/ui/radio-group.tsx",
		"statementMap": {
			"0": {
				"start": { "line": 11, "column": 1 },
				"end": { "line": 16, "column": null }
			},
			"1": {
				"start": { "line": 24, "column": 1 },
				"end": { "line": 39, "column": null }
			}
		},
		"fnMap": {
			"0": {
				"name": "RadioGroup",
				"decl": {
					"start": { "line": 7, "column": 9 },
					"end": { "line": 7, "column": 20 }
				},
				"loc": {
					"start": { "line": 10, "column": 58 },
					"end": { "line": 18, "column": null }
				},
				"line": 10
			},
			"1": {
				"name": "RadioGroupItem",
				"decl": {
					"start": { "line": 20, "column": 9 },
					"end": { "line": 20, "column": 24 }
				},
				"loc": {
					"start": { "line": 23, "column": 58 },
					"end": { "line": 41, "column": null }
				},
				"line": 23
			}
		},
		"branchMap": {},
		"s": { "0": 0, "1": 0 },
		"f": { "0": 0, "1": 0 },
		"b": {},
		"meta": {
			"lastBranch": 0,
			"lastFunction": 2,
			"lastStatement": 2,
			"seen": {
				"f:7:9:7:20": 0,
				"s:11:1:16:Infinity": 0,
				"f:20:9:20:24": 1,
				"s:24:1:39:Infinity": 1
			}
		}
	},
	"/Users/tkstart/Desktop/development/remix/invoice-web/app/presentation/components/ui/scroll-area.tsx": {
		"path": "/Users/tkstart/Desktop/development/remix/invoice-web/app/presentation/components/ui/scroll-area.tsx",
		"statementMap": {
			"0": {
				"start": { "line": 11, "column": 1 },
				"end": { "line": 25, "column": null }
			},
			"1": {
				"start": { "line": 34, "column": 1 },
				"end": { "line": 52, "column": null }
			}
		},
		"fnMap": {
			"0": {
				"name": "ScrollArea",
				"decl": {
					"start": { "line": 6, "column": 9 },
					"end": { "line": 6, "column": 20 }
				},
				"loc": {
					"start": { "line": 10, "column": 58 },
					"end": { "line": 27, "column": null }
				},
				"line": 10
			},
			"1": {
				"name": "ScrollBar",
				"decl": {
					"start": { "line": 29, "column": 9 },
					"end": { "line": 29, "column": 19 }
				},
				"loc": {
					"start": { "line": 33, "column": 73 },
					"end": { "line": 54, "column": null }
				},
				"line": 33
			}
		},
		"branchMap": {
			"0": {
				"loc": {
					"start": { "line": 31, "column": 1 },
					"end": { "line": 31, "column": null }
				},
				"type": "default-arg",
				"locations": [
					{
						"start": { "line": 31, "column": 15 },
						"end": { "line": 31, "column": null }
					}
				],
				"line": 31
			},
			"1": {
				"loc": {
					"start": { "line": 40, "column": 4 },
					"end": { "line": 41, "column": null }
				},
				"type": "binary-expr",
				"locations": [
					{
						"start": { "line": 40, "column": 4 },
						"end": { "line": 40, "column": null }
					},
					{
						"start": { "line": 41, "column": 5 },
						"end": { "line": 41, "column": null }
					}
				],
				"line": 40
			},
			"2": {
				"loc": {
					"start": { "line": 42, "column": 4 },
					"end": { "line": 43, "column": null }
				},
				"type": "binary-expr",
				"locations": [
					{
						"start": { "line": 42, "column": 4 },
						"end": { "line": 42, "column": null }
					},
					{
						"start": { "line": 43, "column": 5 },
						"end": { "line": 43, "column": null }
					}
				],
				"line": 42
			}
		},
		"s": { "0": 0, "1": 0 },
		"f": { "0": 0, "1": 0 },
		"b": { "0": [0], "1": [0, 0], "2": [0, 0] },
		"meta": {
			"lastBranch": 3,
			"lastFunction": 2,
			"lastStatement": 2,
			"seen": {
				"f:6:9:6:20": 0,
				"s:11:1:25:Infinity": 0,
				"f:29:9:29:19": 1,
				"b:31:15:31:Infinity": 0,
				"s:34:1:52:Infinity": 1,
				"b:40:4:40:Infinity:41:5:41:Infinity": 1,
				"b:42:4:42:Infinity:43:5:43:Infinity": 2
			}
		}
	},
	"/Users/tkstart/Desktop/development/remix/invoice-web/app/presentation/components/ui/select.tsx": {
		"path": "/Users/tkstart/Desktop/development/remix/invoice-web/app/presentation/components/ui/select.tsx",
		"statementMap": {
			"0": {
				"start": { "line": 10, "column": 1 },
				"end": { "line": 10, "column": null }
			},
			"1": {
				"start": { "line": 16, "column": 1 },
				"end": { "line": 16, "column": null }
			},
			"2": {
				"start": { "line": 22, "column": 1 },
				"end": { "line": 22, "column": null }
			},
			"3": {
				"start": { "line": 33, "column": 1 },
				"end": { "line": 47, "column": null }
			},
			"4": {
				"start": { "line": 58, "column": 1 },
				"end": { "line": 84, "column": null }
			},
			"5": {
				"start": { "line": 92, "column": 1 },
				"end": { "line": 97, "column": null }
			},
			"6": {
				"start": { "line": 106, "column": 1 },
				"end": { "line": 124, "column": null }
			},
			"7": {
				"start": { "line": 132, "column": 1 },
				"end": { "line": 137, "column": null }
			},
			"8": {
				"start": { "line": 145, "column": 1 },
				"end": { "line": 155, "column": null }
			},
			"9": {
				"start": { "line": 163, "column": 1 },
				"end": { "line": 173, "column": null }
			}
		},
		"fnMap": {
			"0": {
				"name": "Select",
				"decl": {
					"start": { "line": 7, "column": 9 },
					"end": { "line": 7, "column": 16 }
				},
				"loc": {
					"start": { "line": 9, "column": 54 },
					"end": { "line": 11, "column": null }
				},
				"line": 9
			},
			"1": {
				"name": "SelectGroup",
				"decl": {
					"start": { "line": 13, "column": 9 },
					"end": { "line": 13, "column": 21 }
				},
				"loc": {
					"start": { "line": 15, "column": 55 },
					"end": { "line": 17, "column": null }
				},
				"line": 15
			},
			"2": {
				"name": "SelectValue",
				"decl": {
					"start": { "line": 19, "column": 9 },
					"end": { "line": 19, "column": 21 }
				},
				"loc": {
					"start": { "line": 21, "column": 55 },
					"end": { "line": 23, "column": null }
				},
				"line": 21
			},
			"3": {
				"name": "SelectTrigger",
				"decl": {
					"start": { "line": 25, "column": 9 },
					"end": { "line": 25, "column": 23 }
				},
				"loc": {
					"start": { "line": 32, "column": 3 },
					"end": { "line": 49, "column": null }
				},
				"line": 32
			},
			"4": {
				"name": "SelectContent",
				"decl": {
					"start": { "line": 51, "column": 9 },
					"end": { "line": 51, "column": 23 }
				},
				"loc": {
					"start": { "line": 57, "column": 57 },
					"end": { "line": 86, "column": null }
				},
				"line": 57
			},
			"5": {
				"name": "SelectLabel",
				"decl": {
					"start": { "line": 88, "column": 9 },
					"end": { "line": 88, "column": 21 }
				},
				"loc": {
					"start": { "line": 91, "column": 55 },
					"end": { "line": 99, "column": null }
				},
				"line": 91
			},
			"6": {
				"name": "SelectItem",
				"decl": {
					"start": { "line": 101, "column": 9 },
					"end": { "line": 101, "column": 20 }
				},
				"loc": {
					"start": { "line": 105, "column": 54 },
					"end": { "line": 126, "column": null }
				},
				"line": 105
			},
			"7": {
				"name": "SelectSeparator",
				"decl": {
					"start": { "line": 128, "column": 9 },
					"end": { "line": 128, "column": 25 }
				},
				"loc": {
					"start": { "line": 131, "column": 59 },
					"end": { "line": 139, "column": null }
				},
				"line": 131
			},
			"8": {
				"name": "SelectScrollUpButton",
				"decl": {
					"start": { "line": 141, "column": 9 },
					"end": { "line": 141, "column": 30 }
				},
				"loc": {
					"start": { "line": 144, "column": 64 },
					"end": { "line": 157, "column": null }
				},
				"line": 144
			},
			"9": {
				"name": "SelectScrollDownButton",
				"decl": {
					"start": { "line": 159, "column": 9 },
					"end": { "line": 159, "column": 32 }
				},
				"loc": {
					"start": { "line": 162, "column": 66 },
					"end": { "line": 175, "column": null }
				},
				"line": 162
			}
		},
		"branchMap": {
			"0": {
				"loc": {
					"start": { "line": 27, "column": 1 },
					"end": { "line": 27, "column": null }
				},
				"type": "default-arg",
				"locations": [
					{
						"start": { "line": 27, "column": 8 },
						"end": { "line": 27, "column": null }
					}
				],
				"line": 27
			},
			"1": {
				"loc": {
					"start": { "line": 54, "column": 1 },
					"end": { "line": 54, "column": null }
				},
				"type": "default-arg",
[...]
					"end": { "line": 20, "column": null }
				},
				"line": 7
			},
			"1": {
				"name": "(anonymous_1)",
				"decl": {
					"start": { "line": 36, "column": 32 },
					"end": { "line": 36, "column": null }
				},
				"loc": {
					"start": { "line": 41, "column": 63 },
					"end": { "line": 57, "column": null }
				},
				"line": 41
			}
		},
		"branchMap": {
			"0": {
				"loc": {
					"start": { "line": 12, "column": 2 },
					"end": { "line": 16, "column": null }
				},
				"type": "if",
				"locations": [
					{
						"start": { "line": 12, "column": 2 },
						"end": { "line": 16, "column": null }
					},
					{
						"start": { "line": 14, "column": 9 },
						"end": { "line": 16, "column": null }
					}
				],
				"line": 12
			},
			"1": {
				"loc": {
					"start": { "line": 45, "column": 1 },
					"end": { "line": 51, "column": null }
				},
				"type": "if",
				"locations": [
					{
						"start": { "line": 45, "column": 1 },
						"end": { "line": 51, "column": null }
					},
					{ "start": {}, "end": {} }
				],
				"line": 45
			}
		},
		"s": {
			"0": 0,
			"1": 0,
			"2": 0,
			"3": 0,
			"4": 0,
			"5": 0,
			"6": 0,
			"7": 0,
			"8": 0,
			"9": 0,
			"10": 0,
			"11": 0,
			"12": 0
		},
		"f": { "0": 0, "1": 0 },
		"b": { "0": [0, 0], "1": [0, 0] },
		"meta": {
			"lastBranch": 2,
			"lastFunction": 2,
			"lastStatement": 13,
			"seen": {
				"s:7:29:20:Infinity": 0,
				"f:7:29:7:30": 0,
				"s:8:39:8:Infinity": 1,
				"s:10:1:17:Infinity": 2,
				"b:12:2:16:Infinity:14:9:16:Infinity": 0,
				"s:12:2:16:Infinity": 3,
				"s:13:3:13:Infinity": 4,
				"s:15:3:15:Infinity": 5,
				"s:19:1:19:Infinity": 6,
				"s:36:32:57:Infinity": 7,
				"f:36:32:36:Infinity": 1,
				"s:42:14:42:Infinity": 8,
				"s:43:16:43:Infinity": 9,
				"b:45:1:51:Infinity:undefined:undefined:undefined:undefined": 1,
				"s:45:1:51:Infinity": 10,
				"s:46:2:50:Infinity": 11,
				"s:53:1:56:Infinity": 12
			}
		}
	},
	"/Users/tkstart/Desktop/development/remix/invoice-web/app/presentation/lib/format.ts": {
		"path": "/Users/tkstart/Desktop/development/remix/invoice-web/app/presentation/lib/format.ts",
		"statementMap": {
			"0": {
				"start": { "line": 10, "column": 50 },
				"end": { "line": 17, "column": null }
			},
			"1": {
				"start": { "line": 32, "column": 30 },
				"end": { "line": 44, "column": null }
			},
			"2": {
				"start": { "line": 37, "column": 24 },
				"end": { "line": 37, "column": null }
			},
			"3": {
				"start": { "line": 38, "column": 1 },
				"end": { "line": 43, "column": null }
			},
			"4": {
				"start": { "line": 57, "column": 26 },
				"end": { "line": 66, "column": null }
			},
			"5": {
				"start": { "line": 58, "column": 14 },
				"end": { "line": 58, "column": null }
			},
			"6": {
				"start": { "line": 59, "column": 7 },
				"end": { "line": 59, "column": null }
			},
			"7": {
				"start": { "line": 60, "column": 13 },
				"end": { "line": 60, "column": null }
			},
			"8": {
				"start": { "line": 62, "column": 1 },
				"end": { "line": 65, "column": null }
			}
		},
		"fnMap": {
			"0": {
				"name": "(anonymous_0)",
				"decl": {
					"start": { "line": 32, "column": 30 },
					"end": { "line": 32, "column": null }
				},
				"loc": {
					"start": { "line": 36, "column": 13 },
					"end": { "line": 44, "column": null }
				},
				"line": 36
			},
			"1": {
				"name": "(anonymous_1)",
				"decl": {
					"start": { "line": 57, "column": 26 },
					"end": { "line": 57, "column": 27 }
				},
				"loc": {
					"start": { "line": 57, "column": 76 },
					"end": { "line": 66, "column": null }
				},
				"line": 57
			}
		},
		"branchMap": {
			"0": {
				"loc": {
					"start": { "line": 34, "column": 1 },
					"end": { "line": 34, "column": null }
				},
				"type": "default-arg",
				"locations": [
					{
						"start": { "line": 34, "column": 12 },
						"end": { "line": 34, "column": null }
					}
				],
				"line": 34
			},
			"1": {
				"loc": {
					"start": { "line": 37, "column": 24 },
					"end": { "line": 37, "column": null }
				},
				"type": "binary-expr",
				"locations": [
					{
						"start": { "line": 37, "column": 24 },
						"end": { "line": 37, "column": 34 }
					},
					{
						"start": { "line": 37, "column": 34 },
						"end": { "line": 37, "column": 65 }
					},
					{
						"start": { "line": 37, "column": 65 },
						"end": { "line": 37, "column": null }
					}
				],
				"line": 37
			},
			"2": {
				"loc": {
					"start": { "line": 41, "column": 25 },
					"end": { "line": 41, "column": null }
				},
				"type": "cond-expr",
				"locations": [
					{
						"start": { "line": 41, "column": 46 },
						"end": { "line": 41, "column": 50 }
					},
					{
						"start": { "line": 41, "column": 50 },
						"end": { "line": 41, "column": null }
					}
				],
				"line": 41
			},
			"3": {
				"loc": {
					"start": { "line": 42, "column": 25 },
					"end": { "line": 42, "column": null }
				},
				"type": "cond-expr",
				"locations": [
					{
						"start": { "line": 42, "column": 46 },
						"end": { "line": 42, "column": 50 }
					},
					{
						"start": { "line": 42, "column": 50 },
						"end": { "line": 42, "column": null }
					}
				],
				"line": 42
			},
			"4": {
				"loc": {
					"start": { "line": 57, "column": 39 },
					"end": { "line": 57, "column": 76 }
				},
				"type": "default-arg",
				"locations": [
					{
						"start": { "line": 57, "column": 51 },
						"end": { "line": 57, "column": 76 }
					}
				],
				"line": 57
			}
		},
		"s": {
			"0": 5,
			"1": 5,
			"2": 190,
			"3": 190,
			"4": 5,
			"5": 153,
			"6": 153,
			"7": 153,
			"8": 153
		},
		"f": { "0": 190, "1": 153 },
		"b": {
			"0": [190],
			"1": [190, 186, 0],
			"2": [119, 71],
			"3": [119, 71],
			"4": [153]
		},
		"meta": {
			"lastBranch": 5,
			"lastFunction": 2,
			"lastStatement": 9,
			"seen": {
				"s:10:50:17:Infinity": 0,
				"s:32:30:44:Infinity": 1,
				"f:32:30:32:Infinity": 0,
				"b:34:12:34:Infinity": 0,
				"s:37:24:37:Infinity": 2,
				"b:37:24:37:34:37:34:37:65:37:65:37:Infinity": 1,
				"s:38:1:43:Infinity": 3,
				"b:41:46:41:50:41:50:41:Infinity": 2,
				"b:42:46:42:50:42:50:42:Infinity": 3,
				"s:57:26:66:Infinity": 4,
				"f:57:26:57:27": 1,
				"b:57:51:57:76": 4,
				"s:58:14:58:Infinity": 5,
				"s:59:7:59:Infinity": 6,
				"s:60:13:60:Infinity": 7,
				"s:62:1:65:Infinity": 8
			}
		}
	},
	"/Users/tkstart/Desktop/development/remix/invoice-web/app/presentation/lib/invoice-utils.ts": {
		"path": "/Users/tkstart/Desktop/development/remix/invoice-web/app/presentation/lib/invoice-utils.ts",
		"statementMap": {
			"0": {
				"start": { "line": 22, "column": 37 },
				"end": { "line": 31, "column": null }
			},
			"1": {
				"start": { "line": 23, "column": 57 },
				"end": { "line": 28, "column": null }
			},
			"2": {
				"start": { "line": 30, "column": 1 },
				"end": { "line": 30, "column": null }
			}
		},
		"fnMap": {
			"0": {
				"name": "(anonymous_0)",
				"decl": {
					"start": { "line": 22, "column": 37 },
					"end": { "line": 22, "column": 38 }
				},
				"loc": {
					"start": { "line": 22, "column": 78 },
					"end": { "line": 31, "column": null }
				},
				"line": 22
			}
		},
		"branchMap": {},
		"s": { "0": 4, "1": 155, "2": 155 },
		"f": { "0": 155 },
		"b": {},
		"meta": {
			"lastBranch": 0,
			"lastFunction": 1,
			"lastStatement": 3,
			"seen": {
				"s:22:37:31:Infinity": 0,
				"f:22:37:22:38": 0,
				"s:23:57:28:Infinity": 1,
				"s:30:1:30:Infinity": 2
			}
		}
	},
	"/Users/tkstart/Desktop/development/remix/invoice-web/app/presentation/lib/utils.ts": {
		"path": "/Users/tkstart/Desktop/development/remix/invoice-web/app/presentation/lib/utils.ts",
		"statementMap": {
			"0": {
				"start": { "line": 16, "column": 18 },
				"end": { "line": 18, "column": null }
			},
			"1": {
				"start": { "line": 17, "column": 1 },
				"end": { "line": 17, "column": null }
			}
		},
		"fnMap": {
			"0": {
				"name": "(anonymous_0)",
				"decl": {
					"start": { "line": 16, "column": 18 },
					"end": { "line": 16, "column": 22 }
				},
				"loc": {
					"start": { "line": 16, "column": 47 },
					"end": { "line": 18, "column": null }
				},
				"line": 16
			}
		},
		"branchMap": {},
		"s": { "0": 13, "1": 3940 },
		"f": { "0": 3940 },
		"b": {},
		"meta": {
			"lastBranch": 0,
			"lastFunction": 1,
			"lastStatement": 2,
			"seen": {
				"s:16:18:18:Infinity": 0,
				"f:16:18:16:22": 0,
				"s:17:1:17:Infinity": 1
			}
		}
	},
	"/Users/tkstart/Desktop/development/remix/invoice-web/app/presentation/routes/$.tsx": {
		"path": "/Users/tkstart/Desktop/development/remix/invoice-web/app/presentation/routes/$.tsx",
		"statementMap": {
			"0": {
				"start": { "line": 9, "column": 34 },
				"end": { "line": 17, "column": null }
			},
			"1": {
				"start": { "line": 10, "column": 1 },
				"end": { "line": 16, "column": null }
			},
			"2": {
				"start": { "line": 25, "column": 1 },
				"end": { "line": 28, "column": null }
			}
		},
		"fnMap": {
			"0": {
				"name": "(anonymous_0)",
				"decl": {
					"start": { "line": 9, "column": 34 },
					"end": { "line": 9, "column": 40 }
				},
				"loc": {
					"start": { "line": 9, "column": 40 },
					"end": { "line": 17, "column": null }
				},
				"line": 9
			},
			"1": {
				"name": "CatchAll",
				"decl": {
					"start": { "line": 24, "column": 24 },
					"end": { "line": 24, "column": 35 }
				},
				"loc": {
					"start": { "line": 24, "column": 35 },
					"end": { "line": 30, "column": null }
				},
				"line": 24
			}
		},
		"branchMap": {},
		"s": { "0": 1, "1": 0, "2": 4 },
		"f": { "0": 0, "1": 4 },
		"b": {},
		"meta": {
			"lastBranch": 0,
			"lastFunction": 2,
			"lastStatement": 3,
			"seen": {
				"s:9:34:17:Infinity": 0,
				"f:9:34:9:40": 0,
				"s:10:1:16:Infinity": 1,
				"f:24:24:24:35": 1,
				"s:25:1:28:Infinity": 2
			}
		}
	},
	"/Users/tkstart/Desktop/development/remix/invoice-web/app/presentation/routes/home/home.tsx": {
		"path": "/Users/tkstart/Desktop/development/remix/invoice-web/app/presentation/routes/home/home.tsx",
		"statementMap": {
			"0": {
				"start": { "line": 9, "column": 20 },
				"end": { "line": 18, "column": null }
			},
			"1": {
				"start": { "line": 10, "column": 1 },
				"end": { "line": 17, "column": null }
			},
			"2": {
				"start": { "line": 28, "column": 1 },
				"end": { "line": 47, "column": null }
			}
		},
		"fnMap": {
			"0": {
				"name": "(anonymous_0)",
				"decl": {
					"start": { "line": 9, "column": 20 },
					"end": { "line": 9, "column": 21 }
				},
				"loc": {
					"start": { "line": 9, "column": 43 },
					"end": { "line": 18, "column": null }
				},
				"line": 9
			},
			"1": {
				"name": "Home",
				"decl": {
					"start": { "line": 27, "column": 24 },
					"end": { "line": 27, "column": 31 }
				},
				"loc": {
					"start": { "line": 27, "column": 31 },
					"end": { "line": 49, "column": null }
				},
				"line": 27
			}
		},
		"branchMap": {},
		"s": { "0": 1, "1": 0, "2": 3 },
		"f": { "0": 0, "1": 3 },
		"b": {},
		"meta": {
			"lastBranch": 0,
			"lastFunction": 2,
			"lastStatement": 3,
			"seen": {
				"s:9:20:18:Infinity": 0,
				"f:9:20:9:21": 0,
				"s:10:1:17:Infinity": 1,
				"f:27:24:27:31": 1,
				"s:28:1:47:Infinity": 2
			}
		}
	},
	"/Users/tkstart/Desktop/development/remix/invoice-web/app/presentation/routes/invoices/$invoiceId.tsx": {
		"path": "/Users/tkstart/Desktop/development/remix/invoice-web/app/presentation/routes/invoices/$invoiceId.tsx",
		"statementMap": {
			"0": {
				"start": { "line": 28, "column": 34 },
				"end": { "line": 36, "column": null }
			},
			"1": {
				"start": { "line": 29, "column": 1 },
				"end": { "line": 35, "column": null }
			},
			"2": {
				"start": { "line": 49, "column": 19 },
				"end": { "line": 49, "column": null }
			},
			"3": {
				"start": { "line": 50, "column": 19 },
				"end": { "line": 50, "column": null }
			},
			"4": {
				"start": { "line": 52, "column": 17 },
				"end": { "line": 52, "column": null }
			},
			"5": {
				"start": { "line": 53, "column": 21 },
				"end": { "line": 53, "column": null }
			},
			"6": {
				"start": { "line": 55, "column": 1 },
				"end": { "line": 108, "column": null }
			}
		},
		"fnMap": {
			"0": {
				"name": "(anonymous_0)",
				"decl": {
					"start": { "line": 28, "column": 34 },
					"end": { "line": 28, "column": 40 }
				},
				"loc": {
					"start": { "line": 28, "column": 40 },
					"end": { "line": 36, "column": null }
				},
				"line": 28
			},
			"1": {
				"name": "InvoiceDetail",
				"decl": {
					"start": { "line": 48, "column": 24 },
					"end": { "line": 48, "column": 40 }
				},
				"loc": {
					"start": { "line": 48, "column": 40 },
					"end": { "line": 110, "column": null }
				},
				"line": 48
			}
		},
		"branchMap": {
			"0": {
				"loc": {
					"start": { "line": 50, "column": 19 },
					"end": { "line": 50, "column": null }
				},
				"type": "binary-expr",
				"locations": [
					{
						"start": { "line": 50, "column": 19 },
						"end": { "line": 50, "column": 32 }
					},
					{
						"start": { "line": 50, "column": 32 },
						"end": { "line": 50, "column": null }
					}
				],
				"line": 50
			},
			"1": {
				"loc": {
					"start": { "line": 93, "column": 6 },
					"end": { "line": 104, "column": null }
				},
				"type": "binary-expr",
				"locations": [
					{
						"start": { "line": 93, "column": 6 },
						"end": { "line": 93, "column": null }
					},
					{
						"start": { "line": 94, "column": 6 },
						"end": { "line": 104, "column": null }
					}
				],
				"line": 93
			}
		},
		"s": { "0": 1, "1": 0, "2": 30, "3": 30, "4": 30, "5": 30, "6": 30 },
		"f": { "0": 0, "1": 30 },
		"b": { "0": [30, 30], "1": [30, 30] },
		"meta": {
			"lastBranch": 2,
			"lastFunction": 2,
			"lastStatement": 7,
			"seen": {
				"s:28:34:36:Infinity": 0,
				"f:28:34:28:40": 0,
				"s:29:1:35:Infinity": 1,
				"f:48:24:48:40": 1,
				"s:49:19:49:Infinity": 2,
				"s:50:19:50:Infinity": 3,
				"b:50:19:50:32:50:32:50:Infinity": 0,
				"s:52:17:52:Infinity": 4,
				"s:53:21:53:Infinity": 5,
				"s:55:1:108:Infinity": 6,
				"b:93:6:93:Infinity:94:6:104:Infinity": 1
			}
		}
	},
	"/Users/tkstart/Desktop/development/remix/invoice-web/app/presentation/routes/invoices/_data/dummy-invoice-detail.ts": {
		"path": "/Users/tkstart/Desktop/development/remix/invoice-web/app/presentation/routes/invoices/_data/dummy-invoice-detail.ts",
		"statementMap": {
			"0": {
				"start": { "line": 25, "column": 45 },
				"end": { "line": 32, "column": null }
			},
			"1": {
				"start": { "line": 45, "column": 49 },
				"end": { "line": 100, "column": null }
			},
			"2": {
				"start": { "line": 107, "column": 56 },
				"end": { "line": 125, "column": null }
			}
		},
		"fnMap": {},
		"branchMap": {},
		"s": { "0": 2, "1": 2, "2": 2 },
		"f": {},
		"b": {},
		"meta": {
			"lastBranch": 0,
			"lastFunction": 0,
			"lastStatement": 3,
			"seen": {
				"s:25:45:32:Infinity": 0,
				"s:45:49:100:Infinity": 1,
				"s:107:56:125:Infinity": 2
			}
		}
	},
	"/Users/tkstart/Desktop/development/remix/invoice-web/app/presentation/routes/invoices/_data/dummy-invoices.ts": {
		"path": "/Users/tkstart/Desktop/development/remix/invoice-web/app/presentation/routes/invoices/_data/dummy-invoices.ts",
		"statementMap": {
			"0": {
				"start": { "line": 12, "column": 40 },
				"end": { "line": 153, "column": null }
			}
		},
		"fnMap": {},
		"branchMap": {},
		"s": { "0": 2 },
		"f": {},
		"b": {},
		"meta": {
			"lastBranch": 0,
			"lastFunction": 0,
			"lastStatement": 1,
			"seen": { "s:12:40:153:Infinity": 0 }
		}
	},
	"/Users/tkstart/Desktop/development/remix/invoice-web/app/presentation/routes/layouts/app.layout.tsx": {
		"path": "/Users/tkstart/Desktop/development/remix/invoice-web/app/presentation/routes/layouts/app.layout.tsx",
		"statementMap": {
			"0": {
				"start": { "line": 12, "column": 1 },
				"end": { "line": 33, "column": null }
			}
		},
		"fnMap": {
			"0": {
				"name": "AppLayout",
				"decl": {
					"start": { "line": 11, "column": 24 },
					"end": { "line": 11, "column": 36 }
				},
				"loc": {
					"start": { "line": 11, "column": 36 },
					"end": { "line": 35, "column": null }
				},
				"line": 11
			}
		},
		"branchMap": {},
		"s": { "0": 0 },
		"f": { "0": 0 },
		"b": {},
		"meta": {
			"lastBranch": 0,
			"lastFunction": 1,
			"lastStatement": 1,
			"seen": { "f:11:24:11:36": 0, "s:12:1:33:Infinity": 0 }
		}
	},
	"/Users/tkstart/Desktop/development/remix/invoice-web/app/presentation/routes/resources/robots.ts": {
		"path": "/Users/tkstart/Desktop/development/remix/invoice-web/app/presentation/routes/resources/robots.ts",
		"statementMap": {
			"0": {
				"start": { "line": 5, "column": 17 },
				"end": { "line": 9, "column": null }
			},
			"1": {
				"start": { "line": 11, "column": 1 },
				"end": { "line": 17, "column": null }
			}
		},
		"fnMap": {
			"0": {
				"name": "loader",
				"decl": {
					"start": { "line": 3, "column": 22 },
					"end": { "line": 3, "column": 29 }
				},
				"loc": {
					"start": { "line": 3, "column": 60 },
					"end": { "line": 18, "column": null }
				},
				"line": 3
			}
		},
		"branchMap": {},
		"s": { "0": 0, "1": 0 },
		"f": { "0": 0 },
		"b": {},
		"meta": {
			"lastBranch": 0,
			"lastFunction": 1,
			"lastStatement": 2,
			"seen": {
				"f:3:22:3:29": 0,
				"s:5:17:9:Infinity": 0,
				"s:11:1:17:Infinity": 1
			}
		}
	},
	"/Users/tkstart/Desktop/development/remix/invoice-web/app/presentation/routes/resources/sitemap.ts": {
		"path": "/Users/tkstart/Desktop/development/remix/invoice-web/app/presentation/routes/resources/sitemap.ts",
		"statementMap": {
			"0": {
				"start": { "line": 4, "column": 16 },
				"end": { "line": 4, "column": null }
			},
			"1": {
				"start": { "line": 8, "column": 21 },
				"end": { "line": 8, "column": null }
			},
			"2": {
				"start": { "line": 21, "column": 32 },
				"end": { "line": 21, "column": null }
			},
			"3": {
				"start": { "line": 23, "column": 18 },
				"end": { "line": 23, "column": null }
			},
			"4": {
				"start": { "line": 26, "column": 21 },
				"end": { "line": 33, "column": null }
			},
			"5": {
				"start": { "line": 27, "column": 2 },
				"end": { "line": 31, "column": null }
			},
			"6": {
				"start": { "line": 35, "column": 17 },
				"end": { "line": 44, "column": null }
			},
			"7": {
				"start": { "line": 46, "column": 1 },
				"end": { "line": 52, "column": null }
			}
		},
		"fnMap": {
			"0": {
				"name": "loader",
				"decl": {
					"start": { "line": 3, "column": 22 },
					"end": { "line": 3, "column": 29 }
				},
				"loc": {
					"start": { "line": 3, "column": 60 },
					"end": { "line": 53, "column": null }
				},
				"line": 3
			},
			"1": {
				"name": "(anonymous_1)",
				"decl": {
					"start": { "line": 26, "column": 34 },
					"end": { "line": 26, "column": 35 }
				},
				"loc": {
					"start": { "line": 26, "column": 43 },
					"end": { "line": 33, "column": 2 }
				},
				"line": 26
			}
		},
		"branchMap": {
			"0": {
				"loc": {
					"start": { "line": 31, "column": 18 },
					"end": { "line": 31, "column": 45 }
				},
				"type": "cond-expr",
				"locations": [
					{
						"start": { "line": 31, "column": 32 },
						"end": { "line": 31, "column": 40 }
					},
					{
						"start": { "line": 31, "column": 40 },
						"end": { "line": 31, "column": 45 }
					}
				],
				"line": 31
			}
		},
		"s": { "0": 0, "1": 0, "2": 0, "3": 0, "4": 0, "5": 0, "6": 0, "7": 0 },
		"f": { "0": 0, "1": 0 },
		"b": { "0": [0, 0] },
		"meta": {
			"lastBranch": 1,
			"lastFunction": 2,
			"lastStatement": 8,
			"seen": {
				"f:3:22:3:29": 0,
				"s:4:16:4:Infinity": 0,
				"s:8:21:8:Infinity": 1,
				"s:21:32:21:Infinity": 2,
				"s:23:18:23:Infinity": 3,
				"s:26:21:33:Infinity": 4,
				"f:26:34:26:35": 1,
				"s:27:2:31:Infinity": 5,
				"b:31:32:31:40:31:40:31:45": 0,
				"s:35:17:44:Infinity": 6,
				"s:46:1:52:Infinity": 7
			}
		}
	}
}
